> Task :compileJava
> Task :processResources UP-TO-DATE
> Task :classes
> Task :resolveMainClassName

> Task :bootRun

  .   ____          _            __ _ _
 /\\ / ___'_ __ _ _(_)_ __  __ _ \ \ \ \
( ( )\___ | '_ | '_| | '_ \/ _` | \ \ \ \
 \\/  ___)| |_)| | | | | || (_| |  ) ) ) )
  '  |____| .__|_| |_|_| |_\__, | / / / /
 =========|_|==============|___/=/_/_/_/

 :: Spring Boot ::                (v3.5.6)

2025-10-25T16:45:02.609-03:00  INFO 31271 --- [mvt-events] [  restartedMain] c.mvt.mvt_events.MvtEventsApplication    : Starting MvtEventsApplication using Java 17.0.12 with PID 31271 (/Users/jose.barros.br/Documents/projects/mvt-events/build/classes/java/main started by jose.barros.br in /Users/jose.barros.br/Documents/projects/mvt-events)
2025-10-25T16:45:02.612-03:00  INFO 31271 --- [mvt-events] [  restartedMain] c.mvt.mvt_events.MvtEventsApplication    : No active profile set, falling back to 1 default profile: "default"
2025-10-25T16:45:02.664-03:00  INFO 31271 --- [mvt-events] [  restartedMain] .e.DevToolsPropertyDefaultsPostProcessor : Devtools property defaults active! Set 'spring.devtools.add-properties' to 'false' to disable
2025-10-25T16:45:02.665-03:00  INFO 31271 --- [mvt-events] [  restartedMain] .e.DevToolsPropertyDefaultsPostProcessor : For additional web related logging consider setting the 'logging.level.web' property to 'DEBUG'
2025-10-25T16:45:02.681-03:00  INFO 31271 --- [mvt-events] [  restartedMain] .s.b.d.c.l.DockerComposeLifecycleManager : Using Docker Compose file /Users/jose.barros.br/Documents/projects/mvt-events/compose.yaml
2025-10-25T16:45:03.922-03:00  INFO 31271 --- [mvt-events] [  restartedMain] .s.b.d.c.l.DockerComposeLifecycleManager : There are already Docker Compose services running, skipping startup
2025-10-25T16:45:05.399-03:00  INFO 31271 --- [mvt-events] [  restartedMain] .s.d.r.c.RepositoryConfigurationDelegate : Bootstrapping Spring Data JPA repositories in DEFAULT mode.
2025-10-25T16:45:05.524-03:00  INFO 31271 --- [mvt-events] [  restartedMain] .s.d.r.c.RepositoryConfigurationDelegate : Finished Spring Data repository scanning in 115 ms. Found 13 JPA repository interfaces.
2025-10-25T16:45:06.382-03:00  INFO 31271 --- [mvt-events] [  restartedMain] o.s.b.w.embedded.tomcat.TomcatWebServer  : Tomcat initialized with port 8080 (http)
2025-10-25T16:45:06.408-03:00  INFO 31271 --- [mvt-events] [  restartedMain] o.apache.catalina.core.StandardService   : Starting service [Tomcat]
2025-10-25T16:45:06.409-03:00  INFO 31271 --- [mvt-events] [  restartedMain] o.apache.catalina.core.StandardEngine    : Starting Servlet engine: [Apache Tomcat/10.1.46]
2025-10-25T16:45:06.478-03:00  INFO 31271 --- [mvt-events] [  restartedMain] o.a.c.c.C.[Tomcat].[localhost].[/]       : Initializing Spring embedded WebApplicationContext
2025-10-25T16:45:06.479-03:00  INFO 31271 --- [mvt-events] [  restartedMain] w.s.c.ServletWebServerApplicationContext : Root WebApplicationContext: initialization completed in 2543 ms
2025-10-25T16:45:07.011-03:00  INFO 31271 --- [mvt-events] [  restartedMain] org.flywaydb.core.FlywayExecutor         : Database: jdbc:postgresql://127.0.0.1:5435/mvt-events?ApplicationName=mvt-events (PostgreSQL 16.10)
2025-10-25T16:45:07.149-03:00  INFO 31271 --- [mvt-events] [  restartedMain] o.f.core.internal.command.DbValidate     : Successfully validated 45 migrations (execution time 00:00.091s)
2025-10-25T16:45:07.232-03:00  INFO 31271 --- [mvt-events] [  restartedMain] o.f.core.internal.command.DbMigrate      : Current version of schema "public": 45
2025-10-25T16:45:07.239-03:00  INFO 31271 --- [mvt-events] [  restartedMain] o.f.core.internal.command.DbMigrate      : Schema "public" is up to date. No migration necessary.
2025-10-25T16:45:07.356-03:00  INFO 31271 --- [mvt-events] [  restartedMain] o.hibernate.jpa.internal.util.LogHelper  : HHH000204: Processing PersistenceUnitInfo [name: default]
2025-10-25T16:45:07.415-03:00  INFO 31271 --- [mvt-events] [  restartedMain] org.hibernate.Version                    : HHH000412: Hibernate ORM core version 6.6.29.Final
2025-10-25T16:45:07.455-03:00  INFO 31271 --- [mvt-events] [  restartedMain] o.h.c.internal.RegionFactoryInitiator    : HHH000026: Second-level cache disabled
2025-10-25T16:45:07.751-03:00  INFO 31271 --- [mvt-events] [  restartedMain] o.s.o.j.p.SpringPersistenceUnitInfo      : No LoadTimeWeaver setup: ignoring JPA class transformer
2025-10-25T16:45:07.796-03:00  INFO 31271 --- [mvt-events] [  restartedMain] com.zaxxer.hikari.HikariDataSource       : HikariPool-1 - Starting...
2025-10-25T16:45:07.848-03:00  INFO 31271 --- [mvt-events] [  restartedMain] com.zaxxer.hikari.pool.HikariPool        : HikariPool-1 - Added connection org.postgresql.jdbc.PgConnection@5e4b278e
2025-10-25T16:45:07.850-03:00  INFO 31271 --- [mvt-events] [  restartedMain] com.zaxxer.hikari.HikariDataSource       : HikariPool-1 - Start completed.
2025-10-25T16:45:07.932-03:00  INFO 31271 --- [mvt-events] [  restartedMain] org.hibernate.orm.connections.pooling    : HHH10001005: Database info:
	Database JDBC URL [Connecting through datasource 'HikariDataSource (HikariPool-1)']
	Database driver: undefined/unknown
	Database version: 16.10
	Autocommit mode: undefined/unknown
	Isolation level: undefined/unknown
	Minimum pool size: undefined/unknown
	Maximum pool size: undefined/unknown
2025-10-25T16:45:09.508-03:00  INFO 31271 --- [mvt-events] [  restartedMain] o.h.e.t.j.p.i.JtaPlatformInitiator       : HHH000489: No JTA platform available (set 'hibernate.transaction.jta.platform' to enable JTA platform integration)
2025-10-25T16:45:09.588-03:00  INFO 31271 --- [mvt-events] [  restartedMain] j.LocalContainerEntityManagerFactoryBean : Initialized JPA EntityManagerFactory for persistence unit 'default'
2025-10-25T16:45:09.922-03:00  INFO 31271 --- [mvt-events] [  restartedMain] o.s.d.j.r.query.QueryEnhancerFactory     : Hibernate is in classpath; If applicable, HQL parser will be used.
2025-10-25T16:45:10.740-03:00 DEBUG 31271 --- [mvt-events] [  restartedMain] com.mvt.mvt_events.tenant.TenantFilter   : Filter 'tenantFilter' configured for use
2025-10-25T16:45:11.073-03:00  INFO 31271 --- [mvt-events] [  restartedMain] r$InitializeUserDetailsManagerConfigurer : Global AuthenticationManager configured with UserDetailsService bean with name customUserDetailsService
2025-10-25T16:45:14.385-03:00  INFO 31271 --- [mvt-events] [  restartedMain] o.s.b.a.e.web.EndpointLinksResolver      : Exposing 3 endpoints beneath base path '/actuator'
2025-10-25T16:45:15.282-03:00  INFO 31271 --- [mvt-events] [  restartedMain] o.s.b.d.a.OptionalLiveReloadServer       : LiveReload server is running on port 35729
2025-10-25T16:45:15.397-03:00  INFO 31271 --- [mvt-events] [  restartedMain] o.s.b.w.embedded.tomcat.TomcatWebServer  : Tomcat started on port 8080 (http) with context path '/'
2025-10-25T16:45:15.426-03:00  INFO 31271 --- [mvt-events] [  restartedMain] c.mvt.mvt_events.MvtEventsApplication    : Started MvtEventsApplication in 13.402 seconds (process running for 14.011)
2025-10-25T16:45:15.487-03:00  INFO 31271 --- [mvt-events] [  restartedMain] c.mvt.mvt_events.startup.CityDataLoader  : 🇧🇷 Iniciando verificação das cidades brasileiras...
2025-10-25T16:45:15.559-03:00 DEBUG 31271 --- [mvt-events] [  restartedMain] org.hibernate.SQL                        : 
    /* select
        count(*) 
    from
        City x */ select
            count(*) 
        from
            cities c1_0
Hibernate: 
    /* select
        count(*) 
    from
        City x */ select
            count(*) 
        from
            cities c1_0
2025-10-25T16:45:15.582-03:00  INFO 31271 --- [mvt-events] [  restartedMain] c.mvt.mvt_events.startup.CityDataLoader  : ✅ Cidades já carregadas no banco: 5570 registros (>= 5570). Não é necessário recarregar.
2025-10-25T16:45:33.429-03:00  INFO 31271 --- [mvt-events] [nio-8080-exec-1] o.a.c.c.C.[Tomcat].[localhost].[/]       : Initializing Spring DispatcherServlet 'dispatcherServlet'
2025-10-25T16:45:33.430-03:00  INFO 31271 --- [mvt-events] [nio-8080-exec-1] o.s.web.servlet.DispatcherServlet        : Initializing Servlet 'dispatcherServlet'
2025-10-25T16:45:33.433-03:00  INFO 31271 --- [mvt-events] [nio-8080-exec-1] o.s.web.servlet.DispatcherServlet        : Completed initialization in 3 ms
2025-10-25T16:45:33.671-03:00 DEBUG 31271 --- [mvt-events] [nio-8080-exec-1] org.hibernate.SQL                        : 
    /* <criteria> */ select
        u1_0.id,
        u1_0.address,
        u1_0.city_id,
        u1_0.country,
        u1_0.document_number,
        u1_0.created_at,
        u1_0.date_of_birth,
        u1_0.emergency_contact,
        u1_0.enabled,
        u1_0.gender,
        u1_0.latitude,
        u1_0.longitude,
        u1_0.name,
        o1_0.id,
        o1_0.city_id,
        o1_0.commission_percentage,
        o1_0.contact_email,
        o1_0.created_at,
        o1_0.description,
        o1_0.logo_url,
        o1_0.name,
        o1_0.phone,
        o1_0.slug,
        o1_0.status,
        o1_0.updated_at,
        o1_0.website,
        u1_0.password,
        u1_0.phone,
        u1_0.role,
        u1_0.state,
        u1_0.updated_at,
        u1_0.username 
    from
        users u1_0 
    left join
        organizations o1_0 
            on o1_0.id=u1_0.organization_id 
    where
        u1_0.username=?
Hibernate: 
    /* <criteria> */ select
        u1_0.id,
        u1_0.address,
        u1_0.city_id,
        u1_0.country,
        u1_0.document_number,
        u1_0.created_at,
        u1_0.date_of_birth,
        u1_0.emergency_contact,
        u1_0.enabled,
        u1_0.gender,
        u1_0.latitude,
        u1_0.longitude,
        u1_0.name,
        o1_0.id,
        o1_0.city_id,
        o1_0.commission_percentage,
        o1_0.contact_email,
        o1_0.created_at,
        o1_0.description,
        o1_0.logo_url,
        o1_0.name,
        o1_0.phone,
        o1_0.slug,
        o1_0.status,
        o1_0.updated_at,
        o1_0.website,
        u1_0.password,
        u1_0.phone,
        u1_0.role,
        u1_0.state,
        u1_0.updated_at,
        u1_0.username 
    from
        users u1_0 
    left join
        organizations o1_0 
            on o1_0.id=u1_0.organization_id 
    where
        u1_0.username=?
2025-10-25T16:45:33.676-03:00 TRACE 31271 --- [mvt-events] [nio-8080-exec-1] org.hibernate.orm.jdbc.bind              : binding parameter (1:VARCHAR) <- [admin@test.com]
2025-10-25T16:45:33.724-03:00  INFO 31271 --- [mvt-events] [nio-8080-exec-1] com.mvt.mvt_events.tenant.TenantFilter   : 🔍 TenantFilter - Request: GET /api/organizations/4
2025-10-25T16:45:33.724-03:00  INFO 31271 --- [mvt-events] [nio-8080-exec-1] com.mvt.mvt_events.tenant.TenantFilter   : 🔍 TenantFilter - Authentication: UsernamePasswordAuthenticationToken
2025-10-25T16:45:33.724-03:00  INFO 31271 --- [mvt-events] [nio-8080-exec-1] com.mvt.mvt_events.tenant.TenantFilter   : 🔍 TenantFilter - Principal type: com.mvt.mvt_events.jpa.User
2025-10-25T16:45:33.724-03:00  INFO 31271 --- [mvt-events] [nio-8080-exec-1] com.mvt.mvt_events.tenant.TenantFilter   : 🔍 TenantFilter - Principal instanceof User: true
2025-10-25T16:45:33.724-03:00  INFO 31271 --- [mvt-events] [nio-8080-exec-1] com.mvt.mvt_events.tenant.TenantFilter   : 🔍 TenantFilter - User: admin@test.com
2025-10-25T16:45:33.725-03:00  INFO 31271 --- [mvt-events] [nio-8080-exec-1] com.mvt.mvt_events.tenant.TenantFilter   : ✅ TenantFilter - Tenant ID set to: -809
2025-10-25T16:45:33.772-03:00 DEBUG 31271 --- [mvt-events] [nio-8080-exec-1] org.hibernate.SQL                        : 
    /* SELECT
        DISTINCT o 
    FROM
        Organization o 
    LEFT JOIN
        
    FETCH
        o.city 
    LEFT JOIN
        
    FETCH
        o.employmentContracts 
    LEFT JOIN
        
    FETCH
        o.serviceContracts 
    WHERE
        o.id = :id */ select
            distinct o1_0.id,
            c1_0.id,
            c1_0.created_at,
            c1_0.ibge_code,
            c1_0.name,
            c1_0.state,
            c1_0.state_code,
            c1_0.updated_at,
            o1_0.commission_percentage,
            o1_0.contact_email,
            o1_0.created_at,
            o1_0.description,
            ec1_0.organization_id,
            ec1_0.id,
            ec1_0.courier_id,
            ec1_0.created_at,
            ec1_0.is_active,
            ec1_0.linked_at,
            ec1_0.updated_at,
            o1_0.logo_url,
            o1_0.name,
            o1_0.phone,
            sc1_0.organization_id,
            sc1_0.id,
            sc1_0.client_id,
            sc1_0.contract_date,
            sc1_0.contract_number,
            sc1_0.created_at,
            sc1_0.end_date,
            sc1_0.is_primary,
            sc1_0.start_date,
            sc1_0.status,
            sc1_0.updated_at,
            o1_0.slug,
            o1_0.status,
            o1_0.updated_at,
            o1_0.website 
        from
            organizations o1_0 
        left join
            cities c1_0 
                on c1_0.id=o1_0.city_id 
        left join
            employment_contracts ec1_0 
                on o1_0.id=ec1_0.organization_id 
        left join
            contracts sc1_0 
                on o1_0.id=sc1_0.organization_id 
        where
            o1_0.id=?
Hibernate: 
    /* SELECT
        DISTINCT o 
    FROM
        Organization o 
    LEFT JOIN
        
    FETCH
        o.city 
    LEFT JOIN
        
    FETCH
        o.employmentContracts 
    LEFT JOIN
        
    FETCH
        o.serviceContracts 
    WHERE
        o.id = :id */ select
            distinct o1_0.id,
            c1_0.id,
            c1_0.created_at,
            c1_0.ibge_code,
            c1_0.name,
            c1_0.state,
            c1_0.state_code,
            c1_0.updated_at,
            o1_0.commission_percentage,
            o1_0.contact_email,
            o1_0.created_at,
            o1_0.description,
            ec1_0.organization_id,
            ec1_0.id,
            ec1_0.courier_id,
            ec1_0.created_at,
            ec1_0.is_active,
            ec1_0.linked_at,
            ec1_0.updated_at,
            o1_0.logo_url,
            o1_0.name,
            o1_0.phone,
            sc1_0.organization_id,
            sc1_0.id,
            sc1_0.client_id,
            sc1_0.contract_date,
            sc1_0.contract_number,
            sc1_0.created_at,
            sc1_0.end_date,
            sc1_0.is_primary,
            sc1_0.start_date,
            sc1_0.status,
            sc1_0.updated_at,
            o1_0.slug,
            o1_0.status,
            o1_0.updated_at,
            o1_0.website 
        from
            organizations o1_0 
        left join
            cities c1_0 
                on c1_0.id=o1_0.city_id 
        left join
            employment_contracts ec1_0 
                on o1_0.id=ec1_0.organization_id 
        left join
            contracts sc1_0 
                on o1_0.id=sc1_0.organization_id 
        where
            o1_0.id=?
2025-10-25T16:45:33.773-03:00 TRACE 31271 --- [mvt-events] [nio-8080-exec-1] org.hibernate.orm.jdbc.bind              : binding parameter (1:BIGINT) <- [4]
2025-10-25T16:45:33.796-03:00 DEBUG 31271 --- [mvt-events] [nio-8080-exec-1] org.hibernate.SQL                        : 
    select
        u1_0.id,
        u1_0.address,
        u1_0.city_id,
        u1_0.country,
        u1_0.document_number,
        u1_0.created_at,
        u1_0.date_of_birth,
        u1_0.emergency_contact,
        u1_0.enabled,
        u1_0.gender,
        u1_0.latitude,
        u1_0.longitude,
        u1_0.name,
        u1_0.organization_id,
        u1_0.password,
        u1_0.phone,
        u1_0.role,
        u1_0.state,
        u1_0.updated_at,
        u1_0.username 
    from
        users u1_0 
    where
        u1_0.id=?
Hibernate: 
    select
        u1_0.id,
        u1_0.address,
        u1_0.city_id,
        u1_0.country,
        u1_0.document_number,
        u1_0.created_at,
        u1_0.date_of_birth,
        u1_0.emergency_contact,
        u1_0.enabled,
        u1_0.gender,
        u1_0.latitude,
        u1_0.longitude,
        u1_0.name,
        u1_0.organization_id,
        u1_0.password,
        u1_0.phone,
        u1_0.role,
        u1_0.state,
        u1_0.updated_at,
        u1_0.username 
    from
        users u1_0 
    where
        u1_0.id=?
2025-10-25T16:45:33.797-03:00 TRACE 31271 --- [mvt-events] [nio-8080-exec-1] org.hibernate.orm.jdbc.bind              : binding parameter (1:UUID) <- [bb8c544b-0c5a-44e7-9a7d-0ee2b1337ff5]
2025-10-25T16:45:33.807-03:00 DEBUG 31271 --- [mvt-events] [nio-8080-exec-1] org.hibernate.SQL                        : 
    select
        ec1_0.organization_id,
        ec1_0.id,
        ec1_0.courier_id,
        ec1_0.created_at,
        ec1_0.is_active,
        ec1_0.linked_at,
        ec1_0.updated_at 
    from
        employment_contracts ec1_0 
    where
        ec1_0.organization_id=?
Hibernate: 
    select
        ec1_0.organization_id,
        ec1_0.id,
        ec1_0.courier_id,
        ec1_0.created_at,
        ec1_0.is_active,
        ec1_0.linked_at,
        ec1_0.updated_at 
    from
        employment_contracts ec1_0 
    where
        ec1_0.organization_id=?
2025-10-25T16:45:33.807-03:00 TRACE 31271 --- [mvt-events] [nio-8080-exec-1] org.hibernate.orm.jdbc.bind              : binding parameter (1:BIGINT) <- [4]
2025-10-25T16:45:33.811-03:00 DEBUG 31271 --- [mvt-events] [nio-8080-exec-1] org.hibernate.SQL                        : 
    select
        sc1_0.organization_id,
        sc1_0.id,
        sc1_0.client_id,
        sc1_0.contract_date,
        sc1_0.contract_number,
        sc1_0.created_at,
        sc1_0.end_date,
        sc1_0.is_primary,
        sc1_0.start_date,
        sc1_0.status,
        sc1_0.updated_at 
    from
        contracts sc1_0 
    where
        sc1_0.organization_id=?
Hibernate: 
    select
        sc1_0.organization_id,
        sc1_0.id,
        sc1_0.client_id,
        sc1_0.contract_date,
        sc1_0.contract_number,
        sc1_0.created_at,
        sc1_0.end_date,
        sc1_0.is_primary,
        sc1_0.start_date,
        sc1_0.status,
        sc1_0.updated_at 
    from
        contracts sc1_0 
    where
        sc1_0.organization_id=?
2025-10-25T16:45:33.812-03:00 TRACE 31271 --- [mvt-events] [nio-8080-exec-1] org.hibernate.orm.jdbc.bind              : binding parameter (1:BIGINT) <- [4]
2025-10-25T16:45:33.816-03:00 DEBUG 31271 --- [mvt-events] [nio-8080-exec-1] org.hibernate.SQL                        : 
    select
        u1_0.id,
        u1_0.address,
        u1_0.city_id,
        u1_0.country,
        u1_0.document_number,
        u1_0.created_at,
        u1_0.date_of_birth,
        u1_0.emergency_contact,
        u1_0.enabled,
        u1_0.gender,
        u1_0.latitude,
        u1_0.longitude,
        u1_0.name,
        u1_0.organization_id,
        u1_0.password,
        u1_0.phone,
        u1_0.role,
        u1_0.state,
        u1_0.updated_at,
        u1_0.username 
    from
        users u1_0 
    where
        u1_0.id=?
Hibernate: 
    select
        u1_0.id,
        u1_0.address,
        u1_0.city_id,
        u1_0.country,
        u1_0.document_number,
        u1_0.created_at,
        u1_0.date_of_birth,
        u1_0.emergency_contact,
        u1_0.enabled,
        u1_0.gender,
        u1_0.latitude,
        u1_0.longitude,
        u1_0.name,
        u1_0.organization_id,
        u1_0.password,
        u1_0.phone,
        u1_0.role,
        u1_0.state,
        u1_0.updated_at,
        u1_0.username 
    from
        users u1_0 
    where
        u1_0.id=?
2025-10-25T16:45:33.816-03:00 TRACE 31271 --- [mvt-events] [nio-8080-exec-1] org.hibernate.orm.jdbc.bind              : binding parameter (1:UUID) <- [45158434-073d-43df-b93a-11ac88353327]
2025-10-25T16:45:33.864-03:00  WARN 31271 --- [mvt-events] [nio-8080-exec-1] .m.m.a.ExceptionHandlerExceptionResolver : Resolved [jakarta.servlet.ServletException: Handler dispatch failed: java.lang.StackOverflowError]
2025-10-25T16:45:33.865-03:00  INFO 31271 --- [mvt-events] [nio-8080-exec-1] com.mvt.mvt_events.tenant.TenantFilter   : 🔚 TenantFilter - Request completed
