nohup: ignoring input
Starting a Gradle Daemon, 2 busy and 1 incompatible Daemons could not be reused, use --status for details
> Task :compileJava UP-TO-DATE
> Task :processResources
> Task :classes
> Task :resolveMainClassName

> Task :bootRun
Standard Commons Logging discovery in action with spring-jcl: please remove commons-logging.jar from classpath in order to avoid potential conflicts
Standard Commons Logging discovery in action with spring-jcl: please remove commons-logging.jar from classpath in order to avoid potential conflicts

  .   ____          _            __ _ _
 /\\ / ___'_ __ _ _(_)_ __  __ _ \ \ \ \
( ( )\___ | '_ | '_| | '_ \/ _` | \ \ \ \
 \\/  ___)| |_)| | | | | || (_| |  ) ) ) )
  '  |____| .__|_| |_|_| |_\__, | / / / /
 =========|_|==============|___/=/_/_/_/

 :: Spring Boot ::                (v3.5.6)

2025-11-05T21:17:40.249-03:00  INFO 82312 --- [mvt-events] [  restartedMain] c.mvt.mvt_events.MvtEventsApplication    : Starting MvtEventsApplication using Java 17.0.15 with PID 82312 (/home/fbarros/Documents/projects/mvt-events/build/classes/java/main started by fbarros in /home/fbarros/Documents/projects/mvt-events)
2025-11-05T21:17:40.261-03:00  INFO 82312 --- [mvt-events] [  restartedMain] c.mvt.mvt_events.MvtEventsApplication    : No active profile set, falling back to 1 default profile: "default"
2025-11-05T21:17:40.418-03:00  INFO 82312 --- [mvt-events] [  restartedMain] .e.DevToolsPropertyDefaultsPostProcessor : Devtools property defaults active! Set 'spring.devtools.add-properties' to 'false' to disable
2025-11-05T21:17:40.418-03:00  INFO 82312 --- [mvt-events] [  restartedMain] .e.DevToolsPropertyDefaultsPostProcessor : For additional web related logging consider setting the 'logging.level.web' property to 'DEBUG'
2025-11-05T21:17:40.457-03:00  INFO 82312 --- [mvt-events] [  restartedMain] .s.b.d.c.l.DockerComposeLifecycleManager : Using Docker Compose file /home/fbarros/Documents/projects/mvt-events/compose.yaml
2025-11-05T21:17:41.232-03:00  INFO 82312 --- [mvt-events] [  restartedMain] .s.b.d.c.l.DockerComposeLifecycleManager : There are already Docker Compose services running, skipping startup
2025-11-05T21:17:43.715-03:00  INFO 82312 --- [mvt-events] [  restartedMain] .s.d.r.c.RepositoryConfigurationDelegate : Bootstrapping Spring Data JPA repositories in DEFAULT mode.
2025-11-05T21:17:43.756-03:00  INFO 82312 --- [mvt-events] [  restartedMain] .s.d.r.c.RepositoryConfigurationDelegate : Finished Spring Data repository scanning in 37 ms. Found 14 JPA repository interfaces.
2025-11-05T21:17:44.439-03:00  INFO 82312 --- [mvt-events] [  restartedMain] o.s.b.w.embedded.tomcat.TomcatWebServer  : Tomcat initialized with port 8080 (http)
2025-11-05T21:17:44.446-03:00  INFO 82312 --- [mvt-events] [  restartedMain] o.apache.catalina.core.StandardService   : Starting service [Tomcat]
2025-11-05T21:17:44.447-03:00  INFO 82312 --- [mvt-events] [  restartedMain] o.apache.catalina.core.StandardEngine    : Starting Servlet engine: [Apache Tomcat/10.1.46]
2025-11-05T21:17:44.473-03:00  INFO 82312 --- [mvt-events] [  restartedMain] o.a.c.c.C.[Tomcat].[localhost].[/]       : Initializing Spring embedded WebApplicationContext
2025-11-05T21:17:44.473-03:00  INFO 82312 --- [mvt-events] [  restartedMain] w.s.c.ServletWebServerApplicationContext : Root WebApplicationContext: initialization completed in 3220 ms
Standard Commons Logging discovery in action with spring-jcl: please remove commons-logging.jar from classpath in order to avoid potential conflicts
2025-11-05T21:17:44.678-03:00  INFO 82312 --- [mvt-events] [  restartedMain] org.flywaydb.core.FlywayExecutor         : Database: jdbc:postgresql://127.0.0.1:5435/mvt-events?ApplicationName=mvt-events (PostgreSQL 16.10)
2025-11-05T21:17:44.809-03:00  INFO 82312 --- [mvt-events] [  restartedMain] o.f.core.internal.command.DbValidate     : Successfully validated 54 migrations (execution time 00:00.112s)
2025-11-05T21:17:44.873-03:00  INFO 82312 --- [mvt-events] [  restartedMain] o.f.core.internal.command.DbMigrate      : Current version of schema "public": 55
2025-11-05T21:17:44.878-03:00  INFO 82312 --- [mvt-events] [  restartedMain] o.f.core.internal.command.DbMigrate      : Schema "public" is up to date. No migration necessary.
2025-11-05T21:17:45.006-03:00  INFO 82312 --- [mvt-events] [  restartedMain] o.hibernate.jpa.internal.util.LogHelper  : HHH000204: Processing PersistenceUnitInfo [name: default]
2025-11-05T21:17:45.068-03:00  INFO 82312 --- [mvt-events] [  restartedMain] org.hibernate.Version                    : HHH000412: Hibernate ORM core version 6.6.29.Final
2025-11-05T21:17:45.088-03:00  INFO 82312 --- [mvt-events] [  restartedMain] o.h.c.internal.RegionFactoryInitiator    : HHH000026: Second-level cache disabled
2025-11-05T21:17:45.187-03:00  INFO 82312 --- [mvt-events] [  restartedMain] o.s.o.j.p.SpringPersistenceUnitInfo      : No LoadTimeWeaver setup: ignoring JPA class transformer
2025-11-05T21:17:45.199-03:00  INFO 82312 --- [mvt-events] [  restartedMain] com.zaxxer.hikari.HikariDataSource       : HikariPool-1 - Starting...
2025-11-05T21:17:45.222-03:00  INFO 82312 --- [mvt-events] [  restartedMain] com.zaxxer.hikari.pool.HikariPool        : HikariPool-1 - Added connection org.postgresql.jdbc.PgConnection@1867ab2c
2025-11-05T21:17:45.223-03:00  INFO 82312 --- [mvt-events] [  restartedMain] com.zaxxer.hikari.HikariDataSource       : HikariPool-1 - Start completed.
2025-11-05T21:17:45.292-03:00  INFO 82312 --- [mvt-events] [  restartedMain] org.hibernate.orm.connections.pooling    : HHH10001005: Database info:
	Database JDBC URL [Connecting through datasource 'HikariDataSource (HikariPool-1)']
	Database driver: undefined/unknown
	Database version: 16.10
	Autocommit mode: undefined/unknown
	Isolation level: undefined/unknown
	Minimum pool size: undefined/unknown
	Maximum pool size: undefined/unknown
2025-11-05T21:17:46.658-03:00  INFO 82312 --- [mvt-events] [  restartedMain] o.h.e.t.j.p.i.JtaPlatformInitiator       : HHH000489: No JTA platform available (set 'hibernate.transaction.jta.platform' to enable JTA platform integration)
2025-11-05T21:17:46.755-03:00  INFO 82312 --- [mvt-events] [  restartedMain] j.LocalContainerEntityManagerFactoryBean : Initialized JPA EntityManagerFactory for persistence unit 'default'
2025-11-05T21:17:47.310-03:00  INFO 82312 --- [mvt-events] [  restartedMain] o.s.d.j.r.query.QueryEnhancerFactory     : Hibernate is in classpath; If applicable, HQL parser will be used.
2025-11-05T21:17:47.707-03:00 DEBUG 82312 --- [mvt-events] [  restartedMain] com.mvt.mvt_events.tenant.TenantFilter   : Filter 'tenantFilter' configured for use
2025-11-05T21:17:47.830-03:00  INFO 82312 --- [mvt-events] [  restartedMain] r$InitializeUserDetailsManagerConfigurer : Global AuthenticationManager configured with UserDetailsService bean with name customUserDetailsService
2025-11-05T21:17:48.997-03:00  INFO 82312 --- [mvt-events] [  restartedMain] c.mvt.mvt_events.config.WebPushConfig    : BouncyCastle provider registrado para Web Push
2025-11-05T21:17:49.070-03:00  INFO 82312 --- [mvt-events] [  restartedMain] c.mvt.mvt_events.config.WebPushConfig    : ✅ Web Push Service configurado com VAPID keys
2025-11-05T21:17:49.070-03:00  INFO 82312 --- [mvt-events] [  restartedMain] c.mvt.mvt_events.config.WebPushConfig    : 🔑 Public Key: BN8ym6-oByG6GoAEC939...
2025-11-05T21:17:49.070-03:00  INFO 82312 --- [mvt-events] [  restartedMain] c.mvt.mvt_events.config.WebPushConfig    : 📧 Subject: mailto:admin@mvt-events.com
2025-11-05T21:17:49.666-03:00  INFO 82312 --- [mvt-events] [  restartedMain] o.s.b.a.e.web.EndpointLinksResolver      : Exposing 3 endpoints beneath base path '/actuator'
2025-11-05T21:17:50.030-03:00  WARN 82312 --- [mvt-events] [  restartedMain] o.s.b.d.a.OptionalLiveReloadServer       : Unable to start LiveReload server
2025-11-05T21:17:50.126-03:00  WARN 82312 --- [mvt-events] [  restartedMain] ConfigServletWebServerApplicationContext : Exception encountered during context initialization - cancelling refresh attempt: org.springframework.context.ApplicationContextException: Failed to start bean 'webServerStartStop'
2025-11-05T21:17:50.137-03:00  INFO 82312 --- [mvt-events] [  restartedMain] j.LocalContainerEntityManagerFactoryBean : Closing JPA EntityManagerFactory for persistence unit 'default'
2025-11-05T21:17:50.142-03:00  INFO 82312 --- [mvt-events] [  restartedMain] com.zaxxer.hikari.HikariDataSource       : HikariPool-1 - Shutdown initiated...
2025-11-05T21:17:50.146-03:00  INFO 82312 --- [mvt-events] [  restartedMain] com.zaxxer.hikari.HikariDataSource       : HikariPool-1 - Shutdown completed.
2025-11-05T21:17:50.194-03:00  INFO 82312 --- [mvt-events] [  restartedMain] .s.b.a.l.ConditionEvaluationReportLogger : 

Error starting ApplicationContext. To display the condition evaluation report re-run your application with 'debug' enabled.
2025-11-05T21:17:50.224-03:00 ERROR 82312 --- [mvt-events] [  restartedMain] o.s.b.d.LoggingFailureAnalysisReporter   : 

***************************
APPLICATION FAILED TO START
***************************

Description:

Web server failed to start. Port 8080 was already in use.

Action:

Identify and stop the process that's listening on port 8080 or configure this application to listen on another port.


BUILD SUCCESSFUL in 16s
4 actionable tasks: 3 executed, 1 up-to-date
