> Task :compileJava
> Task :processResources UP-TO-DATE
> Task :classes
> Task :resolveMainClassName

> Task :bootRun

  .   ____          _            __ _ _
 /\\ / ___'_ __ _ _(_)_ __  __ _ \ \ \ \
( ( )\___ | '_ | '_| | '_ \/ _` | \ \ \ \
 \\/  ___)| |_)| | | | | || (_| |  ) ) ) )
  '  |____| .__|_| |_|_| |_\__, | / / / /
 =========|_|==============|___/=/_/_/_/

 :: Spring Boot ::                (v3.5.6)

2025-10-25T16:31:37.066-03:00  INFO 20369 --- [mvt-events] [  restartedMain] c.mvt.mvt_events.MvtEventsApplication    : Starting MvtEventsApplication using Java 17.0.12 with PID 20369 (/Users/jose.barros.br/Documents/projects/mvt-events/build/classes/java/main started by jose.barros.br in /Users/jose.barros.br/Documents/projects/mvt-events)
2025-10-25T16:31:37.070-03:00  INFO 20369 --- [mvt-events] [  restartedMain] c.mvt.mvt_events.MvtEventsApplication    : No active profile set, falling back to 1 default profile: "default"
2025-10-25T16:31:37.133-03:00  INFO 20369 --- [mvt-events] [  restartedMain] .e.DevToolsPropertyDefaultsPostProcessor : Devtools property defaults active! Set 'spring.devtools.add-properties' to 'false' to disable
2025-10-25T16:31:37.133-03:00  INFO 20369 --- [mvt-events] [  restartedMain] .e.DevToolsPropertyDefaultsPostProcessor : For additional web related logging consider setting the 'logging.level.web' property to 'DEBUG'
2025-10-25T16:31:37.158-03:00  INFO 20369 --- [mvt-events] [  restartedMain] .s.b.d.c.l.DockerComposeLifecycleManager : Using Docker Compose file /Users/jose.barros.br/Documents/projects/mvt-events/compose.yaml
2025-10-25T16:31:38.435-03:00  INFO 20369 --- [mvt-events] [  restartedMain] .s.b.d.c.l.DockerComposeLifecycleManager : There are already Docker Compose services running, skipping startup
2025-10-25T16:31:39.882-03:00  INFO 20369 --- [mvt-events] [  restartedMain] .s.d.r.c.RepositoryConfigurationDelegate : Bootstrapping Spring Data JPA repositories in DEFAULT mode.
2025-10-25T16:31:40.006-03:00  INFO 20369 --- [mvt-events] [  restartedMain] .s.d.r.c.RepositoryConfigurationDelegate : Finished Spring Data repository scanning in 114 ms. Found 13 JPA repository interfaces.
2025-10-25T16:31:40.856-03:00  INFO 20369 --- [mvt-events] [  restartedMain] o.s.b.w.embedded.tomcat.TomcatWebServer  : Tomcat initialized with port 8080 (http)
2025-10-25T16:31:40.872-03:00  INFO 20369 --- [mvt-events] [  restartedMain] o.apache.catalina.core.StandardService   : Starting service [Tomcat]
2025-10-25T16:31:40.872-03:00  INFO 20369 --- [mvt-events] [  restartedMain] o.apache.catalina.core.StandardEngine    : Starting Servlet engine: [Apache Tomcat/10.1.46]
2025-10-25T16:31:40.932-03:00  INFO 20369 --- [mvt-events] [  restartedMain] o.a.c.c.C.[Tomcat].[localhost].[/]       : Initializing Spring embedded WebApplicationContext
2025-10-25T16:31:40.933-03:00  INFO 20369 --- [mvt-events] [  restartedMain] w.s.c.ServletWebServerApplicationContext : Root WebApplicationContext: initialization completed in 2483 ms
2025-10-25T16:31:41.451-03:00  INFO 20369 --- [mvt-events] [  restartedMain] org.flywaydb.core.FlywayExecutor         : Database: jdbc:postgresql://127.0.0.1:5435/mvt-events?ApplicationName=mvt-events (PostgreSQL 16.10)
2025-10-25T16:31:41.597-03:00  INFO 20369 --- [mvt-events] [  restartedMain] o.f.core.internal.command.DbValidate     : Successfully validated 45 migrations (execution time 00:00.097s)
2025-10-25T16:31:41.688-03:00  INFO 20369 --- [mvt-events] [  restartedMain] o.f.core.internal.command.DbMigrate      : Current version of schema "public": 45
2025-10-25T16:31:41.694-03:00  INFO 20369 --- [mvt-events] [  restartedMain] o.f.core.internal.command.DbMigrate      : Schema "public" is up to date. No migration necessary.
2025-10-25T16:31:41.812-03:00  INFO 20369 --- [mvt-events] [  restartedMain] o.hibernate.jpa.internal.util.LogHelper  : HHH000204: Processing PersistenceUnitInfo [name: default]
2025-10-25T16:31:41.866-03:00  INFO 20369 --- [mvt-events] [  restartedMain] org.hibernate.Version                    : HHH000412: Hibernate ORM core version 6.6.29.Final
2025-10-25T16:31:41.902-03:00  INFO 20369 --- [mvt-events] [  restartedMain] o.h.c.internal.RegionFactoryInitiator    : HHH000026: Second-level cache disabled
2025-10-25T16:31:42.194-03:00  INFO 20369 --- [mvt-events] [  restartedMain] o.s.o.j.p.SpringPersistenceUnitInfo      : No LoadTimeWeaver setup: ignoring JPA class transformer
2025-10-25T16:31:42.239-03:00  INFO 20369 --- [mvt-events] [  restartedMain] com.zaxxer.hikari.HikariDataSource       : HikariPool-1 - Starting...
2025-10-25T16:31:42.291-03:00  INFO 20369 --- [mvt-events] [  restartedMain] com.zaxxer.hikari.pool.HikariPool        : HikariPool-1 - Added connection org.postgresql.jdbc.PgConnection@f25b254
2025-10-25T16:31:42.292-03:00  INFO 20369 --- [mvt-events] [  restartedMain] com.zaxxer.hikari.HikariDataSource       : HikariPool-1 - Start completed.
2025-10-25T16:31:42.373-03:00  INFO 20369 --- [mvt-events] [  restartedMain] org.hibernate.orm.connections.pooling    : HHH10001005: Database info:
	Database JDBC URL [Connecting through datasource 'HikariDataSource (HikariPool-1)']
	Database driver: undefined/unknown
	Database version: 16.10
	Autocommit mode: undefined/unknown
	Isolation level: undefined/unknown
	Minimum pool size: undefined/unknown
	Maximum pool size: undefined/unknown
2025-10-25T16:31:44.054-03:00  INFO 20369 --- [mvt-events] [  restartedMain] o.h.e.t.j.p.i.JtaPlatformInitiator       : HHH000489: No JTA platform available (set 'hibernate.transaction.jta.platform' to enable JTA platform integration)
2025-10-25T16:31:44.138-03:00  INFO 20369 --- [mvt-events] [  restartedMain] j.LocalContainerEntityManagerFactoryBean : Initialized JPA EntityManagerFactory for persistence unit 'default'
2025-10-25T16:31:44.467-03:00  INFO 20369 --- [mvt-events] [  restartedMain] o.s.d.j.r.query.QueryEnhancerFactory     : Hibernate is in classpath; If applicable, HQL parser will be used.
2025-10-25T16:31:45.317-03:00 DEBUG 20369 --- [mvt-events] [  restartedMain] com.mvt.mvt_events.tenant.TenantFilter   : Filter 'tenantFilter' configured for use
2025-10-25T16:31:45.642-03:00  INFO 20369 --- [mvt-events] [  restartedMain] r$InitializeUserDetailsManagerConfigurer : Global AuthenticationManager configured with UserDetailsService bean with name customUserDetailsService
2025-10-25T16:31:49.981-03:00  INFO 20369 --- [mvt-events] [  restartedMain] o.s.b.a.e.web.EndpointLinksResolver      : Exposing 3 endpoints beneath base path '/actuator'
2025-10-25T16:31:51.057-03:00  INFO 20369 --- [mvt-events] [  restartedMain] o.s.b.d.a.OptionalLiveReloadServer       : LiveReload server is running on port 35729
2025-10-25T16:31:51.154-03:00  INFO 20369 --- [mvt-events] [  restartedMain] o.s.b.w.embedded.tomcat.TomcatWebServer  : Tomcat started on port 8080 (http) with context path '/'
2025-10-25T16:31:51.183-03:00  INFO 20369 --- [mvt-events] [  restartedMain] c.mvt.mvt_events.MvtEventsApplication    : Started MvtEventsApplication in 14.873 seconds (process running for 15.494)
2025-10-25T16:31:51.266-03:00  INFO 20369 --- [mvt-events] [  restartedMain] c.mvt.mvt_events.startup.CityDataLoader  : 🇧🇷 Iniciando verificação das cidades brasileiras...
2025-10-25T16:31:51.351-03:00 DEBUG 20369 --- [mvt-events] [  restartedMain] org.hibernate.SQL                        : 
    /* select
        count(*) 
    from
        City x */ select
            count(*) 
        from
            cities c1_0
Hibernate: 
    /* select
        count(*) 
    from
        City x */ select
            count(*) 
        from
            cities c1_0
2025-10-25T16:31:51.384-03:00  INFO 20369 --- [mvt-events] [  restartedMain] c.mvt.mvt_events.startup.CityDataLoader  : ✅ Cidades já carregadas no banco: 5570 registros (>= 5570). Não é necessário recarregar.
2025-10-25T16:32:13.683-03:00  INFO 20369 --- [mvt-events] [nio-8080-exec-1] o.a.c.c.C.[Tomcat].[localhost].[/]       : Initializing Spring DispatcherServlet 'dispatcherServlet'
2025-10-25T16:32:13.684-03:00  INFO 20369 --- [mvt-events] [nio-8080-exec-1] o.s.web.servlet.DispatcherServlet        : Initializing Servlet 'dispatcherServlet'
2025-10-25T16:32:13.686-03:00  INFO 20369 --- [mvt-events] [nio-8080-exec-1] o.s.web.servlet.DispatcherServlet        : Completed initialization in 2 ms
2025-10-25T16:32:13.900-03:00 DEBUG 20369 --- [mvt-events] [nio-8080-exec-1] org.hibernate.SQL                        : 
    /* <criteria> */ select
        u1_0.id,
        u1_0.address,
        u1_0.city_id,
        u1_0.country,
        u1_0.document_number,
        u1_0.created_at,
        u1_0.date_of_birth,
        u1_0.emergency_contact,
        u1_0.enabled,
        u1_0.gender,
        u1_0.latitude,
        u1_0.longitude,
        u1_0.name,
        o1_0.id,
        o1_0.city_id,
        o1_0.commission_percentage,
        o1_0.contact_email,
        o1_0.created_at,
        o1_0.description,
        o1_0.logo_url,
        o1_0.name,
        o1_0.phone,
        o1_0.slug,
        o1_0.status,
        o1_0.updated_at,
        o1_0.website,
        u1_0.password,
        u1_0.phone,
        u1_0.role,
        u1_0.state,
        u1_0.updated_at,
        u1_0.username 
    from
        users u1_0 
    left join
        organizations o1_0 
            on o1_0.id=u1_0.organization_id 
    where
        u1_0.username=?
Hibernate: 
    /* <criteria> */ select
        u1_0.id,
        u1_0.address,
        u1_0.city_id,
        u1_0.country,
        u1_0.document_number,
        u1_0.created_at,
        u1_0.date_of_birth,
        u1_0.emergency_contact,
        u1_0.enabled,
        u1_0.gender,
        u1_0.latitude,
        u1_0.longitude,
        u1_0.name,
        o1_0.id,
        o1_0.city_id,
        o1_0.commission_percentage,
        o1_0.contact_email,
        o1_0.created_at,
        o1_0.description,
        o1_0.logo_url,
        o1_0.name,
        o1_0.phone,
        o1_0.slug,
        o1_0.status,
        o1_0.updated_at,
        o1_0.website,
        u1_0.password,
        u1_0.phone,
        u1_0.role,
        u1_0.state,
        u1_0.updated_at,
        u1_0.username 
    from
        users u1_0 
    left join
        organizations o1_0 
            on o1_0.id=u1_0.organization_id 
    where
        u1_0.username=?
2025-10-25T16:32:13.904-03:00 TRACE 20369 --- [mvt-events] [nio-8080-exec-1] org.hibernate.orm.jdbc.bind              : binding parameter (1:VARCHAR) <- [admin@test.com]
2025-10-25T16:32:13.951-03:00  INFO 20369 --- [mvt-events] [nio-8080-exec-1] com.mvt.mvt_events.tenant.TenantFilter   : 🔍 TenantFilter - Request: GET /api/organizations
2025-10-25T16:32:13.951-03:00  INFO 20369 --- [mvt-events] [nio-8080-exec-1] com.mvt.mvt_events.tenant.TenantFilter   : 🔍 TenantFilter - Authentication: UsernamePasswordAuthenticationToken
2025-10-25T16:32:13.951-03:00  INFO 20369 --- [mvt-events] [nio-8080-exec-1] com.mvt.mvt_events.tenant.TenantFilter   : 🔍 TenantFilter - Principal type: com.mvt.mvt_events.jpa.User
2025-10-25T16:32:13.951-03:00  INFO 20369 --- [mvt-events] [nio-8080-exec-1] com.mvt.mvt_events.tenant.TenantFilter   : 🔍 TenantFilter - Principal instanceof User: true
2025-10-25T16:32:13.951-03:00  INFO 20369 --- [mvt-events] [nio-8080-exec-1] com.mvt.mvt_events.tenant.TenantFilter   : 🔍 TenantFilter - User: admin@test.com
2025-10-25T16:32:13.952-03:00  INFO 20369 --- [mvt-events] [nio-8080-exec-1] com.mvt.mvt_events.tenant.TenantFilter   : ✅ TenantFilter - Tenant ID set to: -809
2025-10-25T16:32:13.994-03:00 DEBUG 20369 --- [mvt-events] [nio-8080-exec-1] org.hibernate.SQL                        : 
    /* <criteria> */ select
        o1_0.id,
        o1_0.city_id,
        o1_0.commission_percentage,
        o1_0.contact_email,
        o1_0.created_at,
        o1_0.description,
        o1_0.logo_url,
        o1_0.name,
        o1_0.phone,
        o1_0.slug,
        o1_0.status,
        o1_0.updated_at,
        o1_0.website 
    from
        organizations o1_0 
    offset
        ? rows 
    fetch
        first ? rows only
Hibernate: 
    /* <criteria> */ select
        o1_0.id,
        o1_0.city_id,
        o1_0.commission_percentage,
        o1_0.contact_email,
        o1_0.created_at,
        o1_0.description,
        o1_0.logo_url,
        o1_0.name,
        o1_0.phone,
        o1_0.slug,
        o1_0.status,
        o1_0.updated_at,
        o1_0.website 
    from
        organizations o1_0 
    offset
        ? rows 
    fetch
        first ? rows only
2025-10-25T16:32:13.994-03:00 TRACE 20369 --- [mvt-events] [nio-8080-exec-1] org.hibernate.orm.jdbc.bind              : binding parameter (1:INTEGER) <- [0]
2025-10-25T16:32:13.994-03:00 TRACE 20369 --- [mvt-events] [nio-8080-exec-1] org.hibernate.orm.jdbc.bind              : binding parameter (2:INTEGER) <- [10]
2025-10-25T16:32:14.009-03:00 DEBUG 20369 --- [mvt-events] [nio-8080-exec-1] org.hibernate.SQL                        : 
    select
        c1_0.id,
        c1_0.created_at,
        c1_0.ibge_code,
        c1_0.name,
        c1_0.state,
        c1_0.state_code,
        c1_0.updated_at 
    from
        cities c1_0 
    where
        c1_0.id=?
Hibernate: 
    select
        c1_0.id,
        c1_0.created_at,
        c1_0.ibge_code,
        c1_0.name,
        c1_0.state,
        c1_0.state_code,
        c1_0.updated_at 
    from
        cities c1_0 
    where
        c1_0.id=?
2025-10-25T16:32:14.009-03:00 TRACE 20369 --- [mvt-events] [nio-8080-exec-1] org.hibernate.orm.jdbc.bind              : binding parameter (1:BIGINT) <- [1068]
2025-10-25T16:32:14.017-03:00 DEBUG 20369 --- [mvt-events] [nio-8080-exec-1] org.hibernate.SQL                        : 
    select
        ec1_0.organization_id,
        ec1_0.id,
        ec1_0.courier_id,
        ec1_0.created_at,
        ec1_0.is_active,
        ec1_0.linked_at,
        ec1_0.updated_at 
    from
        employment_contracts ec1_0 
    where
        ec1_0.organization_id=?
Hibernate: 
    select
        ec1_0.organization_id,
        ec1_0.id,
        ec1_0.courier_id,
        ec1_0.created_at,
        ec1_0.is_active,
        ec1_0.linked_at,
        ec1_0.updated_at 
    from
        employment_contracts ec1_0 
    where
        ec1_0.organization_id=?
2025-10-25T16:32:14.017-03:00 TRACE 20369 --- [mvt-events] [nio-8080-exec-1] org.hibernate.orm.jdbc.bind              : binding parameter (1:BIGINT) <- [4]
2025-10-25T16:32:14.028-03:00 DEBUG 20369 --- [mvt-events] [nio-8080-exec-1] org.hibernate.SQL                        : 
    select
        u1_0.id,
        u1_0.address,
        u1_0.city_id,
        u1_0.country,
        u1_0.document_number,
        u1_0.created_at,
        u1_0.date_of_birth,
        u1_0.emergency_contact,
        u1_0.enabled,
        u1_0.gender,
        u1_0.latitude,
        u1_0.longitude,
        u1_0.name,
        u1_0.organization_id,
        u1_0.password,
        u1_0.phone,
        u1_0.role,
        u1_0.state,
        u1_0.updated_at,
        u1_0.username 
    from
        users u1_0 
    where
        u1_0.id=?
Hibernate: 
    select
        u1_0.id,
        u1_0.address,
        u1_0.city_id,
        u1_0.country,
        u1_0.document_number,
        u1_0.created_at,
        u1_0.date_of_birth,
        u1_0.emergency_contact,
        u1_0.enabled,
        u1_0.gender,
        u1_0.latitude,
        u1_0.longitude,
        u1_0.name,
        u1_0.organization_id,
        u1_0.password,
        u1_0.phone,
        u1_0.role,
        u1_0.state,
        u1_0.updated_at,
        u1_0.username 
    from
        users u1_0 
    where
        u1_0.id=?
2025-10-25T16:32:14.028-03:00 TRACE 20369 --- [mvt-events] [nio-8080-exec-1] org.hibernate.orm.jdbc.bind              : binding parameter (1:UUID) <- [bb8c544b-0c5a-44e7-9a7d-0ee2b1337ff5]
2025-10-25T16:32:14.033-03:00 DEBUG 20369 --- [mvt-events] [nio-8080-exec-1] org.hibernate.SQL                        : 
    select
        ec1_0.organization_id,
        ec1_0.id,
        ec1_0.courier_id,
        ec1_0.created_at,
        ec1_0.is_active,
        ec1_0.linked_at,
        ec1_0.updated_at 
    from
        employment_contracts ec1_0 
    where
        ec1_0.organization_id=?
Hibernate: 
    select
        ec1_0.organization_id,
        ec1_0.id,
        ec1_0.courier_id,
        ec1_0.created_at,
        ec1_0.is_active,
        ec1_0.linked_at,
        ec1_0.updated_at 
    from
        employment_contracts ec1_0 
    where
        ec1_0.organization_id=?
2025-10-25T16:32:14.033-03:00 TRACE 20369 --- [mvt-events] [nio-8080-exec-1] org.hibernate.orm.jdbc.bind              : binding parameter (1:BIGINT) <- [4]
2025-10-25T16:32:14.038-03:00 DEBUG 20369 --- [mvt-events] [nio-8080-exec-1] org.hibernate.SQL                        : 
    select
        sc1_0.organization_id,
        sc1_0.id,
        sc1_0.client_id,
        sc1_0.contract_date,
        sc1_0.contract_number,
        sc1_0.created_at,
        sc1_0.end_date,
        sc1_0.is_primary,
        sc1_0.start_date,
        sc1_0.status,
        sc1_0.updated_at 
    from
        contracts sc1_0 
    where
        sc1_0.organization_id=?
Hibernate: 
    select
        sc1_0.organization_id,
        sc1_0.id,
        sc1_0.client_id,
        sc1_0.contract_date,
        sc1_0.contract_number,
        sc1_0.created_at,
        sc1_0.end_date,
        sc1_0.is_primary,
        sc1_0.start_date,
        sc1_0.status,
        sc1_0.updated_at 
    from
        contracts sc1_0 
    where
        sc1_0.organization_id=?
2025-10-25T16:32:14.038-03:00 TRACE 20369 --- [mvt-events] [nio-8080-exec-1] org.hibernate.orm.jdbc.bind              : binding parameter (1:BIGINT) <- [4]
2025-10-25T16:32:14.044-03:00 DEBUG 20369 --- [mvt-events] [nio-8080-exec-1] org.hibernate.SQL                        : 
    select
        u1_0.id,
        u1_0.address,
        u1_0.city_id,
        u1_0.country,
        u1_0.document_number,
        u1_0.created_at,
        u1_0.date_of_birth,
        u1_0.emergency_contact,
        u1_0.enabled,
        u1_0.gender,
        u1_0.latitude,
        u1_0.longitude,
        u1_0.name,
        u1_0.organization_id,
        u1_0.password,
        u1_0.phone,
        u1_0.role,
        u1_0.state,
        u1_0.updated_at,
        u1_0.username 
    from
        users u1_0 
    where
        u1_0.id=?
Hibernate: 
    select
        u1_0.id,
        u1_0.address,
        u1_0.city_id,
        u1_0.country,
        u1_0.document_number,
        u1_0.created_at,
        u1_0.date_of_birth,
        u1_0.emergency_contact,
        u1_0.enabled,
        u1_0.gender,
        u1_0.latitude,
        u1_0.longitude,
        u1_0.name,
        u1_0.organization_id,
        u1_0.password,
        u1_0.phone,
        u1_0.role,
        u1_0.state,
        u1_0.updated_at,
        u1_0.username 
    from
        users u1_0 
    where
        u1_0.id=?
2025-10-25T16:32:14.044-03:00 TRACE 20369 --- [mvt-events] [nio-8080-exec-1] org.hibernate.orm.jdbc.bind              : binding parameter (1:UUID) <- [45158434-073d-43df-b93a-11ac88353327]
2025-10-25T16:32:14.049-03:00 DEBUG 20369 --- [mvt-events] [nio-8080-exec-1] org.hibernate.SQL                        : 
    select
        sc1_0.organization_id,
        sc1_0.id,
        sc1_0.client_id,
        sc1_0.contract_date,
        sc1_0.contract_number,
        sc1_0.created_at,
        sc1_0.end_date,
        sc1_0.is_primary,
        sc1_0.start_date,
        sc1_0.status,
        sc1_0.updated_at 
    from
        contracts sc1_0 
    where
        sc1_0.organization_id=?
Hibernate: 
    select
        sc1_0.organization_id,
        sc1_0.id,
        sc1_0.client_id,
        sc1_0.contract_date,
        sc1_0.contract_number,
        sc1_0.created_at,
        sc1_0.end_date,
        sc1_0.is_primary,
        sc1_0.start_date,
        sc1_0.status,
        sc1_0.updated_at 
    from
        contracts sc1_0 
    where
        sc1_0.organization_id=?
2025-10-25T16:32:14.049-03:00 TRACE 20369 --- [mvt-events] [nio-8080-exec-1] org.hibernate.orm.jdbc.bind              : binding parameter (1:BIGINT) <- [4]
2025-10-25T16:32:14.088-03:00  WARN 20369 --- [mvt-events] [nio-8080-exec-1] .m.m.a.ExceptionHandlerExceptionResolver : Resolved [java.util.ConcurrentModificationException]
2025-10-25T16:32:14.090-03:00  INFO 20369 --- [mvt-events] [nio-8080-exec-1] com.mvt.mvt_events.tenant.TenantFilter   : 🔚 TenantFilter - Request completed
