> Task :compileJava
> Task :processResources UP-TO-DATE
> Task :classes
> Task :resolveMainClassName

> Task :bootRun

  .   ____          _            __ _ _
 /\\ / ___'_ __ _ _(_)_ __  __ _ \ \ \ \
( ( )\___ | '_ | '_| | '_ \/ _` | \ \ \ \
 \\/  ___)| |_)| | | | | || (_| |  ) ) ) )
  '  |____| .__|_| |_|_| |_\__, | / / / /
 =========|_|==============|___/=/_/_/_/

 :: Spring Boot ::                (v3.5.6)

2025-10-31T18:03:08.587-03:00  INFO 4121 --- [mvt-events] [  restartedMain] c.mvt.mvt_events.MvtEventsApplication    : Starting MvtEventsApplication using Java 17.0.12 with PID 4121 (/Users/jose.barros.br/Documents/projects/mvt-events/build/classes/java/main started by jose.barros.br in /Users/jose.barros.br/Documents/projects/mvt-events)
2025-10-31T18:03:08.593-03:00  INFO 4121 --- [mvt-events] [  restartedMain] c.mvt.mvt_events.MvtEventsApplication    : No active profile set, falling back to 1 default profile: "default"
2025-10-31T18:03:08.678-03:00  INFO 4121 --- [mvt-events] [  restartedMain] .e.DevToolsPropertyDefaultsPostProcessor : Devtools property defaults active! Set 'spring.devtools.add-properties' to 'false' to disable
2025-10-31T18:03:08.679-03:00  INFO 4121 --- [mvt-events] [  restartedMain] .e.DevToolsPropertyDefaultsPostProcessor : For additional web related logging consider setting the 'logging.level.web' property to 'DEBUG'
2025-10-31T18:03:08.712-03:00  INFO 4121 --- [mvt-events] [  restartedMain] .s.b.d.c.l.DockerComposeLifecycleManager : Using Docker Compose file /Users/jose.barros.br/Documents/projects/mvt-events/compose.yaml
2025-10-31T18:03:10.432-03:00  INFO 4121 --- [mvt-events] [  restartedMain] .s.b.d.c.l.DockerComposeLifecycleManager : There are already Docker Compose services running, skipping startup
2025-10-31T18:03:12.858-03:00  INFO 4121 --- [mvt-events] [  restartedMain] .s.d.r.c.RepositoryConfigurationDelegate : Bootstrapping Spring Data JPA repositories in DEFAULT mode.
2025-10-31T18:03:13.010-03:00  INFO 4121 --- [mvt-events] [  restartedMain] .s.d.r.c.RepositoryConfigurationDelegate : Finished Spring Data repository scanning in 142 ms. Found 13 JPA repository interfaces.
2025-10-31T18:03:14.123-03:00  INFO 4121 --- [mvt-events] [  restartedMain] o.s.b.w.embedded.tomcat.TomcatWebServer  : Tomcat initialized with port 8080 (http)
2025-10-31T18:03:14.159-03:00  INFO 4121 --- [mvt-events] [  restartedMain] o.apache.catalina.core.StandardService   : Starting service [Tomcat]
2025-10-31T18:03:14.160-03:00  INFO 4121 --- [mvt-events] [  restartedMain] o.apache.catalina.core.StandardEngine    : Starting Servlet engine: [Apache Tomcat/10.1.46]
2025-10-31T18:03:14.259-03:00  INFO 4121 --- [mvt-events] [  restartedMain] o.a.c.c.C.[Tomcat].[localhost].[/]       : Initializing Spring embedded WebApplicationContext
2025-10-31T18:03:14.261-03:00  INFO 4121 --- [mvt-events] [  restartedMain] w.s.c.ServletWebServerApplicationContext : Root WebApplicationContext: initialization completed in 3809 ms
2025-10-31T18:03:14.939-03:00  INFO 4121 --- [mvt-events] [  restartedMain] org.flywaydb.core.FlywayExecutor         : Database: jdbc:postgresql://127.0.0.1:5435/mvt-events?ApplicationName=mvt-events (PostgreSQL 16.10)
2025-10-31T18:03:15.101-03:00  INFO 4121 --- [mvt-events] [  restartedMain] o.f.core.internal.command.DbValidate     : Successfully validated 46 migrations (execution time 00:00.102s)
2025-10-31T18:03:15.192-03:00  INFO 4121 --- [mvt-events] [  restartedMain] o.f.core.internal.command.DbMigrate      : Current version of schema "public": 46
2025-10-31T18:03:15.198-03:00  INFO 4121 --- [mvt-events] [  restartedMain] o.f.core.internal.command.DbMigrate      : Schema "public" is up to date. No migration necessary.
2025-10-31T18:03:15.331-03:00  INFO 4121 --- [mvt-events] [  restartedMain] o.hibernate.jpa.internal.util.LogHelper  : HHH000204: Processing PersistenceUnitInfo [name: default]
2025-10-31T18:03:15.403-03:00  INFO 4121 --- [mvt-events] [  restartedMain] org.hibernate.Version                    : HHH000412: Hibernate ORM core version 6.6.29.Final
2025-10-31T18:03:15.453-03:00  INFO 4121 --- [mvt-events] [  restartedMain] o.h.c.internal.RegionFactoryInitiator    : HHH000026: Second-level cache disabled
2025-10-31T18:03:15.852-03:00  INFO 4121 --- [mvt-events] [  restartedMain] o.s.o.j.p.SpringPersistenceUnitInfo      : No LoadTimeWeaver setup: ignoring JPA class transformer
2025-10-31T18:03:15.914-03:00  INFO 4121 --- [mvt-events] [  restartedMain] com.zaxxer.hikari.HikariDataSource       : HikariPool-1 - Starting...
2025-10-31T18:03:16.010-03:00  INFO 4121 --- [mvt-events] [  restartedMain] com.zaxxer.hikari.pool.HikariPool        : HikariPool-1 - Added connection org.postgresql.jdbc.PgConnection@4eed5fa7
2025-10-31T18:03:16.014-03:00  INFO 4121 --- [mvt-events] [  restartedMain] com.zaxxer.hikari.HikariDataSource       : HikariPool-1 - Start completed.
2025-10-31T18:03:16.113-03:00  INFO 4121 --- [mvt-events] [  restartedMain] org.hibernate.orm.connections.pooling    : HHH10001005: Database info:
	Database JDBC URL [Connecting through datasource 'HikariDataSource (HikariPool-1)']
	Database driver: undefined/unknown
	Database version: 16.10
	Autocommit mode: undefined/unknown
	Isolation level: undefined/unknown
	Minimum pool size: undefined/unknown
	Maximum pool size: undefined/unknown
2025-10-31T18:03:19.322-03:00  INFO 4121 --- [mvt-events] [  restartedMain] o.h.e.t.j.p.i.JtaPlatformInitiator       : HHH000489: No JTA platform available (set 'hibernate.transaction.jta.platform' to enable JTA platform integration)
2025-10-31T18:03:19.477-03:00  INFO 4121 --- [mvt-events] [  restartedMain] j.LocalContainerEntityManagerFactoryBean : Initialized JPA EntityManagerFactory for persistence unit 'default'
2025-10-31T18:03:20.010-03:00  INFO 4121 --- [mvt-events] [  restartedMain] o.s.d.j.r.query.QueryEnhancerFactory     : Hibernate is in classpath; If applicable, HQL parser will be used.
2025-10-31T18:03:22.175-03:00 DEBUG 4121 --- [mvt-events] [  restartedMain] com.mvt.mvt_events.tenant.TenantFilter   : Filter 'tenantFilter' configured for use
2025-10-31T18:03:22.696-03:00  INFO 4121 --- [mvt-events] [  restartedMain] r$InitializeUserDetailsManagerConfigurer : Global AuthenticationManager configured with UserDetailsService bean with name customUserDetailsService
2025-10-31T18:03:27.538-03:00  INFO 4121 --- [mvt-events] [  restartedMain] o.s.b.a.e.web.EndpointLinksResolver      : Exposing 3 endpoints beneath base path '/actuator'
2025-10-31T18:03:28.646-03:00  INFO 4121 --- [mvt-events] [  restartedMain] o.s.b.d.a.OptionalLiveReloadServer       : LiveReload server is running on port 35729
2025-10-31T18:03:28.749-03:00  INFO 4121 --- [mvt-events] [  restartedMain] o.s.b.w.embedded.tomcat.TomcatWebServer  : Tomcat started on port 8080 (http) with context path '/'
2025-10-31T18:03:28.777-03:00  INFO 4121 --- [mvt-events] [  restartedMain] c.mvt.mvt_events.MvtEventsApplication    : Started MvtEventsApplication in 21.192 seconds (process running for 22.38)
2025-10-31T18:03:28.852-03:00  INFO 4121 --- [mvt-events] [  restartedMain] c.mvt.mvt_events.startup.CityDataLoader  : 🇧🇷 Iniciando verificação das cidades brasileiras...
2025-10-31T18:03:28.948-03:00 DEBUG 4121 --- [mvt-events] [  restartedMain] org.hibernate.SQL                        : 
    /* select
        count(*) 
    from
        City x */ select
            count(*) 
        from
            cities c1_0
Hibernate: 
    /* select
        count(*) 
    from
        City x */ select
            count(*) 
        from
            cities c1_0
2025-10-31T18:03:28.986-03:00  INFO 4121 --- [mvt-events] [  restartedMain] c.mvt.mvt_events.startup.CityDataLoader  : ✅ Cidades já carregadas no banco: 5570 registros (>= 5570). Não é necessário recarregar.
2025-10-31T18:03:31.403-03:00  INFO 4121 --- [mvt-events] [0.0-8080-exec-1] o.a.c.c.C.[Tomcat].[localhost].[/]       : Initializing Spring DispatcherServlet 'dispatcherServlet'
2025-10-31T18:03:31.403-03:00  INFO 4121 --- [mvt-events] [0.0-8080-exec-1] o.s.web.servlet.DispatcherServlet        : Initializing Servlet 'dispatcherServlet'
2025-10-31T18:03:31.407-03:00  INFO 4121 --- [mvt-events] [0.0-8080-exec-1] o.s.web.servlet.DispatcherServlet        : Completed initialization in 4 ms
2025-10-31T18:03:31.469-03:00  WARN 4121 --- [mvt-events] [0.0-8080-exec-1] c.m.m.common.JwtAuthenticationFilter     : JWT Token does not begin with Bearer String
2025-10-31T18:03:42.502-03:00  WARN 4121 --- [mvt-events] [0.0-8080-exec-2] c.m.m.common.JwtAuthenticationFilter     : JWT Token does not begin with Bearer String
Reset password request received for: motoboyA@gmail.com
New password provided: Yes
2025-10-31T18:03:42.672-03:00 DEBUG 4121 --- [mvt-events] [0.0-8080-exec-2] org.hibernate.SQL                        : 
    /* <criteria> */ select
        u1_0.id 
    from
        users u1_0 
    where
        u1_0.username=? 
    fetch
        first ? rows only
Hibernate: 
    /* <criteria> */ select
        u1_0.id 
    from
        users u1_0 
    where
        u1_0.username=? 
    fetch
        first ? rows only
2025-10-31T18:03:42.677-03:00 TRACE 4121 --- [mvt-events] [0.0-8080-exec-2] org.hibernate.orm.jdbc.bind              : binding parameter (1:VARCHAR) <- [motoboyA@gmail.com]
2025-10-31T18:03:42.677-03:00 TRACE 4121 --- [mvt-events] [0.0-8080-exec-2] org.hibernate.orm.jdbc.bind              : binding parameter (2:INTEGER) <- [1]
2025-10-31T18:03:42.885-03:00 DEBUG 4121 --- [mvt-events] [0.0-8080-exec-2] org.hibernate.SQL                        : 
    /* UPDATE
        User u 
    SET
        u.password = :password 
    WHERE
        u.username = :username */ update users u1_0 
    set
        password=? 
    where
        u1_0.username=?
Hibernate: 
    /* UPDATE
        User u 
    SET
        u.password = :password 
    WHERE
        u.username = :username */ update users u1_0 
    set
        password=? 
    where
        u1_0.username=?
2025-10-31T18:03:42.885-03:00 TRACE 4121 --- [mvt-events] [0.0-8080-exec-2] org.hibernate.orm.jdbc.bind              : binding parameter (1:VARCHAR) <- [$2a$10$stryJMfNJI4X7qtcrQOhWecuuA7ndwG6Bw1lyuRD6fTuYxeOy4npi]
2025-10-31T18:03:42.886-03:00 TRACE 4121 --- [mvt-events] [0.0-8080-exec-2] org.hibernate.orm.jdbc.bind              : binding parameter (2:VARCHAR) <- [motoboyA@gmail.com]
2025-10-31T18:04:02.896-03:00  WARN 4121 --- [mvt-events] [0.0-8080-exec-4] c.m.m.common.JwtAuthenticationFilter     : JWT Token does not begin with Bearer String
2025-10-31T18:04:03.133-03:00 DEBUG 4121 --- [mvt-events] [0.0-8080-exec-4] org.hibernate.SQL                        : 
    /* <criteria> */ select
        u1_0.id,
        u1_0.address,
        u1_0.city_id,
        u1_0.country,
        u1_0.document_number,
        u1_0.created_at,
        u1_0.date_of_birth,
        u1_0.emergency_contact,
        u1_0.enabled,
        u1_0.gender,
        u1_0.latitude,
        u1_0.longitude,
        u1_0.name,
        o1_0.id,
        o1_0.city_id,
        o1_0.commission_percentage,
        o1_0.contact_email,
        o1_0.created_at,
        o1_0.description,
        o1_0.logo_url,
        o1_0.name,
        o1_0.phone,
        o1_0.slug,
        o1_0.status,
        o1_0.updated_at,
        o1_0.website,
        u1_0.password,
        u1_0.phone,
        u1_0.role,
        u1_0.state,
        u1_0.updated_at,
        u1_0.username 
    from
        users u1_0 
    left join
        organizations o1_0 
            on o1_0.id=u1_0.organization_id 
    where
        u1_0.username=?
Hibernate: 
    /* <criteria> */ select
        u1_0.id,
        u1_0.address,
        u1_0.city_id,
        u1_0.country,
        u1_0.document_number,
        u1_0.created_at,
        u1_0.date_of_birth,
        u1_0.emergency_contact,
        u1_0.enabled,
        u1_0.gender,
        u1_0.latitude,
        u1_0.longitude,
        u1_0.name,
        o1_0.id,
        o1_0.city_id,
        o1_0.commission_percentage,
        o1_0.contact_email,
        o1_0.created_at,
        o1_0.description,
        o1_0.logo_url,
        o1_0.name,
        o1_0.phone,
        o1_0.slug,
        o1_0.status,
        o1_0.updated_at,
        o1_0.website,
        u1_0.password,
        u1_0.phone,
        u1_0.role,
        u1_0.state,
        u1_0.updated_at,
        u1_0.username 
    from
        users u1_0 
    left join
        organizations o1_0 
            on o1_0.id=u1_0.organization_id 
    where
        u1_0.username=?
2025-10-31T18:04:03.140-03:00 TRACE 4121 --- [mvt-events] [0.0-8080-exec-4] org.hibernate.orm.jdbc.bind              : binding parameter (1:VARCHAR) <- [motoboyA@gmail.com]
2025-10-31T18:04:03.628-03:00  WARN 4121 --- [mvt-events] [0.0-8080-exec-4] .m.m.a.ExceptionHandlerExceptionResolver : Resolved [io.jsonwebtoken.io.SerializationException: Cannot serialize JWS Payload to JSON. Cause: Unable to serialize object of type io.jsonwebtoken.impl.DefaultClaims: Could not initialize proxy [com.mvt.mvt_events.jpa.City#1068] - no session (through reference chain: io.jsonwebtoken.impl.DefaultClaims["city"]->com.mvt.mvt_events.jpa.City$HibernateProxy["name"])]
2025-10-31T18:08:49.553-03:00  WARN 4121 --- [mvt-events] [0.0-8080-exec-6] c.m.m.common.JwtAuthenticationFilter     : JWT Token does not begin with Bearer String
2025-10-31T18:08:49.575-03:00 DEBUG 4121 --- [mvt-events] [0.0-8080-exec-6] org.hibernate.SQL                        : 
    /* <criteria> */ select
        u1_0.id,
        u1_0.address,
        u1_0.city_id,
        u1_0.country,
        u1_0.document_number,
        u1_0.created_at,
        u1_0.date_of_birth,
        u1_0.emergency_contact,
        u1_0.enabled,
        u1_0.gender,
        u1_0.latitude,
        u1_0.longitude,
        u1_0.name,
        o1_0.id,
        o1_0.city_id,
        o1_0.commission_percentage,
        o1_0.contact_email,
        o1_0.created_at,
        o1_0.description,
        o1_0.logo_url,
        o1_0.name,
        o1_0.phone,
        o1_0.slug,
        o1_0.status,
        o1_0.updated_at,
        o1_0.website,
        u1_0.password,
        u1_0.phone,
        u1_0.role,
        u1_0.state,
        u1_0.updated_at,
        u1_0.username 
    from
        users u1_0 
    left join
        organizations o1_0 
            on o1_0.id=u1_0.organization_id 
    where
        u1_0.username=?
Hibernate: 
    /* <criteria> */ select
        u1_0.id,
        u1_0.address,
        u1_0.city_id,
        u1_0.country,
        u1_0.document_number,
        u1_0.created_at,
        u1_0.date_of_birth,
        u1_0.emergency_contact,
        u1_0.enabled,
        u1_0.gender,
        u1_0.latitude,
        u1_0.longitude,
        u1_0.name,
        o1_0.id,
        o1_0.city_id,
        o1_0.commission_percentage,
        o1_0.contact_email,
        o1_0.created_at,
        o1_0.description,
        o1_0.logo_url,
        o1_0.name,
        o1_0.phone,
        o1_0.slug,
        o1_0.status,
        o1_0.updated_at,
        o1_0.website,
        u1_0.password,
        u1_0.phone,
        u1_0.role,
        u1_0.state,
        u1_0.updated_at,
        u1_0.username 
    from
        users u1_0 
    left join
        organizations o1_0 
            on o1_0.id=u1_0.organization_id 
    where
        u1_0.username=?
2025-10-31T18:08:49.579-03:00 TRACE 4121 --- [mvt-events] [0.0-8080-exec-6] org.hibernate.orm.jdbc.bind              : binding parameter (1:VARCHAR) <- [motoboya@gmail.com]
2025-10-31T18:09:55.469-03:00  WARN 4121 --- [mvt-events] [0.0-8080-exec-7] c.m.m.common.JwtAuthenticationFilter     : JWT Token does not begin with Bearer String
2025-10-31T18:09:55.481-03:00 DEBUG 4121 --- [mvt-events] [0.0-8080-exec-7] org.hibernate.SQL                        : 
    /* <criteria> */ select
        u1_0.id,
        u1_0.address,
        u1_0.city_id,
        u1_0.country,
        u1_0.document_number,
        u1_0.created_at,
        u1_0.date_of_birth,
        u1_0.emergency_contact,
        u1_0.enabled,
        u1_0.gender,
        u1_0.latitude,
        u1_0.longitude,
        u1_0.name,
        o1_0.id,
        o1_0.city_id,
        o1_0.commission_percentage,
        o1_0.contact_email,
        o1_0.created_at,
        o1_0.description,
        o1_0.logo_url,
        o1_0.name,
        o1_0.phone,
        o1_0.slug,
        o1_0.status,
        o1_0.updated_at,
        o1_0.website,
        u1_0.password,
        u1_0.phone,
        u1_0.role,
        u1_0.state,
        u1_0.updated_at,
        u1_0.username 
    from
        users u1_0 
    left join
        organizations o1_0 
            on o1_0.id=u1_0.organization_id 
    where
        u1_0.username=?
Hibernate: 
    /* <criteria> */ select
        u1_0.id,
        u1_0.address,
        u1_0.city_id,
        u1_0.country,
        u1_0.document_number,
        u1_0.created_at,
        u1_0.date_of_birth,
        u1_0.emergency_contact,
        u1_0.enabled,
        u1_0.gender,
        u1_0.latitude,
        u1_0.longitude,
        u1_0.name,
        o1_0.id,
        o1_0.city_id,
        o1_0.commission_percentage,
        o1_0.contact_email,
        o1_0.created_at,
        o1_0.description,
        o1_0.logo_url,
        o1_0.name,
        o1_0.phone,
        o1_0.slug,
        o1_0.status,
        o1_0.updated_at,
        o1_0.website,
        u1_0.password,
        u1_0.phone,
        u1_0.role,
        u1_0.state,
        u1_0.updated_at,
        u1_0.username 
    from
        users u1_0 
    left join
        organizations o1_0 
            on o1_0.id=u1_0.organization_id 
    where
        u1_0.username=?
2025-10-31T18:09:55.485-03:00 TRACE 4121 --- [mvt-events] [0.0-8080-exec-7] org.hibernate.orm.jdbc.bind              : binding parameter (1:VARCHAR) <- [motoboya@gmail.com]
2025-10-31T18:11:22.541-03:00  WARN 4121 --- [mvt-events] [0.0-8080-exec-8] c.m.m.common.JwtAuthenticationFilter     : JWT Token does not begin with Bearer String
Reset password request received for: motoboyA@gmail.com
New password provided: Yes
2025-10-31T18:11:22.553-03:00 DEBUG 4121 --- [mvt-events] [0.0-8080-exec-8] org.hibernate.SQL                        : 
    /* <criteria> */ select
        u1_0.id 
    from
        users u1_0 
    where
        u1_0.username=? 
    fetch
        first ? rows only
Hibernate: 
    /* <criteria> */ select
        u1_0.id 
    from
        users u1_0 
    where
        u1_0.username=? 
    fetch
        first ? rows only
2025-10-31T18:11:22.558-03:00 TRACE 4121 --- [mvt-events] [0.0-8080-exec-8] org.hibernate.orm.jdbc.bind              : binding parameter (1:VARCHAR) <- [motoboyA@gmail.com]
2025-10-31T18:11:22.561-03:00 TRACE 4121 --- [mvt-events] [0.0-8080-exec-8] org.hibernate.orm.jdbc.bind              : binding parameter (2:INTEGER) <- [1]
2025-10-31T18:11:22.904-03:00 DEBUG 4121 --- [mvt-events] [0.0-8080-exec-8] org.hibernate.SQL                        : 
    /* UPDATE
        User u 
    SET
        u.password = :password 
    WHERE
        u.username = :username */ update users u1_0 
    set
        password=? 
    where
        u1_0.username=?
Hibernate: 
    /* UPDATE
        User u 
    SET
        u.password = :password 
    WHERE
        u.username = :username */ update users u1_0 
    set
        password=? 
    where
        u1_0.username=?
2025-10-31T18:11:22.904-03:00 TRACE 4121 --- [mvt-events] [0.0-8080-exec-8] org.hibernate.orm.jdbc.bind              : binding parameter (1:VARCHAR) <- [$2a$10$kyn4lK8xPrehDU8klmR3/udy07AE2qjyAvSYge62q0HNZLXWgspOa]
2025-10-31T18:11:22.904-03:00 TRACE 4121 --- [mvt-events] [0.0-8080-exec-8] org.hibernate.orm.jdbc.bind              : binding parameter (2:VARCHAR) <- [motoboyA@gmail.com]
2025-10-31T18:12:24.148-03:00  WARN 4121 --- [mvt-events] [.0-8080-exec-10] c.m.m.common.JwtAuthenticationFilter     : JWT Token does not begin with Bearer String
2025-10-31T18:12:24.169-03:00 DEBUG 4121 --- [mvt-events] [.0-8080-exec-10] org.hibernate.SQL                        : 
    /* <criteria> */ select
        u1_0.id,
        u1_0.address,
        u1_0.city_id,
        u1_0.country,
        u1_0.document_number,
        u1_0.created_at,
        u1_0.date_of_birth,
        u1_0.emergency_contact,
        u1_0.enabled,
        u1_0.gender,
        u1_0.latitude,
        u1_0.longitude,
        u1_0.name,
        o1_0.id,
        o1_0.city_id,
        o1_0.commission_percentage,
        o1_0.contact_email,
        o1_0.created_at,
        o1_0.description,
        o1_0.logo_url,
        o1_0.name,
        o1_0.phone,
        o1_0.slug,
        o1_0.status,
        o1_0.updated_at,
        o1_0.website,
        u1_0.password,
        u1_0.phone,
        u1_0.role,
        u1_0.state,
        u1_0.updated_at,
        u1_0.username 
    from
        users u1_0 
    left join
        organizations o1_0 
            on o1_0.id=u1_0.organization_id 
    where
        u1_0.username=?
Hibernate: 
    /* <criteria> */ select
        u1_0.id,
        u1_0.address,
        u1_0.city_id,
        u1_0.country,
        u1_0.document_number,
        u1_0.created_at,
        u1_0.date_of_birth,
        u1_0.emergency_contact,
        u1_0.enabled,
        u1_0.gender,
        u1_0.latitude,
        u1_0.longitude,
        u1_0.name,
        o1_0.id,
        o1_0.city_id,
        o1_0.commission_percentage,
        o1_0.contact_email,
        o1_0.created_at,
        o1_0.description,
        o1_0.logo_url,
        o1_0.name,
        o1_0.phone,
        o1_0.slug,
        o1_0.status,
        o1_0.updated_at,
        o1_0.website,
        u1_0.password,
        u1_0.phone,
        u1_0.role,
        u1_0.state,
        u1_0.updated_at,
        u1_0.username 
    from
        users u1_0 
    left join
        organizations o1_0 
            on o1_0.id=u1_0.organization_id 
    where
        u1_0.username=?
2025-10-31T18:12:24.179-03:00 TRACE 4121 --- [mvt-events] [.0-8080-exec-10] org.hibernate.orm.jdbc.bind              : binding parameter (1:VARCHAR) <- [motoboya@gmail.com]
2025-10-31T18:13:07.335-03:00  WARN 4121 --- [mvt-events] [0.0-8080-exec-2] c.m.m.common.JwtAuthenticationFilter     : JWT Token does not begin with Bearer String
2025-10-31T18:13:07.348-03:00 DEBUG 4121 --- [mvt-events] [0.0-8080-exec-2] org.hibernate.SQL                        : 
    /* <criteria> */ select
        u1_0.id,
        u1_0.address,
        u1_0.city_id,
        u1_0.country,
        u1_0.document_number,
        u1_0.created_at,
        u1_0.date_of_birth,
        u1_0.emergency_contact,
        u1_0.enabled,
        u1_0.gender,
        u1_0.latitude,
        u1_0.longitude,
        u1_0.name,
        o1_0.id,
        o1_0.city_id,
        o1_0.commission_percentage,
        o1_0.contact_email,
        o1_0.created_at,
        o1_0.description,
        o1_0.logo_url,
        o1_0.name,
        o1_0.phone,
        o1_0.slug,
        o1_0.status,
        o1_0.updated_at,
        o1_0.website,
        u1_0.password,
        u1_0.phone,
        u1_0.role,
        u1_0.state,
        u1_0.updated_at,
        u1_0.username 
    from
        users u1_0 
    left join
        organizations o1_0 
            on o1_0.id=u1_0.organization_id 
    where
        u1_0.username=?
Hibernate: 
    /* <criteria> */ select
        u1_0.id,
        u1_0.address,
        u1_0.city_id,
        u1_0.country,
        u1_0.document_number,
        u1_0.created_at,
        u1_0.date_of_birth,
        u1_0.emergency_contact,
        u1_0.enabled,
        u1_0.gender,
        u1_0.latitude,
        u1_0.longitude,
        u1_0.name,
        o1_0.id,
        o1_0.city_id,
        o1_0.commission_percentage,
        o1_0.contact_email,
        o1_0.created_at,
        o1_0.description,
        o1_0.logo_url,
        o1_0.name,
        o1_0.phone,
        o1_0.slug,
        o1_0.status,
        o1_0.updated_at,
        o1_0.website,
        u1_0.password,
        u1_0.phone,
        u1_0.role,
        u1_0.state,
        u1_0.updated_at,
        u1_0.username 
    from
        users u1_0 
    left join
        organizations o1_0 
            on o1_0.id=u1_0.organization_id 
    where
        u1_0.username=?
2025-10-31T18:13:07.353-03:00 TRACE 4121 --- [mvt-events] [0.0-8080-exec-2] org.hibernate.orm.jdbc.bind              : binding parameter (1:VARCHAR) <- [motoboyA@gmail.com]
2025-10-31T18:13:07.604-03:00  WARN 4121 --- [mvt-events] [0.0-8080-exec-2] .m.m.a.ExceptionHandlerExceptionResolver : Resolved [io.jsonwebtoken.io.SerializationException: Cannot serialize JWS Payload to JSON. Cause: Unable to serialize object of type io.jsonwebtoken.impl.DefaultClaims: Could not initialize proxy [com.mvt.mvt_events.jpa.City#1068] - no session (through reference chain: io.jsonwebtoken.impl.DefaultClaims["city"]->com.mvt.mvt_events.jpa.City$HibernateProxy["name"])]
