> Task :compileJava
> Task :processResources UP-TO-DATE
> Task :classes
> Task :resolveMainClassName

> Task :bootRun

  .   ____          _            __ _ _
 /\\ / ___'_ __ _ _(_)_ __  __ _ \ \ \ \
( ( )\___ | '_ | '_| | '_ \/ _` | \ \ \ \
 \\/  ___)| |_)| | | | | || (_| |  ) ) ) )
  '  |____| .__|_| |_|_| |_\__, | / / / /
 =========|_|==============|___/=/_/_/_/

 :: Spring Boot ::                (v3.5.6)

2025-11-04T00:48:46.528-03:00  INFO 83807 --- [mvt-events] [  restartedMain] c.mvt.mvt_events.MvtEventsApplication    : Starting MvtEventsApplication using Java 17.0.12 with PID 83807 (/Users/jose.barros.br/Documents/projects/mvt-events/build/classes/java/main started by jose.barros.br in /Users/jose.barros.br/Documents/projects/mvt-events)
2025-11-04T00:48:46.534-03:00  INFO 83807 --- [mvt-events] [  restartedMain] c.mvt.mvt_events.MvtEventsApplication    : No active profile set, falling back to 1 default profile: "default"
2025-11-04T00:48:46.613-03:00  INFO 83807 --- [mvt-events] [  restartedMain] .e.DevToolsPropertyDefaultsPostProcessor : Devtools property defaults active! Set 'spring.devtools.add-properties' to 'false' to disable
2025-11-04T00:48:46.613-03:00  INFO 83807 --- [mvt-events] [  restartedMain] .e.DevToolsPropertyDefaultsPostProcessor : For additional web related logging consider setting the 'logging.level.web' property to 'DEBUG'
2025-11-04T00:48:46.632-03:00  INFO 83807 --- [mvt-events] [  restartedMain] .s.b.d.c.l.DockerComposeLifecycleManager : Using Docker Compose file /Users/jose.barros.br/Documents/projects/mvt-events/compose.yaml
2025-11-04T00:48:48.851-03:00  INFO 83807 --- [mvt-events] [  restartedMain] .s.b.d.c.l.DockerComposeLifecycleManager : There are already Docker Compose services running, skipping startup
2025-11-04T00:48:51.143-03:00  INFO 83807 --- [mvt-events] [  restartedMain] .s.d.r.c.RepositoryConfigurationDelegate : Bootstrapping Spring Data JPA repositories in DEFAULT mode.
2025-11-04T00:48:51.337-03:00  INFO 83807 --- [mvt-events] [  restartedMain] .s.d.r.c.RepositoryConfigurationDelegate : Finished Spring Data repository scanning in 175 ms. Found 14 JPA repository interfaces.
2025-11-04T00:48:54.106-03:00  INFO 83807 --- [mvt-events] [  restartedMain] o.s.b.w.embedded.tomcat.TomcatWebServer  : Tomcat initialized with port 8080 (http)
2025-11-04T00:48:54.143-03:00  INFO 83807 --- [mvt-events] [  restartedMain] o.apache.catalina.core.StandardService   : Starting service [Tomcat]
2025-11-04T00:48:54.144-03:00  INFO 83807 --- [mvt-events] [  restartedMain] o.apache.catalina.core.StandardEngine    : Starting Servlet engine: [Apache Tomcat/10.1.46]
2025-11-04T00:48:54.272-03:00  INFO 83807 --- [mvt-events] [  restartedMain] o.a.c.c.C.[Tomcat].[localhost].[/]       : Initializing Spring embedded WebApplicationContext
2025-11-04T00:48:54.275-03:00  INFO 83807 --- [mvt-events] [  restartedMain] w.s.c.ServletWebServerApplicationContext : Root WebApplicationContext: initialization completed in 5399 ms
2025-11-04T00:48:55.659-03:00  INFO 83807 --- [mvt-events] [  restartedMain] org.flywaydb.core.FlywayExecutor         : Database: jdbc:postgresql://127.0.0.1:5435/mvt-events?ApplicationName=mvt-events (PostgreSQL 16.10)
2025-11-04T00:48:56.114-03:00  INFO 83807 --- [mvt-events] [  restartedMain] o.f.core.internal.command.DbValidate     : Successfully validated 48 migrations (execution time 00:00.348s)
2025-11-04T00:48:56.227-03:00  INFO 83807 --- [mvt-events] [  restartedMain] o.f.core.internal.command.DbMigrate      : Current version of schema "public": 48
2025-11-04T00:48:56.234-03:00  INFO 83807 --- [mvt-events] [  restartedMain] o.f.core.internal.command.DbMigrate      : Schema "public" is up to date. No migration necessary.
2025-11-04T00:48:56.402-03:00  INFO 83807 --- [mvt-events] [  restartedMain] o.hibernate.jpa.internal.util.LogHelper  : HHH000204: Processing PersistenceUnitInfo [name: default]
2025-11-04T00:48:56.501-03:00  INFO 83807 --- [mvt-events] [  restartedMain] org.hibernate.Version                    : HHH000412: Hibernate ORM core version 6.6.29.Final
2025-11-04T00:48:56.665-03:00  INFO 83807 --- [mvt-events] [  restartedMain] o.h.c.internal.RegionFactoryInitiator    : HHH000026: Second-level cache disabled
2025-11-04T00:48:57.119-03:00  INFO 83807 --- [mvt-events] [  restartedMain] o.s.o.j.p.SpringPersistenceUnitInfo      : No LoadTimeWeaver setup: ignoring JPA class transformer
2025-11-04T00:48:57.175-03:00  INFO 83807 --- [mvt-events] [  restartedMain] com.zaxxer.hikari.HikariDataSource       : HikariPool-1 - Starting...
2025-11-04T00:48:57.233-03:00  INFO 83807 --- [mvt-events] [  restartedMain] com.zaxxer.hikari.pool.HikariPool        : HikariPool-1 - Added connection org.postgresql.jdbc.PgConnection@7d31f0e1
2025-11-04T00:48:57.235-03:00  INFO 83807 --- [mvt-events] [  restartedMain] com.zaxxer.hikari.HikariDataSource       : HikariPool-1 - Start completed.
2025-11-04T00:48:57.352-03:00  INFO 83807 --- [mvt-events] [  restartedMain] org.hibernate.orm.connections.pooling    : HHH10001005: Database info:
	Database JDBC URL [Connecting through datasource 'HikariDataSource (HikariPool-1)']
	Database driver: undefined/unknown
	Database version: 16.10
	Autocommit mode: undefined/unknown
	Isolation level: undefined/unknown
	Minimum pool size: undefined/unknown
	Maximum pool size: undefined/unknown
2025-11-04T00:48:59.690-03:00  INFO 83807 --- [mvt-events] [  restartedMain] o.h.e.t.j.p.i.JtaPlatformInitiator       : HHH000489: No JTA platform available (set 'hibernate.transaction.jta.platform' to enable JTA platform integration)
2025-11-04T00:48:59.814-03:00  INFO 83807 --- [mvt-events] [  restartedMain] j.LocalContainerEntityManagerFactoryBean : Initialized JPA EntityManagerFactory for persistence unit 'default'
2025-11-04T00:49:00.283-03:00  INFO 83807 --- [mvt-events] [  restartedMain] o.s.d.j.r.query.QueryEnhancerFactory     : Hibernate is in classpath; If applicable, HQL parser will be used.
2025-11-04T00:49:01.500-03:00 DEBUG 83807 --- [mvt-events] [  restartedMain] com.mvt.mvt_events.tenant.TenantFilter   : Filter 'tenantFilter' configured for use
2025-11-04T00:49:01.868-03:00  INFO 83807 --- [mvt-events] [  restartedMain] r$InitializeUserDetailsManagerConfigurer : Global AuthenticationManager configured with UserDetailsService bean with name customUserDetailsService
2025-11-04T00:49:06.665-03:00  INFO 83807 --- [mvt-events] [  restartedMain] o.s.b.a.e.web.EndpointLinksResolver      : Exposing 3 endpoints beneath base path '/actuator'
2025-11-04T00:49:07.701-03:00  INFO 83807 --- [mvt-events] [  restartedMain] o.s.b.d.a.OptionalLiveReloadServer       : LiveReload server is running on port 35729
2025-11-04T00:49:07.817-03:00  INFO 83807 --- [mvt-events] [  restartedMain] o.s.b.w.embedded.tomcat.TomcatWebServer  : Tomcat started on port 8080 (http) with context path '/'
2025-11-04T00:49:07.845-03:00  INFO 83807 --- [mvt-events] [  restartedMain] c.mvt.mvt_events.MvtEventsApplication    : Started MvtEventsApplication in 21.956 seconds (process running for 22.79)
2025-11-04T00:49:07.915-03:00  INFO 83807 --- [mvt-events] [  restartedMain] c.mvt.mvt_events.startup.CityDataLoader  : 🇧🇷 Iniciando verificação das cidades brasileiras...
2025-11-04T00:49:07.994-03:00 DEBUG 83807 --- [mvt-events] [  restartedMain] org.hibernate.SQL                        : 
    /* select
        count(*) 
    from
        City x */ select
            count(*) 
        from
            cities c1_0
Hibernate: 
    /* select
        count(*) 
    from
        City x */ select
            count(*) 
        from
            cities c1_0
2025-11-04T00:49:08.025-03:00  INFO 83807 --- [mvt-events] [  restartedMain] c.mvt.mvt_events.startup.CityDataLoader  : ✅ Cidades já carregadas no banco: 5570 registros (>= 5570). Não é necessário recarregar.
2025-11-04T00:49:15.918-03:00  INFO 83807 --- [mvt-events] [0.0-8080-exec-1] o.a.c.c.C.[Tomcat].[localhost].[/]       : Initializing Spring DispatcherServlet 'dispatcherServlet'
2025-11-04T00:49:15.918-03:00  INFO 83807 --- [mvt-events] [0.0-8080-exec-1] o.s.web.servlet.DispatcherServlet        : Initializing Servlet 'dispatcherServlet'
2025-11-04T00:49:15.920-03:00  INFO 83807 --- [mvt-events] [0.0-8080-exec-1] o.s.web.servlet.DispatcherServlet        : Completed initialization in 2 ms
2025-11-04T00:49:15.964-03:00  WARN 83807 --- [mvt-events] [0.0-8080-exec-1] c.m.m.common.JwtAuthenticationFilter     : JWT Token does not begin with Bearer String
2025-11-04T00:49:28.046-03:00  WARN 83807 --- [mvt-events] [0.0-8080-exec-2] c.m.m.common.JwtAuthenticationFilter     : JWT Token does not begin with Bearer String
2025-11-04T00:49:28.047-03:00  INFO 83807 --- [mvt-events] [0.0-8080-exec-2] com.mvt.mvt_events.tenant.TenantFilter   : 🔍 TenantFilter - Request: GET /api/debug/create-test-data
2025-11-04T00:49:28.047-03:00  INFO 83807 --- [mvt-events] [0.0-8080-exec-2] com.mvt.mvt_events.tenant.TenantFilter   : 🔍 TenantFilter - Authentication: null
2025-11-04T00:49:28.047-03:00  WARN 83807 --- [mvt-events] [0.0-8080-exec-2] com.mvt.mvt_events.tenant.TenantFilter   : ⚠️ TenantFilter - No authentication or not authenticated
2025-11-04T00:49:28.103-03:00  INFO 83807 --- [mvt-events] [0.0-8080-exec-2] com.mvt.mvt_events.tenant.TenantFilter   : 🔚 TenantFilter - Request completed
2025-11-04T00:49:35.390-03:00  WARN 83807 --- [mvt-events] [0.0-8080-exec-4] c.m.m.common.JwtAuthenticationFilter     : JWT Token does not begin with Bearer String
2025-11-04T00:49:35.667-03:00 DEBUG 83807 --- [mvt-events] [0.0-8080-exec-4] org.hibernate.SQL                        : 
    /* SELECT
        u 
    FROM
        User u 
    WHERE
        u.username = :username */ select
            u1_0.id,
            u1_0.address,
            c1_0.id,
            c1_0.created_at,
            c1_0.ibge_code,
            c1_0.name,
            c1_0.state,
            c1_0.state_code,
            c1_0.updated_at,
            u1_0.country,
            u1_0.document_number,
            u1_0.created_at,
            u1_0.date_of_birth,
            u1_0.emergency_contact,
            u1_0.enabled,
            u1_0.gender,
            u1_0.latitude,
            u1_0.longitude,
            u1_0.name,
            o1_0.id,
            o1_0.city_id,
            o1_0.commission_percentage,
            o1_0.contact_email,
            o1_0.created_at,
            o1_0.description,
            o1_0.logo_url,
            o1_0.name,
            o1_0.phone,
            o1_0.slug,
            o1_0.status,
            o1_0.updated_at,
            o1_0.website,
            u1_0.password,
            u1_0.phone,
            u1_0.role,
            u1_0.state,
            u1_0.updated_at,
            u1_0.username 
        from
            users u1_0 
        left join
            cities c1_0 
                on c1_0.id=u1_0.city_id 
        left join
            organizations o1_0 
                on o1_0.id=u1_0.organization_id 
        where
            u1_0.username=?
Hibernate: 
    /* SELECT
        u 
    FROM
        User u 
    WHERE
        u.username = :username */ select
            u1_0.id,
            u1_0.address,
            c1_0.id,
            c1_0.created_at,
            c1_0.ibge_code,
            c1_0.name,
            c1_0.state,
            c1_0.state_code,
            c1_0.updated_at,
            u1_0.country,
            u1_0.document_number,
            u1_0.created_at,
            u1_0.date_of_birth,
            u1_0.emergency_contact,
            u1_0.enabled,
            u1_0.gender,
            u1_0.latitude,
            u1_0.longitude,
            u1_0.name,
            o1_0.id,
            o1_0.city_id,
            o1_0.commission_percentage,
            o1_0.contact_email,
            o1_0.created_at,
            o1_0.description,
            o1_0.logo_url,
            o1_0.name,
            o1_0.phone,
            o1_0.slug,
            o1_0.status,
            o1_0.updated_at,
            o1_0.website,
            u1_0.password,
            u1_0.phone,
            u1_0.role,
            u1_0.state,
            u1_0.updated_at,
            u1_0.username 
        from
            users u1_0 
        left join
            cities c1_0 
                on c1_0.id=u1_0.city_id 
        left join
            organizations o1_0 
                on o1_0.id=u1_0.organization_id 
        where
            u1_0.username=?
2025-11-04T00:49:35.671-03:00 TRACE 83807 --- [mvt-events] [0.0-8080-exec-4] org.hibernate.orm.jdbc.bind              : binding parameter (1:VARCHAR) <- [courier@test.com]
2025-11-04T00:50:11.261-03:00  WARN 83807 --- [mvt-events] [0.0-8080-exec-5] c.m.m.common.JwtAuthenticationFilter     : JWT Token does not begin with Bearer String
2025-11-04T00:50:11.261-03:00  INFO 83807 --- [mvt-events] [0.0-8080-exec-5] com.mvt.mvt_events.tenant.TenantFilter   : 🔍 TenantFilter - Request: GET /api/debug/check-data
2025-11-04T00:50:11.262-03:00  INFO 83807 --- [mvt-events] [0.0-8080-exec-5] com.mvt.mvt_events.tenant.TenantFilter   : 🔍 TenantFilter - Authentication: null
2025-11-04T00:50:11.262-03:00  WARN 83807 --- [mvt-events] [0.0-8080-exec-5] com.mvt.mvt_events.tenant.TenantFilter   : ⚠️ TenantFilter - No authentication or not authenticated
2025-11-04T00:50:11.279-03:00  WARN 83807 --- [mvt-events] [0.0-8080-exec-5] .m.m.a.ExceptionHandlerExceptionResolver : Resolved [org.springframework.web.servlet.resource.NoResourceFoundException: No static resource api/debug/check-data.]
2025-11-04T00:50:11.280-03:00  INFO 83807 --- [mvt-events] [0.0-8080-exec-5] com.mvt.mvt_events.tenant.TenantFilter   : 🔚 TenantFilter - Request completed
2025-11-04T00:50:26.936-03:00  WARN 83807 --- [mvt-events] [0.0-8080-exec-6] c.m.m.common.JwtAuthenticationFilter     : JWT Token does not begin with Bearer String
2025-11-04T00:50:26.941-03:00 DEBUG 83807 --- [mvt-events] [0.0-8080-exec-6] org.hibernate.SQL                        : 
    /* SELECT
        u 
    FROM
        User u 
    WHERE
        u.username = :username */ select
            u1_0.id,
            u1_0.address,
            c1_0.id,
            c1_0.created_at,
            c1_0.ibge_code,
            c1_0.name,
            c1_0.state,
            c1_0.state_code,
            c1_0.updated_at,
            u1_0.country,
            u1_0.document_number,
            u1_0.created_at,
            u1_0.date_of_birth,
            u1_0.emergency_contact,
            u1_0.enabled,
            u1_0.gender,
            u1_0.latitude,
            u1_0.longitude,
            u1_0.name,
            o1_0.id,
            o1_0.city_id,
            o1_0.commission_percentage,
            o1_0.contact_email,
            o1_0.created_at,
            o1_0.description,
            o1_0.logo_url,
            o1_0.name,
            o1_0.phone,
            o1_0.slug,
            o1_0.status,
            o1_0.updated_at,
            o1_0.website,
            u1_0.password,
            u1_0.phone,
            u1_0.role,
            u1_0.state,
            u1_0.updated_at,
            u1_0.username 
        from
            users u1_0 
        left join
            cities c1_0 
                on c1_0.id=u1_0.city_id 
        left join
            organizations o1_0 
                on o1_0.id=u1_0.organization_id 
        where
            u1_0.username=?
Hibernate: 
    /* SELECT
        u 
    FROM
        User u 
    WHERE
        u.username = :username */ select
            u1_0.id,
            u1_0.address,
            c1_0.id,
            c1_0.created_at,
            c1_0.ibge_code,
            c1_0.name,
            c1_0.state,
            c1_0.state_code,
            c1_0.updated_at,
            u1_0.country,
            u1_0.document_number,
            u1_0.created_at,
            u1_0.date_of_birth,
            u1_0.emergency_contact,
            u1_0.enabled,
            u1_0.gender,
            u1_0.latitude,
            u1_0.longitude,
            u1_0.name,
            o1_0.id,
            o1_0.city_id,
            o1_0.commission_percentage,
            o1_0.contact_email,
            o1_0.created_at,
            o1_0.description,
            o1_0.logo_url,
            o1_0.name,
            o1_0.phone,
            o1_0.slug,
            o1_0.status,
            o1_0.updated_at,
            o1_0.website,
            u1_0.password,
            u1_0.phone,
            u1_0.role,
            u1_0.state,
            u1_0.updated_at,
            u1_0.username 
        from
            users u1_0 
        left join
            cities c1_0 
                on c1_0.id=u1_0.city_id 
        left join
            organizations o1_0 
                on o1_0.id=u1_0.organization_id 
        where
            u1_0.username=?
2025-11-04T00:50:26.945-03:00 TRACE 83807 --- [mvt-events] [0.0-8080-exec-6] org.hibernate.orm.jdbc.bind              : binding parameter (1:VARCHAR) <- [moveltrack@gmail.com]
2025-11-04T00:50:33.273-03:00  WARN 83807 --- [mvt-events] [0.0-8080-exec-7] c.m.m.common.JwtAuthenticationFilter     : JWT Token does not begin with Bearer String
2025-11-04T00:50:33.280-03:00  WARN 83807 --- [mvt-events] [0.0-8080-exec-7] .m.m.a.ExceptionHandlerExceptionResolver : Resolved [org.springframework.web.servlet.resource.NoResourceFoundException: No static resource api/events/public.]
2025-11-04T00:52:06.124-03:00 DEBUG 83807 --- [mvt-events] [0.0-8080-exec-9] org.hibernate.SQL                        : 
    /* SELECT
        u 
    FROM
        User u 
    WHERE
        u.username = :username */ select
            u1_0.id,
            u1_0.address,
            c1_0.id,
            c1_0.created_at,
            c1_0.ibge_code,
            c1_0.name,
            c1_0.state,
            c1_0.state_code,
            c1_0.updated_at,
            u1_0.country,
            u1_0.document_number,
            u1_0.created_at,
            u1_0.date_of_birth,
            u1_0.emergency_contact,
            u1_0.enabled,
            u1_0.gender,
            u1_0.latitude,
            u1_0.longitude,
            u1_0.name,
            o1_0.id,
            o1_0.city_id,
            o1_0.commission_percentage,
            o1_0.contact_email,
            o1_0.created_at,
            o1_0.description,
            o1_0.logo_url,
            o1_0.name,
            o1_0.phone,
            o1_0.slug,
            o1_0.status,
            o1_0.updated_at,
            o1_0.website,
            u1_0.password,
            u1_0.phone,
            u1_0.role,
            u1_0.state,
            u1_0.updated_at,
            u1_0.username 
        from
            users u1_0 
        left join
            cities c1_0 
                on c1_0.id=u1_0.city_id 
        left join
            organizations o1_0 
                on o1_0.id=u1_0.organization_id 
        where
            u1_0.username=?
2025-11-04T00:52:06.124-03:00 DEBUG 83807 --- [mvt-events] [0.0-8080-exec-8] org.hibernate.SQL                        : 
    /* SELECT
        u 
    FROM
        User u 
    WHERE
        u.username = :username */ select
            u1_0.id,
            u1_0.address,
            c1_0.id,
            c1_0.created_at,
            c1_0.ibge_code,
            c1_0.name,
            c1_0.state,
            c1_0.state_code,
            c1_0.updated_at,
            u1_0.country,
            u1_0.document_number,
            u1_0.created_at,
            u1_0.date_of_birth,
            u1_0.emergency_contact,
            u1_0.enabled,
            u1_0.gender,
            u1_0.latitude,
            u1_0.longitude,
            u1_0.name,
            o1_0.id,
            o1_0.city_id,
            o1_0.commission_percentage,
            o1_0.contact_email,
            o1_0.created_at,
            o1_0.description,
            o1_0.logo_url,
            o1_0.name,
            o1_0.phone,
            o1_0.slug,
            o1_0.status,
            o1_0.updated_at,
            o1_0.website,
            u1_0.password,
            u1_0.phone,
            u1_0.role,
            u1_0.state,
            u1_0.updated_at,
            u1_0.username 
        from
            users u1_0 
        left join
            cities c1_0 
                on c1_0.id=u1_0.city_id 
        left join
            organizations o1_0 
                on o1_0.id=u1_0.organization_id 
        where
            u1_0.username=?
Hibernate: 
    /* SELECT
        u 
    FROM
        User u 
    WHERE
        u.username = :username */ select
            u1_0.id,
            u1_0.address,
            c1_0.id,
            c1_0.created_at,
            c1_0.ibge_code,
            c1_0.name,
            c1_0.state,
            c1_0.state_code,
            c1_0.updated_at,
            u1_0.country,
            u1_0.document_number,
            u1_0.created_at,
            u1_0.date_of_birth,
            u1_0.emergency_contact,
            u1_0.enabled,
            u1_0.gender,
            u1_0.latitude,
            u1_0.longitude,
            u1_0.name,
            o1_0.id,
            o1_0.city_id,
            o1_0.commission_percentage,
            o1_0.contact_email,
            o1_0.created_at,
            o1_0.description,
            o1_0.logo_url,
            o1_0.name,
            o1_0.phone,
            o1_0.slug,
            o1_0.status,
            o1_0.updated_at,
            o1_0.website,
            u1_0.password,
            u1_0.phone,
            u1_0.role,
            u1_0.state,
            u1_0.updated_at,
            u1_0.username 
        from
            users u1_0 
        left join
            cities c1_0 
                on c1_0.id=u1_0.city_id 
        left join
            organizations o1_0 
                on o1_0.id=u1_0.organization_id 
        where
            u1_0.username=?
Hibernate: 
    /* SELECT
        u 
    FROM
        User u 
    WHERE
        u.username = :username */ select
            u1_0.id,
            u1_0.address,
            c1_0.id,
            c1_0.created_at,
            c1_0.ibge_code,
            c1_0.name,
            c1_0.state,
            c1_0.state_code,
            c1_0.updated_at,
            u1_0.country,
            u1_0.document_number,
            u1_0.created_at,
            u1_0.date_of_birth,
            u1_0.emergency_contact,
            u1_0.enabled,
            u1_0.gender,
            u1_0.latitude,
            u1_0.longitude,
            u1_0.name,
            o1_0.id,
            o1_0.city_id,
            o1_0.commission_percentage,
            o1_0.contact_email,
            o1_0.created_at,
            o1_0.description,
            o1_0.logo_url,
            o1_0.name,
            o1_0.phone,
            o1_0.slug,
            o1_0.status,
            o1_0.updated_at,
            o1_0.website,
            u1_0.password,
            u1_0.phone,
            u1_0.role,
            u1_0.state,
            u1_0.updated_at,
            u1_0.username 
        from
            users u1_0 
        left join
            cities c1_0 
                on c1_0.id=u1_0.city_id 
        left join
            organizations o1_0 
                on o1_0.id=u1_0.organization_id 
        where
            u1_0.username=?
2025-11-04T00:52:06.128-03:00 TRACE 83807 --- [mvt-events] [0.0-8080-exec-8] org.hibernate.orm.jdbc.bind              : binding parameter (1:VARCHAR) <- [motoboyA@gmail.com]
2025-11-04T00:52:06.129-03:00 TRACE 83807 --- [mvt-events] [0.0-8080-exec-9] org.hibernate.orm.jdbc.bind              : binding parameter (1:VARCHAR) <- [motoboyA@gmail.com]
2025-11-04T00:52:06.192-03:00  INFO 83807 --- [mvt-events] [0.0-8080-exec-9] com.mvt.mvt_events.tenant.TenantFilter   : 🔍 TenantFilter - Request: PUT /api/users/6008534c-fe16-4d69-8bb7-d54745a3c980/location
2025-11-04T00:52:06.192-03:00  INFO 83807 --- [mvt-events] [0.0-8080-exec-9] com.mvt.mvt_events.tenant.TenantFilter   : 🔍 TenantFilter - Authentication: UsernamePasswordAuthenticationToken
2025-11-04T00:52:06.192-03:00  INFO 83807 --- [mvt-events] [0.0-8080-exec-9] com.mvt.mvt_events.tenant.TenantFilter   : 🔍 TenantFilter - Principal type: com.mvt.mvt_events.jpa.User
2025-11-04T00:52:06.193-03:00  INFO 83807 --- [mvt-events] [0.0-8080-exec-9] com.mvt.mvt_events.tenant.TenantFilter   : 🔍 TenantFilter - Principal instanceof User: true
2025-11-04T00:52:06.194-03:00  INFO 83807 --- [mvt-events] [0.0-8080-exec-9] com.mvt.mvt_events.tenant.TenantFilter   : 🔍 TenantFilter - User: motoboyA@gmail.com
2025-11-04T00:52:06.196-03:00  INFO 83807 --- [mvt-events] [0.0-8080-exec-9] com.mvt.mvt_events.tenant.TenantFilter   : ✅ TenantFilter - Tenant ID set to: 378
2025-11-04T00:52:06.216-03:00  INFO 83807 --- [mvt-events] [0.0-8080-exec-8] com.mvt.mvt_events.tenant.TenantFilter   : 🔍 TenantFilter - Request: PUT /api/users/6008534c-fe16-4d69-8bb7-d54745a3c980/location
2025-11-04T00:52:06.221-03:00  INFO 83807 --- [mvt-events] [0.0-8080-exec-8] com.mvt.mvt_events.tenant.TenantFilter   : 🔍 TenantFilter - Authentication: UsernamePasswordAuthenticationToken
2025-11-04T00:52:06.221-03:00  INFO 83807 --- [mvt-events] [0.0-8080-exec-8] com.mvt.mvt_events.tenant.TenantFilter   : 🔍 TenantFilter - Principal type: com.mvt.mvt_events.jpa.User
2025-11-04T00:52:06.222-03:00  INFO 83807 --- [mvt-events] [0.0-8080-exec-8] com.mvt.mvt_events.tenant.TenantFilter   : 🔍 TenantFilter - Principal instanceof User: true
2025-11-04T00:52:06.222-03:00  INFO 83807 --- [mvt-events] [0.0-8080-exec-8] com.mvt.mvt_events.tenant.TenantFilter   : 🔍 TenantFilter - User: motoboyA@gmail.com
2025-11-04T00:52:06.224-03:00  INFO 83807 --- [mvt-events] [0.0-8080-exec-8] com.mvt.mvt_events.tenant.TenantFilter   : ✅ TenantFilter - Tenant ID set to: 378
2025-11-04T00:52:06.317-03:00 DEBUG 83807 --- [mvt-events] [0.0-8080-exec-8] org.hibernate.SQL                        : 
    select
        u1_0.id,
        u1_0.address,
        u1_0.city_id,
        u1_0.country,
        u1_0.document_number,
        u1_0.created_at,
        u1_0.date_of_birth,
        u1_0.emergency_contact,
        u1_0.enabled,
        u1_0.gender,
        u1_0.latitude,
        u1_0.longitude,
        u1_0.name,
        u1_0.organization_id,
        u1_0.password,
        u1_0.phone,
        u1_0.role,
        u1_0.state,
        u1_0.updated_at,
        u1_0.username 
    from
        users u1_0 
    where
        u1_0.id=?
Hibernate: 
    select
        u1_0.id,
        u1_0.address,
        u1_0.city_id,
        u1_0.country,
        u1_0.document_number,
        u1_0.created_at,
        u1_0.date_of_birth,
        u1_0.emergency_contact,
        u1_0.enabled,
        u1_0.gender,
        u1_0.latitude,
        u1_0.longitude,
        u1_0.name,
        u1_0.organization_id,
        u1_0.password,
        u1_0.phone,
        u1_0.role,
        u1_0.state,
        u1_0.updated_at,
        u1_0.username 
    from
        users u1_0 
    where
        u1_0.id=?
2025-11-04T00:52:06.324-03:00 TRACE 83807 --- [mvt-events] [0.0-8080-exec-8] org.hibernate.orm.jdbc.bind              : binding parameter (1:UUID) <- [6008534c-fe16-4d69-8bb7-d54745a3c980]
2025-11-04T00:52:06.439-03:00 DEBUG 83807 --- [mvt-events] [0.0-8080-exec-9] org.hibernate.SQL                        : 
    select
        u1_0.id,
        u1_0.address,
        u1_0.city_id,
        u1_0.country,
        u1_0.document_number,
        u1_0.created_at,
        u1_0.date_of_birth,
        u1_0.emergency_contact,
        u1_0.enabled,
        u1_0.gender,
        u1_0.latitude,
        u1_0.longitude,
        u1_0.name,
        u1_0.organization_id,
        u1_0.password,
        u1_0.phone,
        u1_0.role,
        u1_0.state,
        u1_0.updated_at,
        u1_0.username 
    from
        users u1_0 
    where
        u1_0.id=?
Hibernate: 
    select
        u1_0.id,
        u1_0.address,
        u1_0.city_id,
        u1_0.country,
        u1_0.document_number,
        u1_0.created_at,
        u1_0.date_of_birth,
        u1_0.emergency_contact,
        u1_0.enabled,
        u1_0.gender,
        u1_0.latitude,
        u1_0.longitude,
        u1_0.name,
        u1_0.organization_id,
        u1_0.password,
        u1_0.phone,
        u1_0.role,
        u1_0.state,
        u1_0.updated_at,
        u1_0.username 
    from
        users u1_0 
    where
        u1_0.id=?
2025-11-04T00:52:06.447-03:00 TRACE 83807 --- [mvt-events] [0.0-8080-exec-9] org.hibernate.orm.jdbc.bind              : binding parameter (1:UUID) <- [6008534c-fe16-4d69-8bb7-d54745a3c980]
2025-11-04T00:52:06.489-03:00 DEBUG 83807 --- [mvt-events] [0.0-8080-exec-8] org.hibernate.SQL                        : 
    /* <criteria> */ select
        u1_0.id,
        u1_0.address,
        c1_0.id,
        c1_0.created_at,
        c1_0.ibge_code,
        c1_0.name,
        c1_0.state,
        c1_0.state_code,
        c1_0.updated_at,
        u1_0.country,
        u1_0.document_number,
        u1_0.created_at,
        u1_0.date_of_birth,
        u1_0.emergency_contact,
        u1_0.enabled,
        u1_0.gender,
        u1_0.latitude,
        u1_0.longitude,
        u1_0.name,
        o1_0.id,
        o1_0.city_id,
        o1_0.commission_percentage,
        o1_0.contact_email,
        o1_0.created_at,
        o1_0.description,
        o1_0.logo_url,
        o1_0.name,
        o1_0.phone,
        o1_0.slug,
        o1_0.status,
        o1_0.updated_at,
        o1_0.website,
        u1_0.password,
        u1_0.phone,
        u1_0.role,
        u1_0.state,
        u1_0.updated_at,
        u1_0.username 
    from
        users u1_0 
    left join
        cities c1_0 
            on c1_0.id=u1_0.city_id 
    left join
        organizations o1_0 
            on o1_0.id=u1_0.organization_id 
    where
        u1_0.username=?
2025-11-04T00:52:06.489-03:00 DEBUG 83807 --- [mvt-events] [0.0-8080-exec-9] org.hibernate.SQL                        : 
    /* <criteria> */ select
        u1_0.id,
        u1_0.address,
        c1_0.id,
        c1_0.created_at,
        c1_0.ibge_code,
        c1_0.name,
        c1_0.state,
        c1_0.state_code,
        c1_0.updated_at,
        u1_0.country,
        u1_0.document_number,
        u1_0.created_at,
        u1_0.date_of_birth,
        u1_0.emergency_contact,
        u1_0.enabled,
        u1_0.gender,
        u1_0.latitude,
        u1_0.longitude,
        u1_0.name,
        o1_0.id,
        o1_0.city_id,
        o1_0.commission_percentage,
        o1_0.contact_email,
        o1_0.created_at,
        o1_0.description,
        o1_0.logo_url,
        o1_0.name,
        o1_0.phone,
        o1_0.slug,
        o1_0.status,
        o1_0.updated_at,
        o1_0.website,
        u1_0.password,
        u1_0.phone,
        u1_0.role,
        u1_0.state,
        u1_0.updated_at,
        u1_0.username 
    from
        users u1_0 
    left join
        cities c1_0 
            on c1_0.id=u1_0.city_id 
    left join
        organizations o1_0 
            on o1_0.id=u1_0.organization_id 
    where
        u1_0.username=?
Hibernate: 
    /* <criteria> */ select
        u1_0.id,
        u1_0.address,
        c1_0.id,
        c1_0.created_at,
        c1_0.ibge_code,
        c1_0.name,
        c1_0.state,
        c1_0.state_code,
        c1_0.updated_at,
        u1_0.country,
        u1_0.document_number,
        u1_0.created_at,
        u1_0.date_of_birth,
        u1_0.emergency_contact,
        u1_0.enabled,
        u1_0.gender,
        u1_0.latitude,
        u1_0.longitude,
        u1_0.name,
        o1_0.id,
        o1_0.city_id,
        o1_0.commission_percentage,
        o1_0.contact_email,
        o1_0.created_at,
        o1_0.description,
        o1_0.logo_url,
        o1_0.name,
        o1_0.phone,
        o1_0.slug,
        o1_0.status,
        o1_0.updated_at,
        o1_0.website,
        u1_0.password,
        u1_0.phone,
        u1_0.role,
        u1_0.state,
        u1_0.updated_at,
        u1_0.username 
    from
        users u1_0 
    left join
        cities c1_0 
            on c1_0.id=u1_0.city_id 
    left join
        organizations o1_0 
            on o1_0.id=u1_0.organization_id 
    where
        u1_0.username=?
Hibernate: 
    /* <criteria> */ select
        u1_0.id,
        u1_0.address,
        c1_0.id,
        c1_0.created_at,
        c1_0.ibge_code,
        c1_0.name,
        c1_0.state,
        c1_0.state_code,
        c1_0.updated_at,
        u1_0.country,
        u1_0.document_number,
        u1_0.created_at,
        u1_0.date_of_birth,
        u1_0.emergency_contact,
        u1_0.enabled,
        u1_0.gender,
        u1_0.latitude,
        u1_0.longitude,
        u1_0.name,
        o1_0.id,
        o1_0.city_id,
        o1_0.commission_percentage,
        o1_0.contact_email,
        o1_0.created_at,
        o1_0.description,
        o1_0.logo_url,
        o1_0.name,
        o1_0.phone,
        o1_0.slug,
        o1_0.status,
        o1_0.updated_at,
        o1_0.website,
        u1_0.password,
        u1_0.phone,
        u1_0.role,
        u1_0.state,
        u1_0.updated_at,
        u1_0.username 
    from
        users u1_0 
    left join
        cities c1_0 
            on c1_0.id=u1_0.city_id 
    left join
        organizations o1_0 
            on o1_0.id=u1_0.organization_id 
    where
        u1_0.username=?
2025-11-04T00:52:06.490-03:00 TRACE 83807 --- [mvt-events] [0.0-8080-exec-8] org.hibernate.orm.jdbc.bind              : binding parameter (1:VARCHAR) <- [motoboyA@gmail.com]
2025-11-04T00:52:06.490-03:00 TRACE 83807 --- [mvt-events] [0.0-8080-exec-9] org.hibernate.orm.jdbc.bind              : binding parameter (1:VARCHAR) <- [motoboyA@gmail.com]
2025-11-04T00:52:06.618-03:00 DEBUG 83807 --- [mvt-events] [0.0-8080-exec-9] org.hibernate.SQL                        : 
    /* update
        for com.mvt.mvt_events.jpa.User */update users 
    set
        address=?,
        city_id=?,
        country=?,
        document_number=?,
        date_of_birth=?,
        emergency_contact=?,
        enabled=?,
        gender=?,
        latitude=?,
        longitude=?,
        name=?,
        organization_id=?,
        password=?,
        phone=?,
        role=?,
        state=?,
        updated_at=?,
        username=? 
    where
        id=?
Hibernate: 
    /* update
        for com.mvt.mvt_events.jpa.User */update users 
    set
        address=?,
        city_id=?,
        country=?,
        document_number=?,
        date_of_birth=?,
        emergency_contact=?,
        enabled=?,
        gender=?,
        latitude=?,
        longitude=?,
        name=?,
        organization_id=?,
        password=?,
        phone=?,
        role=?,
        state=?,
        updated_at=?,
        username=? 
    where
        id=?
2025-11-04T00:52:06.618-03:00 DEBUG 83807 --- [mvt-events] [0.0-8080-exec-8] org.hibernate.SQL                        : 
    /* update
        for com.mvt.mvt_events.jpa.User */update users 
    set
        address=?,
        city_id=?,
        country=?,
        document_number=?,
        date_of_birth=?,
        emergency_contact=?,
        enabled=?,
        gender=?,
        latitude=?,
        longitude=?,
        name=?,
        organization_id=?,
        password=?,
        phone=?,
        role=?,
        state=?,
        updated_at=?,
        username=? 
    where
        id=?
Hibernate: 
    /* update
        for com.mvt.mvt_events.jpa.User */update users 
    set
        address=?,
        city_id=?,
        country=?,
        document_number=?,
        date_of_birth=?,
        emergency_contact=?,
        enabled=?,
        gender=?,
        latitude=?,
        longitude=?,
        name=?,
        organization_id=?,
        password=?,
        phone=?,
        role=?,
        state=?,
        updated_at=?,
        username=? 
    where
        id=?
2025-11-04T00:52:06.621-03:00 TRACE 83807 --- [mvt-events] [0.0-8080-exec-9] org.hibernate.orm.jdbc.bind              : binding parameter (1:VARCHAR) <- [Rua Joaquim Nabuco Pereira, 116]
2025-11-04T00:52:06.621-03:00 TRACE 83807 --- [mvt-events] [0.0-8080-exec-8] org.hibernate.orm.jdbc.bind              : binding parameter (1:VARCHAR) <- [Rua Joaquim Nabuco Pereira, 116]
2025-11-04T00:52:06.622-03:00 TRACE 83807 --- [mvt-events] [0.0-8080-exec-8] org.hibernate.orm.jdbc.bind              : binding parameter (2:BIGINT) <- [1068]
2025-11-04T00:52:06.622-03:00 TRACE 83807 --- [mvt-events] [0.0-8080-exec-9] org.hibernate.orm.jdbc.bind              : binding parameter (2:BIGINT) <- [1068]
2025-11-04T00:52:06.622-03:00 TRACE 83807 --- [mvt-events] [0.0-8080-exec-9] org.hibernate.orm.jdbc.bind              : binding parameter (3:VARCHAR) <- [null]
2025-11-04T00:52:06.622-03:00 TRACE 83807 --- [mvt-events] [0.0-8080-exec-8] org.hibernate.orm.jdbc.bind              : binding parameter (3:VARCHAR) <- [null]
2025-11-04T00:52:06.622-03:00 TRACE 83807 --- [mvt-events] [0.0-8080-exec-9] org.hibernate.orm.jdbc.bind              : binding parameter (4:VARCHAR) <- [11122233396]
2025-11-04T00:52:06.622-03:00 TRACE 83807 --- [mvt-events] [0.0-8080-exec-8] org.hibernate.orm.jdbc.bind              : binding parameter (4:VARCHAR) <- [11122233396]
2025-11-04T00:52:06.622-03:00 TRACE 83807 --- [mvt-events] [0.0-8080-exec-9] org.hibernate.orm.jdbc.bind              : binding parameter (5:DATE) <- [2025-10-22]
2025-11-04T00:52:06.622-03:00 TRACE 83807 --- [mvt-events] [0.0-8080-exec-8] org.hibernate.orm.jdbc.bind              : binding parameter (5:DATE) <- [2025-10-22]
2025-11-04T00:52:06.623-03:00 TRACE 83807 --- [mvt-events] [0.0-8080-exec-9] org.hibernate.orm.jdbc.bind              : binding parameter (6:VARCHAR) <- [null]
2025-11-04T00:52:06.623-03:00 TRACE 83807 --- [mvt-events] [0.0-8080-exec-8] org.hibernate.orm.jdbc.bind              : binding parameter (6:VARCHAR) <- [null]
2025-11-04T00:52:06.623-03:00 TRACE 83807 --- [mvt-events] [0.0-8080-exec-9] org.hibernate.orm.jdbc.bind              : binding parameter (7:BOOLEAN) <- [true]
2025-11-04T00:52:06.623-03:00 TRACE 83807 --- [mvt-events] [0.0-8080-exec-8] org.hibernate.orm.jdbc.bind              : binding parameter (7:BOOLEAN) <- [true]
2025-11-04T00:52:06.623-03:00 TRACE 83807 --- [mvt-events] [0.0-8080-exec-9] org.hibernate.orm.jdbc.bind              : binding parameter (8:VARCHAR) <- [MALE]
2025-11-04T00:52:06.623-03:00 TRACE 83807 --- [mvt-events] [0.0-8080-exec-8] org.hibernate.orm.jdbc.bind              : binding parameter (8:VARCHAR) <- [MALE]
2025-11-04T00:52:06.623-03:00 TRACE 83807 --- [mvt-events] [0.0-8080-exec-9] org.hibernate.orm.jdbc.bind              : binding parameter (9:DOUBLE) <- [-3.8558194551446094]
2025-11-04T00:52:06.623-03:00 TRACE 83807 --- [mvt-events] [0.0-8080-exec-8] org.hibernate.orm.jdbc.bind              : binding parameter (9:DOUBLE) <- [-3.8558194551446094]
2025-11-04T00:52:06.623-03:00 TRACE 83807 --- [mvt-events] [0.0-8080-exec-9] org.hibernate.orm.jdbc.bind              : binding parameter (10:DOUBLE) <- [-40.917334159481655]
2025-11-04T00:52:06.623-03:00 TRACE 83807 --- [mvt-events] [0.0-8080-exec-8] org.hibernate.orm.jdbc.bind              : binding parameter (10:DOUBLE) <- [-40.917334159481655]
2025-11-04T00:52:06.623-03:00 TRACE 83807 --- [mvt-events] [0.0-8080-exec-9] org.hibernate.orm.jdbc.bind              : binding parameter (11:VARCHAR) <- [Motoboy A]
2025-11-04T00:52:06.623-03:00 TRACE 83807 --- [mvt-events] [0.0-8080-exec-8] org.hibernate.orm.jdbc.bind              : binding parameter (11:VARCHAR) <- [Motoboy A]
2025-11-04T00:52:06.623-03:00 TRACE 83807 --- [mvt-events] [0.0-8080-exec-9] org.hibernate.orm.jdbc.bind              : binding parameter (12:BIGINT) <- [6]
2025-11-04T00:52:06.623-03:00 TRACE 83807 --- [mvt-events] [0.0-8080-exec-9] org.hibernate.orm.jdbc.bind              : binding parameter (13:VARCHAR) <- [$2a$10$kyn4lK8xPrehDU8klmR3/udy07AE2qjyAvSYge62q0HNZLXWgspOa]
2025-11-04T00:52:06.623-03:00 TRACE 83807 --- [mvt-events] [0.0-8080-exec-8] org.hibernate.orm.jdbc.bind              : binding parameter (12:BIGINT) <- [6]
2025-11-04T00:52:06.623-03:00 TRACE 83807 --- [mvt-events] [0.0-8080-exec-9] org.hibernate.orm.jdbc.bind              : binding parameter (14:VARCHAR) <- [85997572919]
2025-11-04T00:52:06.623-03:00 TRACE 83807 --- [mvt-events] [0.0-8080-exec-9] org.hibernate.orm.jdbc.bind              : binding parameter (15:VARCHAR) <- [COURIER]
2025-11-04T00:52:06.623-03:00 TRACE 83807 --- [mvt-events] [0.0-8080-exec-8] org.hibernate.orm.jdbc.bind              : binding parameter (13:VARCHAR) <- [$2a$10$kyn4lK8xPrehDU8klmR3/udy07AE2qjyAvSYge62q0HNZLXWgspOa]
2025-11-04T00:52:06.623-03:00 TRACE 83807 --- [mvt-events] [0.0-8080-exec-9] org.hibernate.orm.jdbc.bind              : binding parameter (16:VARCHAR) <- [null]
2025-11-04T00:52:06.623-03:00 TRACE 83807 --- [mvt-events] [0.0-8080-exec-8] org.hibernate.orm.jdbc.bind              : binding parameter (14:VARCHAR) <- [85997572919]
2025-11-04T00:52:06.624-03:00 TRACE 83807 --- [mvt-events] [0.0-8080-exec-9] org.hibernate.orm.jdbc.bind              : binding parameter (17:TIMESTAMP) <- [2025-11-04T00:52:06.563910]
2025-11-04T00:52:06.624-03:00 TRACE 83807 --- [mvt-events] [0.0-8080-exec-8] org.hibernate.orm.jdbc.bind              : binding parameter (15:VARCHAR) <- [COURIER]
2025-11-04T00:52:06.624-03:00 TRACE 83807 --- [mvt-events] [0.0-8080-exec-8] org.hibernate.orm.jdbc.bind              : binding parameter (16:VARCHAR) <- [null]
2025-11-04T00:52:06.624-03:00 TRACE 83807 --- [mvt-events] [0.0-8080-exec-8] org.hibernate.orm.jdbc.bind              : binding parameter (17:TIMESTAMP) <- [2025-11-04T00:52:06.563634]
2025-11-04T00:52:06.624-03:00 TRACE 83807 --- [mvt-events] [0.0-8080-exec-8] org.hibernate.orm.jdbc.bind              : binding parameter (18:VARCHAR) <- [motoboyA@gmail.com]
2025-11-04T00:52:06.624-03:00 TRACE 83807 --- [mvt-events] [0.0-8080-exec-8] org.hibernate.orm.jdbc.bind              : binding parameter (19:UUID) <- [6008534c-fe16-4d69-8bb7-d54745a3c980]
2025-11-04T00:52:06.624-03:00 TRACE 83807 --- [mvt-events] [0.0-8080-exec-9] org.hibernate.orm.jdbc.bind              : binding parameter (18:VARCHAR) <- [motoboyA@gmail.com]
2025-11-04T00:52:06.625-03:00 TRACE 83807 --- [mvt-events] [0.0-8080-exec-9] org.hibernate.orm.jdbc.bind              : binding parameter (19:UUID) <- [6008534c-fe16-4d69-8bb7-d54745a3c980]
2025-11-04T00:52:06.664-03:00  INFO 83807 --- [mvt-events] [0.0-8080-exec-9] com.mvt.mvt_events.tenant.TenantFilter   : 🔚 TenantFilter - Request completed
2025-11-04T00:52:06.664-03:00  INFO 83807 --- [mvt-events] [0.0-8080-exec-8] com.mvt.mvt_events.tenant.TenantFilter   : 🔚 TenantFilter - Request completed
2025-11-04T00:52:29.452-03:00 DEBUG 83807 --- [mvt-events] [0.0-8080-exec-2] org.hibernate.SQL                        : 
    /* SELECT
        u 
    FROM
        User u 
    WHERE
        u.username = :username */ select
            u1_0.id,
            u1_0.address,
            c1_0.id,
            c1_0.created_at,
            c1_0.ibge_code,
            c1_0.name,
            c1_0.state,
            c1_0.state_code,
            c1_0.updated_at,
            u1_0.country,
            u1_0.document_number,
            u1_0.created_at,
            u1_0.date_of_birth,
            u1_0.emergency_contact,
            u1_0.enabled,
            u1_0.gender,
            u1_0.latitude,
            u1_0.longitude,
            u1_0.name,
            o1_0.id,
            o1_0.city_id,
            o1_0.commission_percentage,
            o1_0.contact_email,
            o1_0.created_at,
            o1_0.description,
            o1_0.logo_url,
            o1_0.name,
            o1_0.phone,
            o1_0.slug,
            o1_0.status,
            o1_0.updated_at,
            o1_0.website,
            u1_0.password,
            u1_0.phone,
            u1_0.role,
            u1_0.state,
            u1_0.updated_at,
            u1_0.username 
        from
            users u1_0 
        left join
            cities c1_0 
                on c1_0.id=u1_0.city_id 
        left join
            organizations o1_0 
                on o1_0.id=u1_0.organization_id 
        where
            u1_0.username=?
Hibernate: 
    /* SELECT
        u 
    FROM
        User u 
    WHERE
        u.username = :username */ select
            u1_0.id,
            u1_0.address,
            c1_0.id,
            c1_0.created_at,
            c1_0.ibge_code,
            c1_0.name,
            c1_0.state,
            c1_0.state_code,
            c1_0.updated_at,
            u1_0.country,
            u1_0.document_number,
            u1_0.created_at,
            u1_0.date_of_birth,
            u1_0.emergency_contact,
            u1_0.enabled,
            u1_0.gender,
            u1_0.latitude,
            u1_0.longitude,
            u1_0.name,
            o1_0.id,
            o1_0.city_id,
            o1_0.commission_percentage,
            o1_0.contact_email,
            o1_0.created_at,
            o1_0.description,
            o1_0.logo_url,
            o1_0.name,
            o1_0.phone,
            o1_0.slug,
            o1_0.status,
            o1_0.updated_at,
            o1_0.website,
            u1_0.password,
            u1_0.phone,
            u1_0.role,
            u1_0.state,
            u1_0.updated_at,
            u1_0.username 
        from
            users u1_0 
        left join
            cities c1_0 
                on c1_0.id=u1_0.city_id 
        left join
            organizations o1_0 
                on o1_0.id=u1_0.organization_id 
        where
            u1_0.username=?
2025-11-04T00:52:29.457-03:00 TRACE 83807 --- [mvt-events] [0.0-8080-exec-2] org.hibernate.orm.jdbc.bind              : binding parameter (1:VARCHAR) <- [motoboyA@gmail.com]
2025-11-04T00:52:29.472-03:00  INFO 83807 --- [mvt-events] [0.0-8080-exec-2] com.mvt.mvt_events.tenant.TenantFilter   : 🔍 TenantFilter - Request: PUT /api/users/6008534c-fe16-4d69-8bb7-d54745a3c980/location
2025-11-04T00:52:29.472-03:00  INFO 83807 --- [mvt-events] [0.0-8080-exec-2] com.mvt.mvt_events.tenant.TenantFilter   : 🔍 TenantFilter - Authentication: UsernamePasswordAuthenticationToken
2025-11-04T00:52:29.473-03:00  INFO 83807 --- [mvt-events] [0.0-8080-exec-2] com.mvt.mvt_events.tenant.TenantFilter   : 🔍 TenantFilter - Principal type: com.mvt.mvt_events.jpa.User
2025-11-04T00:52:29.473-03:00  INFO 83807 --- [mvt-events] [0.0-8080-exec-2] com.mvt.mvt_events.tenant.TenantFilter   : 🔍 TenantFilter - Principal instanceof User: true
2025-11-04T00:52:29.473-03:00  INFO 83807 --- [mvt-events] [0.0-8080-exec-2] com.mvt.mvt_events.tenant.TenantFilter   : 🔍 TenantFilter - User: motoboyA@gmail.com
2025-11-04T00:52:29.474-03:00  INFO 83807 --- [mvt-events] [0.0-8080-exec-2] com.mvt.mvt_events.tenant.TenantFilter   : ✅ TenantFilter - Tenant ID set to: 378
2025-11-04T00:52:29.479-03:00 DEBUG 83807 --- [mvt-events] [0.0-8080-exec-2] org.hibernate.SQL                        : 
    select
        u1_0.id,
        u1_0.address,
        u1_0.city_id,
        u1_0.country,
        u1_0.document_number,
        u1_0.created_at,
        u1_0.date_of_birth,
        u1_0.emergency_contact,
        u1_0.enabled,
        u1_0.gender,
        u1_0.latitude,
        u1_0.longitude,
        u1_0.name,
        u1_0.organization_id,
        u1_0.password,
        u1_0.phone,
        u1_0.role,
        u1_0.state,
        u1_0.updated_at,
        u1_0.username 
    from
        users u1_0 
    where
        u1_0.id=?
Hibernate: 
    select
        u1_0.id,
        u1_0.address,
        u1_0.city_id,
        u1_0.country,
        u1_0.document_number,
        u1_0.created_at,
        u1_0.date_of_birth,
        u1_0.emergency_contact,
        u1_0.enabled,
        u1_0.gender,
        u1_0.latitude,
        u1_0.longitude,
        u1_0.name,
        u1_0.organization_id,
        u1_0.password,
        u1_0.phone,
        u1_0.role,
        u1_0.state,
        u1_0.updated_at,
        u1_0.username 
    from
        users u1_0 
    where
        u1_0.id=?
2025-11-04T00:52:29.480-03:00 TRACE 83807 --- [mvt-events] [0.0-8080-exec-2] org.hibernate.orm.jdbc.bind              : binding parameter (1:UUID) <- [6008534c-fe16-4d69-8bb7-d54745a3c980]
2025-11-04T00:52:29.499-03:00 DEBUG 83807 --- [mvt-events] [0.0-8080-exec-2] org.hibernate.SQL                        : 
    /* <criteria> */ select
        u1_0.id,
        u1_0.address,
        c1_0.id,
        c1_0.created_at,
        c1_0.ibge_code,
        c1_0.name,
        c1_0.state,
        c1_0.state_code,
        c1_0.updated_at,
        u1_0.country,
        u1_0.document_number,
        u1_0.created_at,
        u1_0.date_of_birth,
        u1_0.emergency_contact,
        u1_0.enabled,
        u1_0.gender,
        u1_0.latitude,
        u1_0.longitude,
        u1_0.name,
        o1_0.id,
        o1_0.city_id,
        o1_0.commission_percentage,
        o1_0.contact_email,
        o1_0.created_at,
        o1_0.description,
        o1_0.logo_url,
        o1_0.name,
        o1_0.phone,
        o1_0.slug,
        o1_0.status,
        o1_0.updated_at,
        o1_0.website,
        u1_0.password,
        u1_0.phone,
        u1_0.role,
        u1_0.state,
        u1_0.updated_at,
        u1_0.username 
    from
        users u1_0 
    left join
        cities c1_0 
            on c1_0.id=u1_0.city_id 
    left join
        organizations o1_0 
            on o1_0.id=u1_0.organization_id 
    where
        u1_0.username=?
Hibernate: 
    /* <criteria> */ select
        u1_0.id,
        u1_0.address,
        c1_0.id,
        c1_0.created_at,
        c1_0.ibge_code,
        c1_0.name,
        c1_0.state,
        c1_0.state_code,
        c1_0.updated_at,
        u1_0.country,
        u1_0.document_number,
        u1_0.created_at,
        u1_0.date_of_birth,
        u1_0.emergency_contact,
        u1_0.enabled,
        u1_0.gender,
        u1_0.latitude,
        u1_0.longitude,
        u1_0.name,
        o1_0.id,
        o1_0.city_id,
        o1_0.commission_percentage,
        o1_0.contact_email,
        o1_0.created_at,
        o1_0.description,
        o1_0.logo_url,
        o1_0.name,
        o1_0.phone,
        o1_0.slug,
        o1_0.status,
        o1_0.updated_at,
        o1_0.website,
        u1_0.password,
        u1_0.phone,
        u1_0.role,
        u1_0.state,
        u1_0.updated_at,
        u1_0.username 
    from
        users u1_0 
    left join
        cities c1_0 
            on c1_0.id=u1_0.city_id 
    left join
        organizations o1_0 
            on o1_0.id=u1_0.organization_id 
    where
        u1_0.username=?
2025-11-04T00:52:29.499-03:00 TRACE 83807 --- [mvt-events] [0.0-8080-exec-2] org.hibernate.orm.jdbc.bind              : binding parameter (1:VARCHAR) <- [motoboyA@gmail.com]
2025-11-04T00:52:29.510-03:00 DEBUG 83807 --- [mvt-events] [0.0-8080-exec-2] org.hibernate.SQL                        : 
    /* update
        for com.mvt.mvt_events.jpa.User */update users 
    set
        address=?,
        city_id=?,
        country=?,
        document_number=?,
        date_of_birth=?,
        emergency_contact=?,
        enabled=?,
        gender=?,
        latitude=?,
        longitude=?,
        name=?,
        organization_id=?,
        password=?,
        phone=?,
        role=?,
        state=?,
        updated_at=?,
        username=? 
    where
        id=?
Hibernate: 
    /* update
        for com.mvt.mvt_events.jpa.User */update users 
    set
        address=?,
        city_id=?,
        country=?,
        document_number=?,
        date_of_birth=?,
        emergency_contact=?,
        enabled=?,
        gender=?,
        latitude=?,
        longitude=?,
        name=?,
        organization_id=?,
        password=?,
        phone=?,
        role=?,
        state=?,
        updated_at=?,
        username=? 
    where
        id=?
2025-11-04T00:52:29.589-03:00 TRACE 83807 --- [mvt-events] [0.0-8080-exec-2] org.hibernate.orm.jdbc.bind              : binding parameter (1:VARCHAR) <- [Rua Joaquim Nabuco Pereira, 116]
2025-11-04T00:52:29.590-03:00 TRACE 83807 --- [mvt-events] [0.0-8080-exec-2] org.hibernate.orm.jdbc.bind              : binding parameter (2:BIGINT) <- [1068]
2025-11-04T00:52:29.590-03:00 TRACE 83807 --- [mvt-events] [0.0-8080-exec-2] org.hibernate.orm.jdbc.bind              : binding parameter (3:VARCHAR) <- [null]
2025-11-04T00:52:29.590-03:00 TRACE 83807 --- [mvt-events] [0.0-8080-exec-2] org.hibernate.orm.jdbc.bind              : binding parameter (4:VARCHAR) <- [11122233396]
2025-11-04T00:52:29.590-03:00 TRACE 83807 --- [mvt-events] [0.0-8080-exec-2] org.hibernate.orm.jdbc.bind              : binding parameter (5:DATE) <- [2025-10-22]
2025-11-04T00:52:29.590-03:00 TRACE 83807 --- [mvt-events] [0.0-8080-exec-2] org.hibernate.orm.jdbc.bind              : binding parameter (6:VARCHAR) <- [null]
2025-11-04T00:52:29.590-03:00 TRACE 83807 --- [mvt-events] [0.0-8080-exec-2] org.hibernate.orm.jdbc.bind              : binding parameter (7:BOOLEAN) <- [true]
2025-11-04T00:52:29.590-03:00 TRACE 83807 --- [mvt-events] [0.0-8080-exec-2] org.hibernate.orm.jdbc.bind              : binding parameter (8:VARCHAR) <- [MALE]
2025-11-04T00:52:29.590-03:00 TRACE 83807 --- [mvt-events] [0.0-8080-exec-2] org.hibernate.orm.jdbc.bind              : binding parameter (9:DOUBLE) <- [-3.8558194551446094]
2025-11-04T00:52:29.590-03:00 TRACE 83807 --- [mvt-events] [0.0-8080-exec-2] org.hibernate.orm.jdbc.bind              : binding parameter (10:DOUBLE) <- [-40.917334159481655]
2025-11-04T00:52:29.590-03:00 TRACE 83807 --- [mvt-events] [0.0-8080-exec-2] org.hibernate.orm.jdbc.bind              : binding parameter (11:VARCHAR) <- [Motoboy A]
2025-11-04T00:52:29.590-03:00 TRACE 83807 --- [mvt-events] [0.0-8080-exec-2] org.hibernate.orm.jdbc.bind              : binding parameter (12:BIGINT) <- [6]
2025-11-04T00:52:29.590-03:00 TRACE 83807 --- [mvt-events] [0.0-8080-exec-2] org.hibernate.orm.jdbc.bind              : binding parameter (13:VARCHAR) <- [$2a$10$kyn4lK8xPrehDU8klmR3/udy07AE2qjyAvSYge62q0HNZLXWgspOa]
2025-11-04T00:52:29.591-03:00 TRACE 83807 --- [mvt-events] [0.0-8080-exec-2] org.hibernate.orm.jdbc.bind              : binding parameter (14:VARCHAR) <- [85997572919]
2025-11-04T00:52:29.591-03:00 TRACE 83807 --- [mvt-events] [0.0-8080-exec-2] org.hibernate.orm.jdbc.bind              : binding parameter (15:VARCHAR) <- [COURIER]
2025-11-04T00:52:29.591-03:00 TRACE 83807 --- [mvt-events] [0.0-8080-exec-2] org.hibernate.orm.jdbc.bind              : binding parameter (16:VARCHAR) <- [null]
2025-11-04T00:52:29.591-03:00 TRACE 83807 --- [mvt-events] [0.0-8080-exec-2] org.hibernate.orm.jdbc.bind              : binding parameter (17:TIMESTAMP) <- [2025-11-04T00:52:29.507651]
2025-11-04T00:52:29.591-03:00 TRACE 83807 --- [mvt-events] [0.0-8080-exec-2] org.hibernate.orm.jdbc.bind              : binding parameter (18:VARCHAR) <- [motoboyA@gmail.com]
2025-11-04T00:52:29.591-03:00 TRACE 83807 --- [mvt-events] [0.0-8080-exec-2] org.hibernate.orm.jdbc.bind              : binding parameter (19:UUID) <- [6008534c-fe16-4d69-8bb7-d54745a3c980]
2025-11-04T00:52:29.621-03:00  INFO 83807 --- [mvt-events] [0.0-8080-exec-2] com.mvt.mvt_events.tenant.TenantFilter   : 🔚 TenantFilter - Request completed
2025-11-04T00:52:51.264-03:00  INFO 83807 --- [mvt-events] [   File Watcher] rtingClassPathChangeChangedEventListener : Restarting due to 1 class path change (0 additions, 1 deletion, 0 modifications)
2025-11-04T00:52:51.269-03:00  INFO 83807 --- [mvt-events] [      Thread-17] o.s.b.w.e.tomcat.GracefulShutdown        : Commencing graceful shutdown. Waiting for active requests to complete
2025-11-04T00:52:51.285-03:00  INFO 83807 --- [mvt-events] [tomcat-shutdown] o.s.b.w.e.tomcat.GracefulShutdown        : Graceful shutdown complete
2025-11-04T00:52:51.302-03:00  INFO 83807 --- [mvt-events] [      Thread-17] j.LocalContainerEntityManagerFactoryBean : Closing JPA EntityManagerFactory for persistence unit 'default'
2025-11-04T00:52:51.308-03:00  INFO 83807 --- [mvt-events] [      Thread-17] com.zaxxer.hikari.HikariDataSource       : HikariPool-1 - Shutdown initiated...
2025-11-04T00:52:51.312-03:00  INFO 83807 --- [mvt-events] [      Thread-17] com.zaxxer.hikari.HikariDataSource       : HikariPool-1 - Shutdown completed.

  .   ____          _            __ _ _
 /\\ / ___'_ __ _ _(_)_ __  __ _ \ \ \ \
( ( )\___ | '_ | '_| | '_ \/ _` | \ \ \ \
 \\/  ___)| |_)| | | | | || (_| |  ) ) ) )
  '  |____| .__|_| |_|_| |_\__, | / / / /
 =========|_|==============|___/=/_/_/_/

 :: Spring Boot ::                (v3.5.6)

2025-11-04T00:52:51.533-03:00  INFO 83807 --- [mvt-events] [  restartedMain] c.mvt.mvt_events.MvtEventsApplication    : Starting MvtEventsApplication using Java 17.0.12 with PID 83807 (/Users/jose.barros.br/Documents/projects/mvt-events/build/classes/java/main started by jose.barros.br in /Users/jose.barros.br/Documents/projects/mvt-events)
2025-11-04T00:52:51.534-03:00  INFO 83807 --- [mvt-events] [  restartedMain] c.mvt.mvt_events.MvtEventsApplication    : No active profile set, falling back to 1 default profile: "default"
2025-11-04T00:52:51.538-03:00  INFO 83807 --- [mvt-events] [  restartedMain] .s.b.d.c.l.DockerComposeLifecycleManager : Using Docker Compose file /Users/jose.barros.br/Documents/projects/mvt-events/compose.yaml
2025-11-04T00:52:53.095-03:00  INFO 83807 --- [mvt-events] [  restartedMain] .s.b.d.c.l.DockerComposeLifecycleManager : There are already Docker Compose services running, skipping startup
2025-11-04T00:52:53.771-03:00  INFO 83807 --- [mvt-events] [  restartedMain] .s.d.r.c.RepositoryConfigurationDelegate : Bootstrapping Spring Data JPA repositories in DEFAULT mode.
2025-11-04T00:52:53.877-03:00  INFO 83807 --- [mvt-events] [  restartedMain] .s.d.r.c.RepositoryConfigurationDelegate : Finished Spring Data repository scanning in 104 ms. Found 14 JPA repository interfaces.
2025-11-04T00:52:54.129-03:00  INFO 83807 --- [mvt-events] [  restartedMain] o.s.b.w.embedded.tomcat.TomcatWebServer  : Tomcat initialized with port 8080 (http)
2025-11-04T00:52:54.130-03:00  INFO 83807 --- [mvt-events] [  restartedMain] o.apache.catalina.core.StandardService   : Starting service [Tomcat]
2025-11-04T00:52:54.130-03:00  INFO 83807 --- [mvt-events] [  restartedMain] o.apache.catalina.core.StandardEngine    : Starting Servlet engine: [Apache Tomcat/10.1.46]
2025-11-04T00:52:54.162-03:00  INFO 83807 --- [mvt-events] [  restartedMain] o.a.c.c.C.[Tomcat].[localhost].[/]       : Initializing Spring embedded WebApplicationContext
2025-11-04T00:52:54.162-03:00  INFO 83807 --- [mvt-events] [  restartedMain] w.s.c.ServletWebServerApplicationContext : Root WebApplicationContext: initialization completed in 1065 ms
2025-11-04T00:52:54.548-03:00  INFO 83807 --- [mvt-events] [  restartedMain] org.flywaydb.core.FlywayExecutor         : Database: jdbc:postgresql://127.0.0.1:5435/mvt-events?ApplicationName=mvt-events (PostgreSQL 16.10)
2025-11-04T00:52:54.678-03:00  INFO 83807 --- [mvt-events] [  restartedMain] o.f.core.internal.command.DbValidate     : Successfully validated 48 migrations (execution time 00:00.065s)
2025-11-04T00:52:54.755-03:00  INFO 83807 --- [mvt-events] [  restartedMain] o.f.core.internal.command.DbMigrate      : Current version of schema "public": 48
2025-11-04T00:52:54.758-03:00  INFO 83807 --- [mvt-events] [  restartedMain] o.f.core.internal.command.DbMigrate      : Schema "public" is up to date. No migration necessary.
2025-11-04T00:52:54.811-03:00  INFO 83807 --- [mvt-events] [  restartedMain] o.hibernate.jpa.internal.util.LogHelper  : HHH000204: Processing PersistenceUnitInfo [name: default]
2025-11-04T00:52:54.814-03:00  INFO 83807 --- [mvt-events] [  restartedMain] o.h.c.internal.RegionFactoryInitiator    : HHH000026: Second-level cache disabled
2025-11-04T00:52:54.826-03:00  INFO 83807 --- [mvt-events] [  restartedMain] o.s.o.j.p.SpringPersistenceUnitInfo      : No LoadTimeWeaver setup: ignoring JPA class transformer
2025-11-04T00:52:54.828-03:00  INFO 83807 --- [mvt-events] [  restartedMain] com.zaxxer.hikari.HikariDataSource       : HikariPool-2 - Starting...
2025-11-04T00:52:54.870-03:00  INFO 83807 --- [mvt-events] [  restartedMain] com.zaxxer.hikari.pool.HikariPool        : HikariPool-2 - Added connection org.postgresql.jdbc.PgConnection@6fcab0fe
2025-11-04T00:52:54.871-03:00  INFO 83807 --- [mvt-events] [  restartedMain] com.zaxxer.hikari.HikariDataSource       : HikariPool-2 - Start completed.
2025-11-04T00:52:54.889-03:00  INFO 83807 --- [mvt-events] [  restartedMain] org.hibernate.orm.connections.pooling    : HHH10001005: Database info:
	Database JDBC URL [Connecting through datasource 'HikariDataSource (HikariPool-2)']
	Database driver: undefined/unknown
	Database version: 16.10
	Autocommit mode: undefined/unknown
	Isolation level: undefined/unknown
	Minimum pool size: undefined/unknown
	Maximum pool size: undefined/unknown
2025-11-04T00:52:55.407-03:00  INFO 83807 --- [mvt-events] [  restartedMain] o.h.e.t.j.p.i.JtaPlatformInitiator       : HHH000489: No JTA platform available (set 'hibernate.transaction.jta.platform' to enable JTA platform integration)
2025-11-04T00:52:55.495-03:00  INFO 83807 --- [mvt-events] [  restartedMain] j.LocalContainerEntityManagerFactoryBean : Initialized JPA EntityManagerFactory for persistence unit 'default'
2025-11-04T00:52:55.717-03:00 DEBUG 83807 --- [mvt-events] [  restartedMain] com.mvt.mvt_events.tenant.TenantFilter   : Filter 'tenantFilter' configured for use
2025-11-04T00:52:55.818-03:00  INFO 83807 --- [mvt-events] [  restartedMain] r$InitializeUserDetailsManagerConfigurer : Global AuthenticationManager configured with UserDetailsService bean with name customUserDetailsService
2025-11-04T00:52:56.488-03:00  INFO 83807 --- [mvt-events] [  restartedMain] o.s.b.a.e.web.EndpointLinksResolver      : Exposing 3 endpoints beneath base path '/actuator'
2025-11-04T00:52:56.802-03:00  INFO 83807 --- [mvt-events] [  restartedMain] o.s.b.d.a.OptionalLiveReloadServer       : LiveReload server is running on port 35729
2025-11-04T00:52:56.824-03:00  INFO 83807 --- [mvt-events] [  restartedMain] o.s.b.w.embedded.tomcat.TomcatWebServer  : Tomcat started on port 8080 (http) with context path '/'
2025-11-04T00:52:56.840-03:00  INFO 83807 --- [mvt-events] [  restartedMain] c.mvt.mvt_events.MvtEventsApplication    : Started MvtEventsApplication in 5.344 seconds (process running for 251.787)
2025-11-04T00:52:56.845-03:00  INFO 83807 --- [mvt-events] [  restartedMain] c.mvt.mvt_events.startup.CityDataLoader  : 🇧🇷 Iniciando verificação das cidades brasileiras...
2025-11-04T00:52:56.847-03:00 DEBUG 83807 --- [mvt-events] [  restartedMain] org.hibernate.SQL                        : 
    /* select
        count(*) 
    from
        City x */ select
            count(*) 
        from
            cities c1_0
Hibernate: 
    /* select
        count(*) 
    from
        City x */ select
            count(*) 
        from
            cities c1_0
2025-11-04T00:52:56.854-03:00  INFO 83807 --- [mvt-events] [  restartedMain] c.mvt.mvt_events.startup.CityDataLoader  : ✅ Cidades já carregadas no banco: 5570 registros (>= 5570). Não é necessário recarregar.
2025-11-04T00:52:56.859-03:00  INFO 83807 --- [mvt-events] [  restartedMain] .ConditionEvaluationDeltaLoggingListener : Condition evaluation unchanged
2025-11-04T00:52:57.701-03:00  INFO 83807 --- [mvt-events] [0.0-8080-exec-1] o.a.c.c.C.[Tomcat].[localhost].[/]       : Initializing Spring DispatcherServlet 'dispatcherServlet'
2025-11-04T00:52:57.701-03:00  INFO 83807 --- [mvt-events] [0.0-8080-exec-1] o.s.web.servlet.DispatcherServlet        : Initializing Servlet 'dispatcherServlet'
2025-11-04T00:52:57.704-03:00  INFO 83807 --- [mvt-events] [0.0-8080-exec-1] o.s.web.servlet.DispatcherServlet        : Completed initialization in 3 ms
2025-11-04T00:52:57.706-03:00  WARN 83807 --- [mvt-events] [0.0-8080-exec-1] c.m.m.common.JwtAuthenticationFilter     : JWT Token does not begin with Bearer String
2025-11-04T00:52:58.250-03:00  INFO 83807 --- [mvt-events] [   File Watcher] rtingClassPathChangeChangedEventListener : Restarting due to 1 class path change (1 addition, 0 deletions, 0 modifications)
2025-11-04T00:52:58.251-03:00  INFO 83807 --- [mvt-events] [      Thread-19] o.s.b.w.e.tomcat.GracefulShutdown        : Commencing graceful shutdown. Waiting for active requests to complete
2025-11-04T00:52:58.254-03:00  INFO 83807 --- [mvt-events] [tomcat-shutdown] o.s.b.w.e.tomcat.GracefulShutdown        : Graceful shutdown complete
2025-11-04T00:52:58.258-03:00  INFO 83807 --- [mvt-events] [      Thread-19] j.LocalContainerEntityManagerFactoryBean : Closing JPA EntityManagerFactory for persistence unit 'default'
2025-11-04T00:52:58.258-03:00  INFO 83807 --- [mvt-events] [      Thread-19] com.zaxxer.hikari.HikariDataSource       : HikariPool-2 - Shutdown initiated...
2025-11-04T00:52:58.260-03:00  INFO 83807 --- [mvt-events] [      Thread-19] com.zaxxer.hikari.HikariDataSource       : HikariPool-2 - Shutdown completed.

  .   ____          _            __ _ _
 /\\ / ___'_ __ _ _(_)_ __  __ _ \ \ \ \
( ( )\___ | '_ | '_| | '_ \/ _` | \ \ \ \
 \\/  ___)| |_)| | | | | || (_| |  ) ) ) )
  '  |____| .__|_| |_|_| |_\__, | / / / /
 =========|_|==============|___/=/_/_/_/

 :: Spring Boot ::                (v3.5.6)

2025-11-04T00:52:58.388-03:00  INFO 83807 --- [mvt-events] [  restartedMain] c.mvt.mvt_events.MvtEventsApplication    : Starting MvtEventsApplication using Java 17.0.12 with PID 83807 (/Users/jose.barros.br/Documents/projects/mvt-events/build/classes/java/main started by jose.barros.br in /Users/jose.barros.br/Documents/projects/mvt-events)
2025-11-04T00:52:58.388-03:00  INFO 83807 --- [mvt-events] [  restartedMain] c.mvt.mvt_events.MvtEventsApplication    : No active profile set, falling back to 1 default profile: "default"
2025-11-04T00:52:58.391-03:00  INFO 83807 --- [mvt-events] [  restartedMain] .s.b.d.c.l.DockerComposeLifecycleManager : Using Docker Compose file /Users/jose.barros.br/Documents/projects/mvt-events/compose.yaml
2025-11-04T00:52:59.280-03:00  INFO 83807 --- [mvt-events] [  restartedMain] .s.b.d.c.l.DockerComposeLifecycleManager : There are already Docker Compose services running, skipping startup
2025-11-04T00:52:59.905-03:00  INFO 83807 --- [mvt-events] [  restartedMain] .s.d.r.c.RepositoryConfigurationDelegate : Bootstrapping Spring Data JPA repositories in DEFAULT mode.
2025-11-04T00:52:59.969-03:00  INFO 83807 --- [mvt-events] [  restartedMain] .s.d.r.c.RepositoryConfigurationDelegate : Finished Spring Data repository scanning in 62 ms. Found 14 JPA repository interfaces.
2025-11-04T00:53:00.149-03:00  INFO 83807 --- [mvt-events] [  restartedMain] o.s.b.w.embedded.tomcat.TomcatWebServer  : Tomcat initialized with port 8080 (http)
2025-11-04T00:53:00.149-03:00  INFO 83807 --- [mvt-events] [  restartedMain] o.apache.catalina.core.StandardService   : Starting service [Tomcat]
2025-11-04T00:53:00.150-03:00  INFO 83807 --- [mvt-events] [  restartedMain] o.apache.catalina.core.StandardEngine    : Starting Servlet engine: [Apache Tomcat/10.1.46]
2025-11-04T00:53:00.180-03:00  INFO 83807 --- [mvt-events] [  restartedMain] o.a.c.c.C.[Tomcat].[localhost].[/]       : Initializing Spring embedded WebApplicationContext
2025-11-04T00:53:00.180-03:00  INFO 83807 --- [mvt-events] [  restartedMain] w.s.c.ServletWebServerApplicationContext : Root WebApplicationContext: initialization completed in 898 ms
2025-11-04T00:53:00.467-03:00  INFO 83807 --- [mvt-events] [  restartedMain] org.flywaydb.core.FlywayExecutor         : Database: jdbc:postgresql://127.0.0.1:5435/mvt-events?ApplicationName=mvt-events (PostgreSQL 16.10)
2025-11-04T00:53:00.587-03:00  INFO 83807 --- [mvt-events] [  restartedMain] o.f.core.internal.command.DbValidate     : Successfully validated 48 migrations (execution time 00:00.081s)
2025-11-04T00:53:00.682-03:00  INFO 83807 --- [mvt-events] [  restartedMain] o.f.core.internal.command.DbMigrate      : Current version of schema "public": 48
2025-11-04T00:53:00.686-03:00  INFO 83807 --- [mvt-events] [  restartedMain] o.f.core.internal.command.DbMigrate      : Schema "public" is up to date. No migration necessary.
2025-11-04T00:53:00.750-03:00  INFO 83807 --- [mvt-events] [  restartedMain] o.hibernate.jpa.internal.util.LogHelper  : HHH000204: Processing PersistenceUnitInfo [name: default]
2025-11-04T00:53:00.754-03:00  INFO 83807 --- [mvt-events] [  restartedMain] o.h.c.internal.RegionFactoryInitiator    : HHH000026: Second-level cache disabled
2025-11-04T00:53:00.767-03:00  INFO 83807 --- [mvt-events] [  restartedMain] o.s.o.j.p.SpringPersistenceUnitInfo      : No LoadTimeWeaver setup: ignoring JPA class transformer
2025-11-04T00:53:00.768-03:00  INFO 83807 --- [mvt-events] [  restartedMain] com.zaxxer.hikari.HikariDataSource       : HikariPool-3 - Starting...
2025-11-04T00:53:00.812-03:00  INFO 83807 --- [mvt-events] [  restartedMain] com.zaxxer.hikari.pool.HikariPool        : HikariPool-3 - Added connection org.postgresql.jdbc.PgConnection@1c47144e
2025-11-04T00:53:00.812-03:00  INFO 83807 --- [mvt-events] [  restartedMain] com.zaxxer.hikari.HikariDataSource       : HikariPool-3 - Start completed.
2025-11-04T00:53:00.826-03:00  INFO 83807 --- [mvt-events] [  restartedMain] org.hibernate.orm.connections.pooling    : HHH10001005: Database info:
	Database JDBC URL [Connecting through datasource 'HikariDataSource (HikariPool-3)']
	Database driver: undefined/unknown
	Database version: 16.10
	Autocommit mode: undefined/unknown
	Isolation level: undefined/unknown
	Minimum pool size: undefined/unknown
	Maximum pool size: undefined/unknown
2025-11-04T00:53:01.166-03:00  INFO 83807 --- [mvt-events] [  restartedMain] o.h.e.t.j.p.i.JtaPlatformInitiator       : HHH000489: No JTA platform available (set 'hibernate.transaction.jta.platform' to enable JTA platform integration)
2025-11-04T00:53:01.212-03:00  INFO 83807 --- [mvt-events] [  restartedMain] j.LocalContainerEntityManagerFactoryBean : Initialized JPA EntityManagerFactory for persistence unit 'default'
2025-11-04T00:53:01.309-03:00 DEBUG 83807 --- [mvt-events] [  restartedMain] com.mvt.mvt_events.tenant.TenantFilter   : Filter 'tenantFilter' configured for use
2025-11-04T00:53:01.383-03:00  INFO 83807 --- [mvt-events] [  restartedMain] r$InitializeUserDetailsManagerConfigurer : Global AuthenticationManager configured with UserDetailsService bean with name customUserDetailsService
2025-11-04T00:53:01.932-03:00  INFO 83807 --- [mvt-events] [  restartedMain] o.s.b.a.e.web.EndpointLinksResolver      : Exposing 3 endpoints beneath base path '/actuator'
2025-11-04T00:53:02.208-03:00  INFO 83807 --- [mvt-events] [  restartedMain] o.s.b.d.a.OptionalLiveReloadServer       : LiveReload server is running on port 35729
2025-11-04T00:53:02.229-03:00  INFO 83807 --- [mvt-events] [  restartedMain] o.s.b.w.embedded.tomcat.TomcatWebServer  : Tomcat started on port 8080 (http) with context path '/'
2025-11-04T00:53:02.244-03:00  INFO 83807 --- [mvt-events] [  restartedMain] c.mvt.mvt_events.MvtEventsApplication    : Started MvtEventsApplication in 3.878 seconds (process running for 257.191)
2025-11-04T00:53:02.250-03:00  INFO 83807 --- [mvt-events] [  restartedMain] c.mvt.mvt_events.startup.CityDataLoader  : 🇧🇷 Iniciando verificação das cidades brasileiras...
2025-11-04T00:53:02.253-03:00 DEBUG 83807 --- [mvt-events] [  restartedMain] org.hibernate.SQL                        : 
    /* select
        count(*) 
    from
        City x */ select
            count(*) 
        from
            cities c1_0
Hibernate: 
    /* select
        count(*) 
    from
        City x */ select
            count(*) 
        from
            cities c1_0
2025-11-04T00:53:02.259-03:00  INFO 83807 --- [mvt-events] [  restartedMain] c.mvt.mvt_events.startup.CityDataLoader  : ✅ Cidades já carregadas no banco: 5570 registros (>= 5570). Não é necessário recarregar.
2025-11-04T00:53:02.263-03:00  INFO 83807 --- [mvt-events] [  restartedMain] .ConditionEvaluationDeltaLoggingListener : Condition evaluation unchanged
2025-11-04T00:53:12.763-03:00  INFO 83807 --- [mvt-events] [0.0-8080-exec-1] o.a.c.c.C.[Tomcat].[localhost].[/]       : Initializing Spring DispatcherServlet 'dispatcherServlet'
2025-11-04T00:53:12.763-03:00  INFO 83807 --- [mvt-events] [0.0-8080-exec-1] o.s.web.servlet.DispatcherServlet        : Initializing Servlet 'dispatcherServlet'
2025-11-04T00:53:12.765-03:00  INFO 83807 --- [mvt-events] [0.0-8080-exec-1] o.s.web.servlet.DispatcherServlet        : Completed initialization in 2 ms
2025-11-04T00:53:12.769-03:00  WARN 83807 --- [mvt-events] [0.0-8080-exec-1] c.m.m.common.JwtAuthenticationFilter     : JWT Token has expired or is invalid
2025-11-04T00:53:12.769-03:00  INFO 83807 --- [mvt-events] [0.0-8080-exec-1] com.mvt.mvt_events.tenant.TenantFilter   : 🔍 TenantFilter - Request: GET /api/debug/courier-trace
2025-11-04T00:53:12.769-03:00  INFO 83807 --- [mvt-events] [0.0-8080-exec-1] com.mvt.mvt_events.tenant.TenantFilter   : 🔍 TenantFilter - Authentication: null
2025-11-04T00:53:12.770-03:00  WARN 83807 --- [mvt-events] [0.0-8080-exec-1] com.mvt.mvt_events.tenant.TenantFilter   : ⚠️ TenantFilter - No authentication or not authenticated
2025-11-04T00:53:12.776-03:00  WARN 83807 --- [mvt-events] [0.0-8080-exec-1] .m.m.a.ExceptionHandlerExceptionResolver : Resolved [org.springframework.web.servlet.resource.NoResourceFoundException: No static resource api/debug/courier-trace.]
2025-11-04T00:53:12.777-03:00  INFO 83807 --- [mvt-events] [0.0-8080-exec-1] com.mvt.mvt_events.tenant.TenantFilter   : 🔚 TenantFilter - Request completed
2025-11-04T00:53:57.295-03:00  INFO 83807 --- [mvt-events] [   File Watcher] rtingClassPathChangeChangedEventListener : Restarting due to 1 class path change (0 additions, 1 deletion, 0 modifications)
2025-11-04T00:53:57.298-03:00  INFO 83807 --- [mvt-events] [      Thread-31] o.s.b.w.e.tomcat.GracefulShutdown        : Commencing graceful shutdown. Waiting for active requests to complete
2025-11-04T00:53:57.319-03:00  INFO 83807 --- [mvt-events] [tomcat-shutdown] o.s.b.w.e.tomcat.GracefulShutdown        : Graceful shutdown complete
2025-11-04T00:53:57.326-03:00  INFO 83807 --- [mvt-events] [      Thread-31] j.LocalContainerEntityManagerFactoryBean : Closing JPA EntityManagerFactory for persistence unit 'default'
2025-11-04T00:53:57.327-03:00  INFO 83807 --- [mvt-events] [      Thread-31] com.zaxxer.hikari.HikariDataSource       : HikariPool-3 - Shutdown initiated...
2025-11-04T00:53:57.330-03:00  INFO 83807 --- [mvt-events] [      Thread-31] com.zaxxer.hikari.HikariDataSource       : HikariPool-3 - Shutdown completed.

  .   ____          _            __ _ _
 /\\ / ___'_ __ _ _(_)_ __  __ _ \ \ \ \
( ( )\___ | '_ | '_| | '_ \/ _` | \ \ \ \
 \\/  ___)| |_)| | | | | || (_| |  ) ) ) )
  '  |____| .__|_| |_|_| |_\__, | / / / /
 =========|_|==============|___/=/_/_/_/

 :: Spring Boot ::                (v3.5.6)

2025-11-04T00:53:57.485-03:00  INFO 83807 --- [mvt-events] [  restartedMain] c.mvt.mvt_events.MvtEventsApplication    : Starting MvtEventsApplication using Java 17.0.12 with PID 83807 (/Users/jose.barros.br/Documents/projects/mvt-events/build/classes/java/main started by jose.barros.br in /Users/jose.barros.br/Documents/projects/mvt-events)
2025-11-04T00:53:57.486-03:00  INFO 83807 --- [mvt-events] [  restartedMain] c.mvt.mvt_events.MvtEventsApplication    : No active profile set, falling back to 1 default profile: "default"
2025-11-04T00:53:57.490-03:00  INFO 83807 --- [mvt-events] [  restartedMain] .s.b.d.c.l.DockerComposeLifecycleManager : Using Docker Compose file /Users/jose.barros.br/Documents/projects/mvt-events/compose.yaml
2025-11-04T00:53:58.887-03:00  INFO 83807 --- [mvt-events] [  restartedMain] .s.b.d.c.l.DockerComposeLifecycleManager : There are already Docker Compose services running, skipping startup
2025-11-04T00:53:59.648-03:00  INFO 83807 --- [mvt-events] [  restartedMain] .s.d.r.c.RepositoryConfigurationDelegate : Bootstrapping Spring Data JPA repositories in DEFAULT mode.
2025-11-04T00:53:59.705-03:00  INFO 83807 --- [mvt-events] [  restartedMain] .s.d.r.c.RepositoryConfigurationDelegate : Finished Spring Data repository scanning in 55 ms. Found 14 JPA repository interfaces.
2025-11-04T00:53:59.865-03:00  INFO 83807 --- [mvt-events] [  restartedMain] o.s.b.w.embedded.tomcat.TomcatWebServer  : Tomcat initialized with port 8080 (http)
2025-11-04T00:53:59.866-03:00  INFO 83807 --- [mvt-events] [  restartedMain] o.apache.catalina.core.StandardService   : Starting service [Tomcat]
2025-11-04T00:53:59.866-03:00  INFO 83807 --- [mvt-events] [  restartedMain] o.apache.catalina.core.StandardEngine    : Starting Servlet engine: [Apache Tomcat/10.1.46]
2025-11-04T00:53:59.886-03:00  INFO 83807 --- [mvt-events] [  restartedMain] o.a.c.c.C.[Tomcat].[localhost].[/]       : Initializing Spring embedded WebApplicationContext
2025-11-04T00:53:59.886-03:00  INFO 83807 --- [mvt-events] [  restartedMain] w.s.c.ServletWebServerApplicationContext : Root WebApplicationContext: initialization completed in 996 ms
2025-11-04T00:54:00.029-03:00  INFO 83807 --- [mvt-events] [  restartedMain] org.flywaydb.core.FlywayExecutor         : Database: jdbc:postgresql://127.0.0.1:5435/mvt-events?ApplicationName=mvt-events (PostgreSQL 16.10)
2025-11-04T00:54:00.117-03:00  INFO 83807 --- [mvt-events] [  restartedMain] o.f.core.internal.command.DbValidate     : Successfully validated 48 migrations (execution time 00:00.062s)
2025-11-04T00:54:00.179-03:00  INFO 83807 --- [mvt-events] [  restartedMain] o.f.core.internal.command.DbMigrate      : Current version of schema "public": 48
2025-11-04T00:54:00.181-03:00  INFO 83807 --- [mvt-events] [  restartedMain] o.f.core.internal.command.DbMigrate      : Schema "public" is up to date. No migration necessary.
2025-11-04T00:54:00.239-03:00  INFO 83807 --- [mvt-events] [  restartedMain] o.hibernate.jpa.internal.util.LogHelper  : HHH000204: Processing PersistenceUnitInfo [name: default]
2025-11-04T00:54:00.243-03:00  INFO 83807 --- [mvt-events] [  restartedMain] o.h.c.internal.RegionFactoryInitiator    : HHH000026: Second-level cache disabled
2025-11-04T00:54:00.253-03:00  INFO 83807 --- [mvt-events] [  restartedMain] o.s.o.j.p.SpringPersistenceUnitInfo      : No LoadTimeWeaver setup: ignoring JPA class transformer
2025-11-04T00:54:00.254-03:00  INFO 83807 --- [mvt-events] [  restartedMain] com.zaxxer.hikari.HikariDataSource       : HikariPool-4 - Starting...
2025-11-04T00:54:00.303-03:00  INFO 83807 --- [mvt-events] [  restartedMain] com.zaxxer.hikari.pool.HikariPool        : HikariPool-4 - Added connection org.postgresql.jdbc.PgConnection@393e8853
2025-11-04T00:54:00.304-03:00  INFO 83807 --- [mvt-events] [  restartedMain] com.zaxxer.hikari.HikariDataSource       : HikariPool-4 - Start completed.
2025-11-04T00:54:00.326-03:00  INFO 83807 --- [mvt-events] [  restartedMain] org.hibernate.orm.connections.pooling    : HHH10001005: Database info:
	Database JDBC URL [Connecting through datasource 'HikariDataSource (HikariPool-4)']
	Database driver: undefined/unknown
	Database version: 16.10
	Autocommit mode: undefined/unknown
	Isolation level: undefined/unknown
	Minimum pool size: undefined/unknown
	Maximum pool size: undefined/unknown
2025-11-04T00:54:00.648-03:00  INFO 83807 --- [mvt-events] [  restartedMain] o.h.e.t.j.p.i.JtaPlatformInitiator       : HHH000489: No JTA platform available (set 'hibernate.transaction.jta.platform' to enable JTA platform integration)
2025-11-04T00:54:00.708-03:00  INFO 83807 --- [mvt-events] [  restartedMain] j.LocalContainerEntityManagerFactoryBean : Initialized JPA EntityManagerFactory for persistence unit 'default'
2025-11-04T00:54:00.809-03:00 DEBUG 83807 --- [mvt-events] [  restartedMain] com.mvt.mvt_events.tenant.TenantFilter   : Filter 'tenantFilter' configured for use
2025-11-04T00:54:00.880-03:00  INFO 83807 --- [mvt-events] [  restartedMain] r$InitializeUserDetailsManagerConfigurer : Global AuthenticationManager configured with UserDetailsService bean with name customUserDetailsService
2025-11-04T00:54:01.467-03:00  INFO 83807 --- [mvt-events] [  restartedMain] o.s.b.a.e.web.EndpointLinksResolver      : Exposing 3 endpoints beneath base path '/actuator'
2025-11-04T00:54:01.745-03:00  INFO 83807 --- [mvt-events] [  restartedMain] o.s.b.d.a.OptionalLiveReloadServer       : LiveReload server is running on port 35729
2025-11-04T00:54:01.774-03:00  INFO 83807 --- [mvt-events] [  restartedMain] o.s.b.w.embedded.tomcat.TomcatWebServer  : Tomcat started on port 8080 (http) with context path '/'
2025-11-04T00:54:01.793-03:00  INFO 83807 --- [mvt-events] [  restartedMain] c.mvt.mvt_events.MvtEventsApplication    : Started MvtEventsApplication in 4.334 seconds (process running for 316.74)
2025-11-04T00:54:01.800-03:00  INFO 83807 --- [mvt-events] [  restartedMain] c.mvt.mvt_events.startup.CityDataLoader  : 🇧🇷 Iniciando verificação das cidades brasileiras...
2025-11-04T00:54:01.802-03:00 DEBUG 83807 --- [mvt-events] [  restartedMain] org.hibernate.SQL                        : 
    /* select
        count(*) 
    from
        City x */ select
            count(*) 
        from
            cities c1_0
Hibernate: 
    /* select
        count(*) 
    from
        City x */ select
            count(*) 
        from
            cities c1_0
2025-11-04T00:54:01.809-03:00  INFO 83807 --- [mvt-events] [  restartedMain] c.mvt.mvt_events.startup.CityDataLoader  : ✅ Cidades já carregadas no banco: 5570 registros (>= 5570). Não é necessário recarregar.
2025-11-04T00:54:01.814-03:00  INFO 83807 --- [mvt-events] [  restartedMain] .ConditionEvaluationDeltaLoggingListener : Condition evaluation unchanged
2025-11-04T00:54:03.189-03:00  INFO 83807 --- [mvt-events] [   File Watcher] rtingClassPathChangeChangedEventListener : Restarting due to 1 class path change (1 addition, 0 deletions, 0 modifications)
2025-11-04T00:54:03.190-03:00  INFO 83807 --- [mvt-events] [      Thread-43] o.s.b.w.e.tomcat.GracefulShutdown        : Commencing graceful shutdown. Waiting for active requests to complete
2025-11-04T00:54:03.193-03:00  INFO 83807 --- [mvt-events] [tomcat-shutdown] o.s.b.w.e.tomcat.GracefulShutdown        : Graceful shutdown complete
2025-11-04T00:54:03.197-03:00  INFO 83807 --- [mvt-events] [      Thread-43] j.LocalContainerEntityManagerFactoryBean : Closing JPA EntityManagerFactory for persistence unit 'default'
2025-11-04T00:54:03.198-03:00  INFO 83807 --- [mvt-events] [      Thread-43] com.zaxxer.hikari.HikariDataSource       : HikariPool-4 - Shutdown initiated...
2025-11-04T00:54:03.200-03:00  INFO 83807 --- [mvt-events] [      Thread-43] com.zaxxer.hikari.HikariDataSource       : HikariPool-4 - Shutdown completed.

  .   ____          _            __ _ _
 /\\ / ___'_ __ _ _(_)_ __  __ _ \ \ \ \
( ( )\___ | '_ | '_| | '_ \/ _` | \ \ \ \
 \\/  ___)| |_)| | | | | || (_| |  ) ) ) )
  '  |____| .__|_| |_|_| |_\__, | / / / /
 =========|_|==============|___/=/_/_/_/

 :: Spring Boot ::                (v3.5.6)

2025-11-04T00:54:03.327-03:00  INFO 83807 --- [mvt-events] [  restartedMain] c.mvt.mvt_events.MvtEventsApplication    : Starting MvtEventsApplication using Java 17.0.12 with PID 83807 (/Users/jose.barros.br/Documents/projects/mvt-events/build/classes/java/main started by jose.barros.br in /Users/jose.barros.br/Documents/projects/mvt-events)
2025-11-04T00:54:03.327-03:00  INFO 83807 --- [mvt-events] [  restartedMain] c.mvt.mvt_events.MvtEventsApplication    : No active profile set, falling back to 1 default profile: "default"
2025-11-04T00:54:03.330-03:00  INFO 83807 --- [mvt-events] [  restartedMain] .s.b.d.c.l.DockerComposeLifecycleManager : Using Docker Compose file /Users/jose.barros.br/Documents/projects/mvt-events/compose.yaml
2025-11-04T00:54:04.162-03:00  INFO 83807 --- [mvt-events] [  restartedMain] .s.b.d.c.l.DockerComposeLifecycleManager : There are already Docker Compose services running, skipping startup
2025-11-04T00:54:04.678-03:00  INFO 83807 --- [mvt-events] [  restartedMain] .s.d.r.c.RepositoryConfigurationDelegate : Bootstrapping Spring Data JPA repositories in DEFAULT mode.
2025-11-04T00:54:04.745-03:00  INFO 83807 --- [mvt-events] [  restartedMain] .s.d.r.c.RepositoryConfigurationDelegate : Finished Spring Data repository scanning in 65 ms. Found 14 JPA repository interfaces.
2025-11-04T00:54:04.931-03:00  INFO 83807 --- [mvt-events] [  restartedMain] o.s.b.w.embedded.tomcat.TomcatWebServer  : Tomcat initialized with port 8080 (http)
2025-11-04T00:54:04.932-03:00  INFO 83807 --- [mvt-events] [  restartedMain] o.apache.catalina.core.StandardService   : Starting service [Tomcat]
2025-11-04T00:54:04.933-03:00  INFO 83807 --- [mvt-events] [  restartedMain] o.apache.catalina.core.StandardEngine    : Starting Servlet engine: [Apache Tomcat/10.1.46]
2025-11-04T00:54:04.957-03:00  INFO 83807 --- [mvt-events] [  restartedMain] o.a.c.c.C.[Tomcat].[localhost].[/]       : Initializing Spring embedded WebApplicationContext
2025-11-04T00:54:04.958-03:00  INFO 83807 --- [mvt-events] [  restartedMain] w.s.c.ServletWebServerApplicationContext : Root WebApplicationContext: initialization completed in 792 ms
2025-11-04T00:54:05.194-03:00  INFO 83807 --- [mvt-events] [  restartedMain] org.flywaydb.core.FlywayExecutor         : Database: jdbc:postgresql://127.0.0.1:5435/mvt-events?ApplicationName=mvt-events (PostgreSQL 16.10)
2025-11-04T00:54:05.283-03:00  INFO 83807 --- [mvt-events] [  restartedMain] o.f.core.internal.command.DbValidate     : Successfully validated 48 migrations (execution time 00:00.049s)
2025-11-04T00:54:05.353-03:00  INFO 83807 --- [mvt-events] [  restartedMain] o.f.core.internal.command.DbMigrate      : Current version of schema "public": 48
2025-11-04T00:54:05.355-03:00  INFO 83807 --- [mvt-events] [  restartedMain] o.f.core.internal.command.DbMigrate      : Schema "public" is up to date. No migration necessary.
2025-11-04T00:54:05.397-03:00  INFO 83807 --- [mvt-events] [  restartedMain] o.hibernate.jpa.internal.util.LogHelper  : HHH000204: Processing PersistenceUnitInfo [name: default]
2025-11-04T00:54:05.400-03:00  INFO 83807 --- [mvt-events] [  restartedMain] o.h.c.internal.RegionFactoryInitiator    : HHH000026: Second-level cache disabled
2025-11-04T00:54:05.408-03:00  INFO 83807 --- [mvt-events] [  restartedMain] o.s.o.j.p.SpringPersistenceUnitInfo      : No LoadTimeWeaver setup: ignoring JPA class transformer
2025-11-04T00:54:05.409-03:00  INFO 83807 --- [mvt-events] [  restartedMain] com.zaxxer.hikari.HikariDataSource       : HikariPool-5 - Starting...
2025-11-04T00:54:05.451-03:00  INFO 83807 --- [mvt-events] [  restartedMain] com.zaxxer.hikari.pool.HikariPool        : HikariPool-5 - Added connection org.postgresql.jdbc.PgConnection@73cac0a9
2025-11-04T00:54:05.451-03:00  INFO 83807 --- [mvt-events] [  restartedMain] com.zaxxer.hikari.HikariDataSource       : HikariPool-5 - Start completed.
2025-11-04T00:54:05.466-03:00  INFO 83807 --- [mvt-events] [  restartedMain] org.hibernate.orm.connections.pooling    : HHH10001005: Database info:
	Database JDBC URL [Connecting through datasource 'HikariDataSource (HikariPool-5)']
	Database driver: undefined/unknown
	Database version: 16.10
	Autocommit mode: undefined/unknown
	Isolation level: undefined/unknown
	Minimum pool size: undefined/unknown
	Maximum pool size: undefined/unknown
2025-11-04T00:54:06.098-03:00  INFO 83807 --- [mvt-events] [  restartedMain] o.h.e.t.j.p.i.JtaPlatformInitiator       : HHH000489: No JTA platform available (set 'hibernate.transaction.jta.platform' to enable JTA platform integration)
2025-11-04T00:54:06.165-03:00  INFO 83807 --- [mvt-events] [  restartedMain] j.LocalContainerEntityManagerFactoryBean : Initialized JPA EntityManagerFactory for persistence unit 'default'
2025-11-04T00:54:06.333-03:00 DEBUG 83807 --- [mvt-events] [  restartedMain] com.mvt.mvt_events.tenant.TenantFilter   : Filter 'tenantFilter' configured for use
2025-11-04T00:54:06.412-03:00  INFO 83807 --- [mvt-events] [  restartedMain] r$InitializeUserDetailsManagerConfigurer : Global AuthenticationManager configured with UserDetailsService bean with name customUserDetailsService
2025-11-04T00:54:06.978-03:00  INFO 83807 --- [mvt-events] [  restartedMain] o.s.b.a.e.web.EndpointLinksResolver      : Exposing 3 endpoints beneath base path '/actuator'
2025-11-04T00:54:07.231-03:00  INFO 83807 --- [mvt-events] [  restartedMain] o.s.b.d.a.OptionalLiveReloadServer       : LiveReload server is running on port 35729
2025-11-04T00:54:07.252-03:00  INFO 83807 --- [mvt-events] [  restartedMain] o.s.b.w.embedded.tomcat.TomcatWebServer  : Tomcat started on port 8080 (http) with context path '/'
2025-11-04T00:54:07.267-03:00  INFO 83807 --- [mvt-events] [  restartedMain] c.mvt.mvt_events.MvtEventsApplication    : Started MvtEventsApplication in 3.961 seconds (process running for 322.214)
2025-11-04T00:54:07.273-03:00  INFO 83807 --- [mvt-events] [  restartedMain] c.mvt.mvt_events.startup.CityDataLoader  : 🇧🇷 Iniciando verificação das cidades brasileiras...
2025-11-04T00:54:07.274-03:00 DEBUG 83807 --- [mvt-events] [  restartedMain] org.hibernate.SQL                        : 
    /* select
        count(*) 
    from
        City x */ select
            count(*) 
        from
            cities c1_0
Hibernate: 
    /* select
        count(*) 
    from
        City x */ select
            count(*) 
        from
            cities c1_0
2025-11-04T00:54:07.280-03:00  INFO 83807 --- [mvt-events] [  restartedMain] c.mvt.mvt_events.startup.CityDataLoader  : ✅ Cidades já carregadas no banco: 5570 registros (>= 5570). Não é necessário recarregar.
2025-11-04T00:54:07.285-03:00  INFO 83807 --- [mvt-events] [  restartedMain] .ConditionEvaluationDeltaLoggingListener : Condition evaluation unchanged
2025-11-04T00:54:43.352-03:00  INFO 83807 --- [mvt-events] [0.0-8080-exec-1] o.a.c.c.C.[Tomcat].[localhost].[/]       : Initializing Spring DispatcherServlet 'dispatcherServlet'
2025-11-04T00:54:43.352-03:00  INFO 83807 --- [mvt-events] [0.0-8080-exec-1] o.s.web.servlet.DispatcherServlet        : Initializing Servlet 'dispatcherServlet'
2025-11-04T00:54:43.354-03:00  INFO 83807 --- [mvt-events] [0.0-8080-exec-1] o.s.web.servlet.DispatcherServlet        : Completed initialization in 1 ms
2025-11-04T00:54:43.355-03:00  WARN 83807 --- [mvt-events] [0.0-8080-exec-1] c.m.m.common.JwtAuthenticationFilter     : JWT Token does not begin with Bearer String
2025-11-04T00:54:57.186-03:00  WARN 83807 --- [mvt-events] [0.0-8080-exec-3] c.m.m.common.JwtAuthenticationFilter     : JWT Token has expired or is invalid
2025-11-04T00:54:57.187-03:00  INFO 83807 --- [mvt-events] [0.0-8080-exec-3] com.mvt.mvt_events.tenant.TenantFilter   : 🔍 TenantFilter - Request: GET /api/debug/courier-trace
2025-11-04T00:54:57.187-03:00  INFO 83807 --- [mvt-events] [0.0-8080-exec-3] com.mvt.mvt_events.tenant.TenantFilter   : 🔍 TenantFilter - Authentication: null
2025-11-04T00:54:57.187-03:00  WARN 83807 --- [mvt-events] [0.0-8080-exec-3] com.mvt.mvt_events.tenant.TenantFilter   : ⚠️ TenantFilter - No authentication or not authenticated
2025-11-04T00:54:57.193-03:00  INFO 83807 --- [mvt-events] [0.0-8080-exec-3] com.mvt.mvt_events.tenant.TenantFilter   : 🔚 TenantFilter - Request completed
2025-11-04T00:55:03.583-03:00  WARN 83807 --- [mvt-events] [0.0-8080-exec-5] c.m.m.common.JwtAuthenticationFilter     : JWT Token does not begin with Bearer String
2025-11-04T00:55:03.583-03:00  INFO 83807 --- [mvt-events] [0.0-8080-exec-5] com.mvt.mvt_events.tenant.TenantFilter   : 🔍 TenantFilter - Request: GET /api/debug/events-raw
2025-11-04T00:55:03.583-03:00  INFO 83807 --- [mvt-events] [0.0-8080-exec-5] com.mvt.mvt_events.tenant.TenantFilter   : 🔍 TenantFilter - Authentication: null
2025-11-04T00:55:03.583-03:00  WARN 83807 --- [mvt-events] [0.0-8080-exec-5] com.mvt.mvt_events.tenant.TenantFilter   : ⚠️ TenantFilter - No authentication or not authenticated
2025-11-04T00:55:03.598-03:00  WARN 83807 --- [mvt-events] [0.0-8080-exec-5] .m.m.a.ExceptionHandlerExceptionResolver : Resolved [org.springframework.jdbc.BadSqlGrammarException: StatementCallback; bad SQL grammar [SELECT id, name, organization_id FROM events ORDER BY id]]
2025-11-04T00:55:03.598-03:00  INFO 83807 --- [mvt-events] [0.0-8080-exec-5] com.mvt.mvt_events.tenant.TenantFilter   : 🔚 TenantFilter - Request completed
2025-11-04T00:55:59.509-03:00  WARN 83807 --- [mvt-events] [0.0-8080-exec-6] c.m.m.common.JwtAuthenticationFilter     : JWT Token does not begin with Bearer String
2025-11-04T00:55:59.510-03:00  INFO 83807 --- [mvt-events] [0.0-8080-exec-6] com.mvt.mvt_events.tenant.TenantFilter   : 🔍 TenantFilter - Request: GET /api/debug/simple-check
2025-11-04T00:55:59.510-03:00  INFO 83807 --- [mvt-events] [0.0-8080-exec-6] com.mvt.mvt_events.tenant.TenantFilter   : 🔍 TenantFilter - Authentication: null
2025-11-04T00:55:59.510-03:00  WARN 83807 --- [mvt-events] [0.0-8080-exec-6] com.mvt.mvt_events.tenant.TenantFilter   : ⚠️ TenantFilter - No authentication or not authenticated
2025-11-04T00:55:59.515-03:00  WARN 83807 --- [mvt-events] [0.0-8080-exec-6] .m.m.a.ExceptionHandlerExceptionResolver : Resolved [org.springframework.web.servlet.resource.NoResourceFoundException: No static resource api/debug/simple-check.]
2025-11-04T00:55:59.515-03:00  INFO 83807 --- [mvt-events] [0.0-8080-exec-6] com.mvt.mvt_events.tenant.TenantFilter   : 🔚 TenantFilter - Request completed

> Task :bootRun FAILED

FAILURE: Build failed with an exception.

* What went wrong:
Execution failed for task ':bootRun'.
> Process 'command '/Users/jose.barros.br/.sdkman/candidates/java/17.0.12-amzn/bin/java'' finished with non-zero exit value 137

* Try:
> Run with --stacktrace option to get the stack trace.
> Run with --info or --debug option to get more log output.
> Run with --scan to get full insights.
> Get more help at https://help.gradle.org.

BUILD FAILED in 7m 35s
4 actionable tasks: 3 executed, 1 up-to-date
