> Task :compileJava UP-TO-DATE
> Task :processResources UP-TO-DATE
> Task :classes UP-TO-DATE
> Task :resolveMainClassName UP-TO-DATE

> Task :bootRun
Standard Commons Logging discovery in action with spring-jcl: please remove commons-logging.jar from classpath in order to avoid potential conflicts
Standard Commons Logging discovery in action with spring-jcl: please remove commons-logging.jar from classpath in order to avoid potential conflicts

  .   ____          _            __ _ _
 /\\ / ___'_ __ _ _(_)_ __  __ _ \ \ \ \
( ( )\___ | '_ | '_| | '_ \/ _` | \ \ \ \
 \\/  ___)| |_)| | | | | || (_| |  ) ) ) )
  '  |____| .__|_| |_|_| |_\__, | / / / /
 =========|_|==============|___/=/_/_/_/

 :: Spring Boot ::                (v3.5.6)

2026-01-05T23:42:23.826-03:00  INFO 50607 --- [mvt-events] [  restartedMain] c.mvt.mvt_events.MvtEventsApplication    : Starting MvtEventsApplication using Java 17.0.17 with PID 50607 (/Users/fabio2barros/Documents/projects/mvt-events/build/classes/java/main started by fabio2barros in /Users/fabio2barros/Documents/projects/mvt-events)
2026-01-05T23:42:23.828-03:00  INFO 50607 --- [mvt-events] [  restartedMain] c.mvt.mvt_events.MvtEventsApplication    : No active profile set, falling back to 1 default profile: "default"
2026-01-05T23:42:23.845-03:00  INFO 50607 --- [mvt-events] [  restartedMain] .e.DevToolsPropertyDefaultsPostProcessor : Devtools property defaults active! Set 'spring.devtools.add-properties' to 'false' to disable
2026-01-05T23:42:23.845-03:00  INFO 50607 --- [mvt-events] [  restartedMain] .e.DevToolsPropertyDefaultsPostProcessor : For additional web related logging consider setting the 'logging.level.web' property to 'DEBUG'
2026-01-05T23:42:24.492-03:00  INFO 50607 --- [mvt-events] [  restartedMain] .s.d.r.c.RepositoryConfigurationDelegate : Bootstrapping Spring Data JPA repositories in DEFAULT mode.
2026-01-05T23:42:24.543-03:00  INFO 50607 --- [mvt-events] [  restartedMain] .s.d.r.c.RepositoryConfigurationDelegate : Finished Spring Data repository scanning in 46 ms. Found 15 JPA repository interfaces.
2026-01-05T23:42:24.985-03:00  INFO 50607 --- [mvt-events] [  restartedMain] o.s.b.w.embedded.tomcat.TomcatWebServer  : Tomcat initialized with port 8080 (http)
2026-01-05T23:42:24.994-03:00  INFO 50607 --- [mvt-events] [  restartedMain] o.apache.catalina.core.StandardService   : Starting service [Tomcat]
2026-01-05T23:42:24.994-03:00  INFO 50607 --- [mvt-events] [  restartedMain] o.apache.catalina.core.StandardEngine    : Starting Servlet engine: [Apache Tomcat/10.1.46]
2026-01-05T23:42:25.017-03:00  INFO 50607 --- [mvt-events] [  restartedMain] o.a.c.c.C.[Tomcat].[localhost].[/]       : Initializing Spring embedded WebApplicationContext
2026-01-05T23:42:25.018-03:00  INFO 50607 --- [mvt-events] [  restartedMain] w.s.c.ServletWebServerApplicationContext : Root WebApplicationContext: initialization completed in 1167 ms
Standard Commons Logging discovery in action with spring-jcl: please remove commons-logging.jar from classpath in order to avoid potential conflicts
2026-01-05T23:42:25.136-03:00  INFO 50607 --- [mvt-events] [  restartedMain] com.zaxxer.hikari.HikariDataSource       : HikariPool-1 - Starting...
2026-01-05T23:42:25.269-03:00  INFO 50607 --- [mvt-events] [  restartedMain] com.zaxxer.hikari.pool.HikariPool        : HikariPool-1 - Added connection org.postgresql.jdbc.PgConnection@e47787b
2026-01-05T23:42:25.269-03:00  INFO 50607 --- [mvt-events] [  restartedMain] com.zaxxer.hikari.HikariDataSource       : HikariPool-1 - Start completed.
2026-01-05T23:42:25.282-03:00  INFO 50607 --- [mvt-events] [  restartedMain] org.flywaydb.core.FlywayExecutor         : Database: jdbc:postgresql://localhost:5435/mvt-events (PostgreSQL 16.11)
2026-01-05T23:42:25.339-03:00  INFO 50607 --- [mvt-events] [  restartedMain] o.f.core.internal.command.DbValidate     : Successfully validated 34 migrations (execution time 00:00.042s)
2026-01-05T23:42:25.369-03:00  INFO 50607 --- [mvt-events] [  restartedMain] o.f.core.internal.command.DbMigrate      : Current version of schema "public": 35
2026-01-05T23:42:25.370-03:00  INFO 50607 --- [mvt-events] [  restartedMain] o.f.core.internal.command.DbMigrate      : Schema "public" is up to date. No migration necessary.
2026-01-05T23:42:25.417-03:00  INFO 50607 --- [mvt-events] [  restartedMain] o.hibernate.jpa.internal.util.LogHelper  : HHH000204: Processing PersistenceUnitInfo [name: default]
2026-01-05T23:42:25.438-03:00  INFO 50607 --- [mvt-events] [  restartedMain] org.hibernate.Version                    : HHH000412: Hibernate ORM core version 6.6.29.Final
2026-01-05T23:42:25.450-03:00  INFO 50607 --- [mvt-events] [  restartedMain] o.h.c.internal.RegionFactoryInitiator    : HHH000026: Second-level cache disabled
2026-01-05T23:42:25.551-03:00  INFO 50607 --- [mvt-events] [  restartedMain] o.s.o.j.p.SpringPersistenceUnitInfo      : No LoadTimeWeaver setup: ignoring JPA class transformer
2026-01-05T23:42:25.589-03:00  INFO 50607 --- [mvt-events] [  restartedMain] org.hibernate.orm.connections.pooling    : HHH10001005: Database info:
	Database JDBC URL [Connecting through datasource 'HikariDataSource (HikariPool-1)']
	Database driver: undefined/unknown
	Database version: 16.11
	Autocommit mode: undefined/unknown
	Isolation level: undefined/unknown
	Minimum pool size: undefined/unknown
	Maximum pool size: undefined/unknown
2026-01-05T23:42:26.158-03:00  INFO 50607 --- [mvt-events] [  restartedMain] o.h.e.t.j.p.i.JtaPlatformInitiator       : HHH000489: No JTA platform available (set 'hibernate.transaction.jta.platform' to enable JTA platform integration)
2026-01-05T23:42:26.194-03:00  INFO 50607 --- [mvt-events] [  restartedMain] j.LocalContainerEntityManagerFactoryBean : Initialized JPA EntityManagerFactory for persistence unit 'default'
2026-01-05T23:42:26.323-03:00  INFO 50607 --- [mvt-events] [  restartedMain] o.s.d.j.r.query.QueryEnhancerFactory     : Hibernate is in classpath; If applicable, HQL parser will be used.
2026-01-05T23:42:26.784-03:00 DEBUG 50607 --- [mvt-events] [  restartedMain] com.mvt.mvt_events.tenant.TenantFilter   : Filter 'tenantFilter' configured for use
2026-01-05T23:42:26.840-03:00  INFO 50607 --- [mvt-events] [  restartedMain] r$InitializeUserDetailsManagerConfigurer : Global AuthenticationManager configured with UserDetailsService bean with name customUserDetailsService
2026-01-05T23:42:27.795-03:00  INFO 50607 --- [mvt-events] [  restartedMain] c.m.m.payment.config.PagarMeConfig       : 🔐 Pagar.me Configuration Loaded:
2026-01-05T23:42:27.795-03:00  INFO 50607 --- [mvt-events] [  restartedMain] c.m.m.payment.config.PagarMeConfig       :    API Key: ***a210fc11 (SANDBOX)
2026-01-05T23:42:27.795-03:00  INFO 50607 --- [mvt-events] [  restartedMain] c.m.m.payment.config.PagarMeConfig       :    API URL: https://api.pagar.me/core/v5
2026-01-05T23:42:28.295-03:00  INFO 50607 --- [mvt-events] [  restartedMain] c.mvt.mvt_events.config.WebPushConfig    : BouncyCastle provider registrado para Web Push
2026-01-05T23:42:28.363-03:00  INFO 50607 --- [mvt-events] [  restartedMain] c.mvt.mvt_events.config.WebPushConfig    : ✅ Web Push Service configurado com VAPID keys
2026-01-05T23:42:28.363-03:00  INFO 50607 --- [mvt-events] [  restartedMain] c.mvt.mvt_events.config.WebPushConfig    : 🔑 Public Key: BN8ym6-oByG6GoAEC939...
2026-01-05T23:42:28.363-03:00  INFO 50607 --- [mvt-events] [  restartedMain] c.mvt.mvt_events.config.WebPushConfig    : 📧 Subject: mailto:admin@mvt-events.com
2026-01-05T23:42:28.608-03:00  INFO 50607 --- [mvt-events] [  restartedMain] o.s.b.a.e.web.EndpointLinksResolver      : Exposing 3 endpoints beneath base path '/actuator'
2026-01-05T23:42:28.853-03:00  INFO 50607 --- [mvt-events] [  restartedMain] o.s.b.d.a.OptionalLiveReloadServer       : LiveReload server is running on port 35729
2026-01-05T23:42:28.886-03:00  INFO 50607 --- [mvt-events] [  restartedMain] o.s.b.w.embedded.tomcat.TomcatWebServer  : Tomcat started on port 8080 (http) with context path '/'
2026-01-05T23:42:28.897-03:00  INFO 50607 --- [mvt-events] [  restartedMain] c.mvt.mvt_events.MvtEventsApplication    : Started MvtEventsApplication in 5.232 seconds (process running for 5.532)
2026-01-05T23:42:28.925-03:00  INFO 50607 --- [mvt-events] [  restartedMain] c.mvt.mvt_events.startup.CityDataLoader  : 🇧🇷 Iniciando verificação das cidades brasileiras...
2026-01-05T23:42:28.946-03:00 DEBUG 50607 --- [mvt-events] [  restartedMain] org.hibernate.SQL                        : 
    /* select
        count(*) 
    from
        City x */ select
            count(*) 
        from
            cities c1_0
Hibernate: 
    /* select
        count(*) 
    from
        City x */ select
            count(*) 
        from
            cities c1_0
2026-01-05T23:42:28.960-03:00  INFO 50607 --- [mvt-events] [  restartedMain] c.mvt.mvt_events.startup.CityDataLoader  : ✅ Cidades já carregadas no banco: 5570 registros (>= 5570). Não é necessário recarregar.
2026-01-05T23:42:36.155-03:00  INFO 50607 --- [mvt-events] [0.0-8080-exec-1] o.a.c.c.C.[Tomcat].[localhost].[/]       : Initializing Spring DispatcherServlet 'dispatcherServlet'
2026-01-05T23:42:36.156-03:00  INFO 50607 --- [mvt-events] [0.0-8080-exec-1] o.s.web.servlet.DispatcherServlet        : Initializing Servlet 'dispatcherServlet'
2026-01-05T23:42:36.161-03:00  INFO 50607 --- [mvt-events] [0.0-8080-exec-1] o.s.web.servlet.DispatcherServlet        : Completed initialization in 5 ms
2026-01-05T23:42:36.177-03:00  WARN 50607 --- [mvt-events] [0.0-8080-exec-1] c.m.m.common.JwtAuthenticationFilter     : JWT Token does not begin with Bearer String
2026-01-05T23:42:49.263-03:00  WARN 50607 --- [mvt-events] [0.0-8080-exec-2] c.m.m.common.JwtAuthenticationFilter     : JWT Token does not begin with Bearer String
2026-01-05T23:43:51.547-03:00  INFO 50607 --- [mvt-events] [   File Watcher] rtingClassPathChangeChangedEventListener : Restarting due to 351 class path changes (0 additions, 351 deletions, 0 modifications)
2026-01-05T23:43:51.580-03:00  INFO 50607 --- [mvt-events] [       Thread-5] o.s.b.w.e.tomcat.GracefulShutdown        : Commencing graceful shutdown. Waiting for active requests to complete
2026-01-05T23:43:51.594-03:00  INFO 50607 --- [mvt-events] [tomcat-shutdown] o.s.b.w.e.tomcat.GracefulShutdown        : Graceful shutdown complete
2026-01-05T23:43:51.613-03:00  INFO 50607 --- [mvt-events] [       Thread-5] j.LocalContainerEntityManagerFactoryBean : Closing JPA EntityManagerFactory for persistence unit 'default'
2026-01-05T23:43:51.629-03:00  INFO 50607 --- [mvt-events] [       Thread-5] com.zaxxer.hikari.HikariDataSource       : HikariPool-1 - Shutdown initiated...
2026-01-05T23:43:51.632-03:00  INFO 50607 --- [mvt-events] [       Thread-5] com.zaxxer.hikari.HikariDataSource       : HikariPool-1 - Shutdown completed.
Standard Commons Logging discovery in action with spring-jcl: please remove commons-logging.jar from classpath in order to avoid potential conflicts

  .   ____          _            __ _ _
 /\\ / ___'_ __ _ _(_)_ __  __ _ \ \ \ \
( ( )\___ | '_ | '_| | '_ \/ _` | \ \ \ \
 \\/  ___)| |_)| | | | | || (_| |  ) ) ) )
  '  |____| .__|_| |_|_| |_\__, | / / / /
 =========|_|==============|___/=/_/_/_/

 :: Spring Boot ::                (v3.5.6)

2026-01-05T23:43:51.865-03:00  INFO 50607 --- [mvt-events] [  restartedMain] c.mvt.mvt_events.MvtEventsApplication    : Starting MvtEventsApplication using Java 17.0.17 with PID 50607 (/Users/fabio2barros/Documents/projects/mvt-events/build/classes/java/main started by fabio2barros in /Users/fabio2barros/Documents/projects/mvt-events)
2026-01-05T23:43:51.865-03:00  INFO 50607 --- [mvt-events] [  restartedMain] c.mvt.mvt_events.MvtEventsApplication    : No active profile set, falling back to 1 default profile: "default"
2026-01-05T23:43:51.868-03:00  INFO 50607 --- [mvt-events] [  restartedMain] .s.b.d.c.l.DockerComposeLifecycleManager : Using Docker Compose file /Users/fabio2barros/Documents/projects/mvt-events/compose.yaml
2026-01-05T23:43:52.583-03:00  INFO 50607 --- [mvt-events] [  restartedMain] .s.b.d.c.l.DockerComposeLifecycleManager : There are already Docker Compose services running, skipping startup
2026-01-05T23:43:52.840-03:00  INFO 50607 --- [mvt-events] [  restartedMain] .s.d.r.c.RepositoryConfigurationDelegate : Bootstrapping Spring Data JPA repositories in DEFAULT mode.
2026-01-05T23:43:52.842-03:00  INFO 50607 --- [mvt-events] [  restartedMain] .s.d.r.c.RepositoryConfigurationDelegate : Finished Spring Data repository scanning in 1 ms. Found 0 JPA repository interfaces.
2026-01-05T23:43:52.943-03:00  INFO 50607 --- [mvt-events] [  restartedMain] o.s.b.w.embedded.tomcat.TomcatWebServer  : Tomcat initialized with port 8080 (http)
2026-01-05T23:43:52.944-03:00  INFO 50607 --- [mvt-events] [  restartedMain] o.apache.catalina.core.StandardService   : Starting service [Tomcat]
2026-01-05T23:43:52.944-03:00  INFO 50607 --- [mvt-events] [  restartedMain] o.apache.catalina.core.StandardEngine    : Starting Servlet engine: [Apache Tomcat/10.1.46]
2026-01-05T23:43:52.959-03:00  INFO 50607 --- [mvt-events] [  restartedMain] o.a.c.c.C.[Tomcat].[localhost].[/]       : Initializing Spring embedded WebApplicationContext
2026-01-05T23:43:52.959-03:00  INFO 50607 --- [mvt-events] [  restartedMain] w.s.c.ServletWebServerApplicationContext : Root WebApplicationContext: initialization completed in 358 ms
Standard Commons Logging discovery in action with spring-jcl: please remove commons-logging.jar from classpath in order to avoid potential conflicts
2026-01-05T23:43:53.081-03:00  INFO 50607 --- [mvt-events] [  restartedMain] org.flywaydb.core.FlywayExecutor         : Database: jdbc:postgresql://127.0.0.1:5435/mvt-events (PostgreSQL 16.11)
2026-01-05T23:43:53.104-03:00  INFO 50607 --- [mvt-events] [  restartedMain] o.f.core.internal.command.DbValidate     : Successfully validated 34 migrations (execution time 00:00.007s)
2026-01-05T23:43:53.131-03:00  INFO 50607 --- [mvt-events] [  restartedMain] o.f.core.internal.command.DbMigrate      : Current version of schema "public": 35
2026-01-05T23:43:53.131-03:00 ERROR 50607 --- [mvt-events] [  restartedMain] o.f.core.internal.command.DbMigrate      : Schema "public" has version 35, but no migration could be resolved in the configured locations !
2026-01-05T23:43:53.132-03:00  INFO 50607 --- [mvt-events] [  restartedMain] o.f.core.internal.command.DbMigrate      : Schema "public" is up to date. No migration necessary.
2026-01-05T23:43:53.145-03:00  INFO 50607 --- [mvt-events] [  restartedMain] com.zaxxer.hikari.HikariDataSource       : HikariPool-2 - Starting...
2026-01-05T23:43:53.168-03:00  INFO 50607 --- [mvt-events] [  restartedMain] com.zaxxer.hikari.pool.HikariPool        : HikariPool-2 - Added connection org.postgresql.jdbc.PgConnection@41899acd
2026-01-05T23:43:53.169-03:00  INFO 50607 --- [mvt-events] [  restartedMain] com.zaxxer.hikari.HikariDataSource       : HikariPool-2 - Start completed.
2026-01-05T23:43:53.171-03:00  INFO 50607 --- [mvt-events] [  restartedMain] o.hibernate.jpa.internal.util.LogHelper  : HHH000204: Processing PersistenceUnitInfo [name: default]
2026-01-05T23:43:53.173-03:00  INFO 50607 --- [mvt-events] [  restartedMain] o.h.c.internal.RegionFactoryInitiator    : HHH000026: Second-level cache disabled
2026-01-05T23:43:53.181-03:00  INFO 50607 --- [mvt-events] [  restartedMain] o.s.o.j.p.SpringPersistenceUnitInfo      : No LoadTimeWeaver setup: ignoring JPA class transformer
2026-01-05T23:43:53.187-03:00  INFO 50607 --- [mvt-events] [  restartedMain] org.hibernate.orm.connections.pooling    : HHH10001005: Database info:
	Database JDBC URL [Connecting through datasource 'HikariDataSource (HikariPool-2)']
	Database driver: undefined/unknown
	Database version: 16.11
	Autocommit mode: undefined/unknown
	Isolation level: undefined/unknown
	Minimum pool size: undefined/unknown
	Maximum pool size: undefined/unknown
2026-01-05T23:43:53.217-03:00  INFO 50607 --- [mvt-events] [  restartedMain] o.h.e.t.j.p.i.JtaPlatformInitiator       : HHH000489: No JTA platform available (set 'hibernate.transaction.jta.platform' to enable JTA platform integration)
2026-01-05T23:43:53.217-03:00  INFO 50607 --- [mvt-events] [  restartedMain] j.LocalContainerEntityManagerFactoryBean : Initialized JPA EntityManagerFactory for persistence unit 'default'
2026-01-05T23:43:53.249-03:00  WARN 50607 --- [mvt-events] [  restartedMain] JpaBaseConfiguration$JpaWebConfiguration : spring.jpa.open-in-view is enabled by default. Therefore, database queries may be performed during view rendering. Explicitly configure spring.jpa.open-in-view to disable this warning
2026-01-05T23:43:53.392-03:00  WARN 50607 --- [mvt-events] [  restartedMain] .s.s.UserDetailsServiceAutoConfiguration : 

Using generated security password: 8a31ac8f-7f8e-4541-ae32-03947eea9ceb

This generated password is for development use only. Your security configuration must be updated before running your application in production.

2026-01-05T23:43:53.393-03:00  INFO 50607 --- [mvt-events] [  restartedMain] r$InitializeUserDetailsManagerConfigurer : Global AuthenticationManager configured with UserDetailsService bean with name inMemoryUserDetailsManager
2026-01-05T23:43:53.422-03:00  INFO 50607 --- [mvt-events] [  restartedMain] o.s.b.a.e.web.EndpointLinksResolver      : Exposing 1 endpoint beneath base path '/actuator'
2026-01-05T23:43:53.466-03:00  INFO 50607 --- [mvt-events] [  restartedMain] o.s.b.d.a.OptionalLiveReloadServer       : LiveReload server is running on port 35729
2026-01-05T23:43:53.475-03:00  INFO 50607 --- [mvt-events] [  restartedMain] o.s.b.w.embedded.tomcat.TomcatWebServer  : Tomcat started on port 8080 (http) with context path '/'
2026-01-05T23:43:53.483-03:00  INFO 50607 --- [mvt-events] [  restartedMain] c.mvt.mvt_events.MvtEventsApplication    : Started MvtEventsApplication in 1.628 seconds (process running for 90.118)
2026-01-05T23:43:55.303-03:00  INFO 50607 --- [mvt-events] [   File Watcher] rtingClassPathChangeChangedEventListener : Restarting due to 351 class path changes (351 additions, 0 deletions, 0 modifications)
2026-01-05T23:43:55.312-03:00  INFO 50607 --- [mvt-events] [       Thread-7] o.s.b.w.e.tomcat.GracefulShutdown        : Commencing graceful shutdown. Waiting for active requests to complete
2026-01-05T23:43:55.317-03:00  INFO 50607 --- [mvt-events] [tomcat-shutdown] o.s.b.w.e.tomcat.GracefulShutdown        : Graceful shutdown complete
2026-01-05T23:43:55.320-03:00  INFO 50607 --- [mvt-events] [       Thread-7] j.LocalContainerEntityManagerFactoryBean : Closing JPA EntityManagerFactory for persistence unit 'default'
2026-01-05T23:43:55.322-03:00  WARN 50607 --- [mvt-events] [       Thread-7] o.s.b.f.support.DisposableBeanAdapter    : Invocation of destroy method failed on bean with name 'inMemoryDatabaseShutdownExecutor': org.springframework.boot.autoconfigure.jdbc.DataSourceProperties$DataSourceBeanCreationException: Failed to determine a suitable driver class
2026-01-05T23:43:55.323-03:00  INFO 50607 --- [mvt-events] [       Thread-7] com.zaxxer.hikari.HikariDataSource       : HikariPool-2 - Shutdown initiated...
2026-01-05T23:43:55.324-03:00  INFO 50607 --- [mvt-events] [       Thread-7] com.zaxxer.hikari.HikariDataSource       : HikariPool-2 - Shutdown completed.
Standard Commons Logging discovery in action with spring-jcl: please remove commons-logging.jar from classpath in order to avoid potential conflicts

  .   ____          _            __ _ _
 /\\ / ___'_ __ _ _(_)_ __  __ _ \ \ \ \
( ( )\___ | '_ | '_| | '_ \/ _` | \ \ \ \
 \\/  ___)| |_)| | | | | || (_| |  ) ) ) )
  '  |____| .__|_| |_|_| |_\__, | / / / /
 =========|_|==============|___/=/_/_/_/

 :: Spring Boot ::                (v3.5.6)

2026-01-05T23:43:55.486-03:00  INFO 50607 --- [mvt-events] [  restartedMain] c.mvt.mvt_events.MvtEventsApplication    : Starting MvtEventsApplication using Java 17.0.17 with PID 50607 (/Users/fabio2barros/Documents/projects/mvt-events/build/classes/java/main started by fabio2barros in /Users/fabio2barros/Documents/projects/mvt-events)
2026-01-05T23:43:55.486-03:00  INFO 50607 --- [mvt-events] [  restartedMain] c.mvt.mvt_events.MvtEventsApplication    : No active profile set, falling back to 1 default profile: "default"
2026-01-05T23:43:55.707-03:00  INFO 50607 --- [mvt-events] [  restartedMain] .s.d.r.c.RepositoryConfigurationDelegate : Bootstrapping Spring Data JPA repositories in DEFAULT mode.
2026-01-05T23:43:55.740-03:00  INFO 50607 --- [mvt-events] [  restartedMain] .s.d.r.c.RepositoryConfigurationDelegate : Finished Spring Data repository scanning in 32 ms. Found 15 JPA repository interfaces.
2026-01-05T23:43:55.853-03:00  INFO 50607 --- [mvt-events] [  restartedMain] o.s.b.w.embedded.tomcat.TomcatWebServer  : Tomcat initialized with port 8080 (http)
2026-01-05T23:43:55.853-03:00  INFO 50607 --- [mvt-events] [  restartedMain] o.apache.catalina.core.StandardService   : Starting service [Tomcat]
2026-01-05T23:43:55.854-03:00  INFO 50607 --- [mvt-events] [  restartedMain] o.apache.catalina.core.StandardEngine    : Starting Servlet engine: [Apache Tomcat/10.1.46]
2026-01-05T23:43:55.871-03:00  INFO 50607 --- [mvt-events] [  restartedMain] o.a.c.c.C.[Tomcat].[localhost].[/]       : Initializing Spring embedded WebApplicationContext
2026-01-05T23:43:55.871-03:00  INFO 50607 --- [mvt-events] [  restartedMain] w.s.c.ServletWebServerApplicationContext : Root WebApplicationContext: initialization completed in 383 ms
Standard Commons Logging discovery in action with spring-jcl: please remove commons-logging.jar from classpath in order to avoid potential conflicts
2026-01-05T23:43:55.914-03:00  INFO 50607 --- [mvt-events] [  restartedMain] com.zaxxer.hikari.HikariDataSource       : HikariPool-3 - Starting...
2026-01-05T23:43:55.945-03:00  INFO 50607 --- [mvt-events] [  restartedMain] com.zaxxer.hikari.pool.HikariPool        : HikariPool-3 - Added connection org.postgresql.jdbc.PgConnection@126c3f0a
2026-01-05T23:43:55.945-03:00  INFO 50607 --- [mvt-events] [  restartedMain] com.zaxxer.hikari.HikariDataSource       : HikariPool-3 - Start completed.
2026-01-05T23:43:55.946-03:00  INFO 50607 --- [mvt-events] [  restartedMain] org.flywaydb.core.FlywayExecutor         : Database: jdbc:postgresql://localhost:5435/mvt-events (PostgreSQL 16.11)
2026-01-05T23:43:55.965-03:00  INFO 50607 --- [mvt-events] [  restartedMain] o.f.core.internal.command.DbValidate     : Successfully validated 34 migrations (execution time 00:00.011s)
2026-01-05T23:43:55.991-03:00  INFO 50607 --- [mvt-events] [  restartedMain] o.f.core.internal.command.DbMigrate      : Current version of schema "public": 35
2026-01-05T23:43:55.992-03:00  INFO 50607 --- [mvt-events] [  restartedMain] o.f.core.internal.command.DbMigrate      : Schema "public" is up to date. No migration necessary.
2026-01-05T23:43:56.015-03:00  INFO 50607 --- [mvt-events] [  restartedMain] o.hibernate.jpa.internal.util.LogHelper  : HHH000204: Processing PersistenceUnitInfo [name: default]
2026-01-05T23:43:56.017-03:00  INFO 50607 --- [mvt-events] [  restartedMain] o.h.c.internal.RegionFactoryInitiator    : HHH000026: Second-level cache disabled
2026-01-05T23:43:56.024-03:00  INFO 50607 --- [mvt-events] [  restartedMain] o.s.o.j.p.SpringPersistenceUnitInfo      : No LoadTimeWeaver setup: ignoring JPA class transformer
2026-01-05T23:43:56.033-03:00  INFO 50607 --- [mvt-events] [  restartedMain] org.hibernate.orm.connections.pooling    : HHH10001005: Database info:
	Database JDBC URL [Connecting through datasource 'HikariDataSource (HikariPool-3)']
	Database driver: undefined/unknown
	Database version: 16.11
	Autocommit mode: undefined/unknown
	Isolation level: undefined/unknown
	Minimum pool size: undefined/unknown
	Maximum pool size: undefined/unknown
2026-01-05T23:43:56.182-03:00  INFO 50607 --- [mvt-events] [  restartedMain] o.h.e.t.j.p.i.JtaPlatformInitiator       : HHH000489: No JTA platform available (set 'hibernate.transaction.jta.platform' to enable JTA platform integration)
2026-01-05T23:43:56.207-03:00  INFO 50607 --- [mvt-events] [  restartedMain] j.LocalContainerEntityManagerFactoryBean : Initialized JPA EntityManagerFactory for persistence unit 'default'
2026-01-05T23:43:56.276-03:00 DEBUG 50607 --- [mvt-events] [  restartedMain] com.mvt.mvt_events.tenant.TenantFilter   : Filter 'tenantFilter' configured for use
2026-01-05T23:43:56.320-03:00  INFO 50607 --- [mvt-events] [  restartedMain] r$InitializeUserDetailsManagerConfigurer : Global AuthenticationManager configured with UserDetailsService bean with name customUserDetailsService
2026-01-05T23:43:56.342-03:00  INFO 50607 --- [mvt-events] [  restartedMain] c.m.m.payment.config.PagarMeConfig       : 🔐 Pagar.me Configuration Loaded:
2026-01-05T23:43:56.342-03:00  INFO 50607 --- [mvt-events] [  restartedMain] c.m.m.payment.config.PagarMeConfig       :    API Key: ***a210fc11 (SANDBOX)
2026-01-05T23:43:56.342-03:00  INFO 50607 --- [mvt-events] [  restartedMain] c.m.m.payment.config.PagarMeConfig       :    API URL: https://api.pagar.me/core/v5
2026-01-05T23:43:56.434-03:00  INFO 50607 --- [mvt-events] [  restartedMain] c.mvt.mvt_events.config.WebPushConfig    : BouncyCastle provider já estava registrado
2026-01-05T23:43:56.434-03:00  INFO 50607 --- [mvt-events] [  restartedMain] c.mvt.mvt_events.config.WebPushConfig    : ✅ Web Push Service configurado com VAPID keys
2026-01-05T23:43:56.434-03:00  INFO 50607 --- [mvt-events] [  restartedMain] c.mvt.mvt_events.config.WebPushConfig    : 🔑 Public Key: BN8ym6-oByG6GoAEC939...
2026-01-05T23:43:56.434-03:00  INFO 50607 --- [mvt-events] [  restartedMain] c.mvt.mvt_events.config.WebPushConfig    : 📧 Subject: mailto:admin@mvt-events.com
2026-01-05T23:43:56.590-03:00  INFO 50607 --- [mvt-events] [  restartedMain] o.s.b.a.e.web.EndpointLinksResolver      : Exposing 3 endpoints beneath base path '/actuator'
2026-01-05T23:43:56.716-03:00  INFO 50607 --- [mvt-events] [  restartedMain] o.s.b.d.a.OptionalLiveReloadServer       : LiveReload server is running on port 35729
2026-01-05T23:43:56.727-03:00  INFO 50607 --- [mvt-events] [  restartedMain] o.s.b.w.embedded.tomcat.TomcatWebServer  : Tomcat started on port 8080 (http) with context path '/'
2026-01-05T23:43:56.733-03:00  INFO 50607 --- [mvt-events] [  restartedMain] c.mvt.mvt_events.MvtEventsApplication    : Started MvtEventsApplication in 1.261 seconds (process running for 93.368)
2026-01-05T23:43:56.735-03:00  INFO 50607 --- [mvt-events] [  restartedMain] c.mvt.mvt_events.startup.CityDataLoader  : 🇧🇷 Iniciando verificação das cidades brasileiras...
2026-01-05T23:43:56.736-03:00 DEBUG 50607 --- [mvt-events] [  restartedMain] org.hibernate.SQL                        : 
    /* select
        count(*) 
    from
        City x */ select
            count(*) 
        from
            cities c1_0
Hibernate: 
    /* select
        count(*) 
    from
        City x */ select
            count(*) 
        from
            cities c1_0
2026-01-05T23:43:56.740-03:00  INFO 50607 --- [mvt-events] [  restartedMain] c.mvt.mvt_events.startup.CityDataLoader  : ✅ Cidades já carregadas no banco: 5570 registros (>= 5570). Não é necessário recarregar.
2026-01-05T23:43:56.742-03:00  INFO 50607 --- [mvt-events] [  restartedMain] .ConditionEvaluationDeltaLoggingListener : Condition evaluation unchanged
